Log file open, 12/15/20 21:57:09
LogInit: Display: Running engine for game: Covid_Aware_Project
LogPlatformFile: Not using cached read wrapper
LogTaskGraph: Started task graph with 5 named threads and 47 total threads with 3 sets of task threads.
LogStats: Stats thread started at 0.250983
LogD3D11RHI: Loaded GFSDK_Aftermath_Lib.x64.dll
LogICUInternationalization: ICU TimeZone Detection - Raw Offset: +0:00, Platform Override: ''
LogPluginManager: Mounting plugin Paper2D
LogPluginManager: Mounting plugin AISupport
LogPluginManager: Mounting plugin LightPropagationVolume
LogPluginManager: Mounting plugin CameraShakePreviewer
LogPluginManager: Mounting plugin ActorLayerUtilities
LogPluginManager: Mounting plugin AnimationSharing
LogPluginManager: Mounting plugin CLionSourceCodeAccess
LogPluginManager: Mounting plugin CodeLiteSourceCodeAccess
LogPluginManager: Mounting plugin GitSourceControl
LogPluginManager: Mounting plugin KDevelopSourceCodeAccess
LogPluginManager: Mounting plugin NullSourceCodeAccess
LogPluginManager: Mounting plugin PerforceSourceControl
LogPluginManager: Mounting plugin PlasticSourceControl
LogPluginManager: Mounting plugin RiderSourceCodeAccess
LogPluginManager: Mounting plugin SubversionSourceControl
LogPluginManager: Mounting plugin UObjectPlugin
LogPluginManager: Mounting plugin VisualStudioCodeSourceCodeAccess
LogPluginManager: Mounting plugin VisualStudioSourceCodeAccess
LogPluginManager: Mounting plugin XCodeSourceCodeAccess
LogPluginManager: Mounting plugin AssetManagerEditor
LogPluginManager: Mounting plugin CryptoKeys
LogPluginManager: Mounting plugin CurveEditorTools
LogPluginManager: Mounting plugin DataValidation
LogPluginManager: Mounting plugin EditorScriptingUtilities
LogPluginManager: Mounting plugin FacialAnimation
LogPluginManager: Mounting plugin GameplayTagsEditor
LogPluginManager: Mounting plugin GeometryMode
LogPluginManager: Mounting plugin MacGraphicsSwitching
LogPluginManager: Mounting plugin MaterialAnalyzer
LogPluginManager: Mounting plugin MobileLauncherProfileWizard
LogPluginManager: Mounting plugin PluginBrowser
LogPluginManager: Mounting plugin SpeedTreeImporter
LogPluginManager: Mounting plugin DatasmithContent
LogPluginManager: Mounting plugin VariantManagerContent
LogPluginManager: Mounting plugin AlembicImporter
LogPluginManager: Mounting plugin AutomationUtils
LogPluginManager: Mounting plugin BackChannel
LogPluginManager: Mounting plugin ChaosCloth
LogPluginManager: Mounting plugin ChaosClothEditor
LogPluginManager: Mounting plugin ChaosEditor
LogPluginManager: Mounting plugin ChaosNiagara
LogPluginManager: Mounting plugin ChaosSolverPlugin
LogPluginManager: Mounting plugin CharacterAI
LogPluginManager: Mounting plugin GeometryCache
LogPluginManager: Mounting plugin GeometryCollectionPlugin
LogPluginManager: Mounting plugin GeometryProcessing
LogPluginManager: Mounting plugin PlanarCut
LogPluginManager: Mounting plugin PlatformCrypto
LogPluginManager: Mounting plugin ProxyLODPlugin
LogPluginManager: Mounting plugin SkeletalReduction
LogPluginManager: Mounting plugin Niagara
LogPluginManager: Mounting plugin MagicLeap
LogPluginManager: Mounting plugin MagicLeapLightEstimation
LogPluginManager: Mounting plugin MagicLeapMedia
LogPluginManager: Mounting plugin MagicLeapPassableWorld
LogPluginManager: Mounting plugin MLSDK
LogPluginManager: Mounting plugin AndroidMedia
LogPluginManager: Mounting plugin AvfMedia
LogPluginManager: Mounting plugin ImgMedia
LogPluginManager: Mounting plugin MediaCompositing
LogPluginManager: Mounting plugin MediaPlayerEditor
LogPluginManager: Mounting plugin WebMMedia
LogPluginManager: Mounting plugin WmfMedia
LogPluginManager: Mounting plugin MeshPainting
LogPluginManager: Mounting plugin TcpMessaging
LogPluginManager: Mounting plugin UdpMessaging
LogPluginManager: Mounting plugin ActorSequence
LogPluginManager: Mounting plugin LevelSequenceEditor
LogPluginManager: Mounting plugin MatineeToLevelSequence
LogPluginManager: Mounting plugin MovieRenderPipeline
LogPluginManager: Mounting plugin TemplateSequence
LogPluginManager: Mounting plugin NetcodeUnitTest
LogPluginManager: Mounting plugin NUTUnrealEngine4
LogPluginManager: Mounting plugin OnlineSubsystemGooglePlay
LogPluginManager: Mounting plugin OnlineSubsystemIOS
LogPluginManager: Mounting plugin OnlineSubsystem
LogPluginManager: Mounting plugin OnlineSubsystemNull
LogPluginManager: Mounting plugin OnlineSubsystemUtils
LogPluginManager: Mounting plugin LauncherChunkInstaller
LogPluginManager: Mounting plugin AndroidDeviceProfileSelector
LogPluginManager: Mounting plugin AndroidMoviePlayer
LogPluginManager: Mounting plugin AndroidPermission
LogPluginManager: Mounting plugin AppleImageUtils
LogPluginManager: Mounting plugin AppleMoviePlayer
LogPluginManager: Mounting plugin ArchVisCharacter
LogPluginManager: Mounting plugin AssetTags
LogPluginManager: Mounting plugin AudioCapture
LogPluginManager: Mounting plugin CableComponent
LogPluginManager: Mounting plugin CustomMeshComponent
LogPluginManager: Mounting plugin EditableMesh
LogPluginManager: Mounting plugin ExampleDeviceProfileSelector
LogPluginManager: Mounting plugin GoogleCloudMessaging
LogPluginManager: Mounting plugin GooglePAD
LogPluginManager: Mounting plugin IOSDeviceProfileSelector
LogPluginManager: Mounting plugin LinuxDeviceProfileSelector
LogPluginManager: Mounting plugin LocationServicesBPLibrary
LogPluginManager: Mounting plugin MobilePatchingUtils
LogPluginManager: Mounting plugin OculusVR
LogPluginManager: Mounting plugin PhysXVehicles
LogPluginManager: Mounting plugin PostSplashScreen
LogPluginManager: Mounting plugin ProceduralMeshComponent
LogPluginManager: Mounting plugin RuntimePhysXCooking
LogPluginManager: Mounting plugin SignificanceManager
LogPluginManager: Mounting plugin SoundFields
LogPluginManager: Mounting plugin SteamVR
LogPluginManager: Mounting plugin Synthesis
LogPluginManager: Mounting plugin WebMMoviePlayer
LogPluginManager: Mounting plugin WindowsMoviePlayer
LogPluginManager: Mounting plugin ScreenshotTools
LogInit: Using libcurl 7.55.1-DEV
LogInit:  - built for x86_64-pc-win32
LogInit:  - supports SSL with OpenSSL/1.1.1
LogInit:  - supports HTTP deflate (compression) using libz 1.2.8
LogInit:  - other features:
LogInit:      CURL_VERSION_SSL
LogInit:      CURL_VERSION_LIBZ
LogInit:      CURL_VERSION_IPV6
LogInit:      CURL_VERSION_ASYNCHDNS
LogInit:      CURL_VERSION_LARGEFILE
LogInit:      CURL_VERSION_IDN
LogInit:  CurlRequestOptions (configurable via config and command line):
LogInit:  - bVerifyPeer = true  - Libcurl will verify peer certificate
LogInit:  - bUseHttpProxy = false  - Libcurl will NOT use HTTP proxy
LogInit:  - bDontReuseConnections = false  - Libcurl will reuse connections
LogInit:  - MaxHostConnections = 16  - Libcurl will limit the number of connections to a host
LogInit:  - LocalHostAddr = Default
LogInit:  - BufferSize = 65536
LogOnline: OSS: Creating online subsystem instance for: NULL
LogInit: WinSock: version 1.1 (2.2), MaxSocks=32767, MaxUdp=65467
LogOnline: OSS: TryLoadSubsystemAndSetDefault: Loaded subsystem for module [NULL]
LogInit: Build: ++UE4+Release-4.25-CL-14469661
LogInit: Engine Version: 4.25.4-14469661+++UE4+Release-4.25
LogInit: Compatible Engine Version: 4.25.0-13144385+++UE4+Release-4.25
LogInit: Net CL: 13144385
LogInit: OS: Windows 10 (Release 1909) (), CPU: AMD Ryzen 7 3700X 8-Core Processor             , GPU: NVIDIA GeForce GTX 1660 Ti
LogInit: Compiled (64-bit): Oct 11 2020 08:10:49
LogInit: Compiled with Visual C++: 19.24.28315.00
LogInit: Build Configuration: Development
LogInit: Branch Name: ++UE4+Release-4.25
LogInit: Command Line:  -EpicPortal -epicusername=Swiftyyy -epicuserid=449c6157b0c34fa49c6f461be790bb24 -epiclocale=en
LogInit: Base Directory: D:/UE_4.25/Engine/Binaries/Win64/
LogInit: Allocator: TBB
LogInit: Installed Engine Build: 1
LogDevObjectVersion: Number of dev versions registered: 26
LogDevObjectVersion:   Dev-Blueprints (B0D832E4-1F89-4F0D-ACCF-7EB736FD4AA2): 10
LogDevObjectVersion:   Dev-Build (E1C64328-A22C-4D53-A36C-8E866417BD8C): 0
LogDevObjectVersion:   Dev-Core (375EC13C-06E4-48FB-B500-84F0262A717E): 4
LogDevObjectVersion:   Dev-Editor (E4B068ED-F494-42E9-A231-DA0B2E46BB41): 38
LogDevObjectVersion:   Dev-Framework (CFFC743F-43B0-4480-9391-14DF171D2073): 37
LogDevObjectVersion:   Dev-Mobile (B02B49B5-BB20-44E9-A304-32B752E40360): 2
LogDevObjectVersion:   Dev-Networking (A4E4105C-59A1-49B5-A7C5-40C4547EDFEE): 0
LogDevObjectVersion:   Dev-Online (39C831C9-5AE6-47DC-9A44-9C173E1C8E7C): 0
LogDevObjectVersion:   Dev-Physics (78F01B33-EBEA-4F98-B9B4-84EACCB95AA2): 4
LogDevObjectVersion:   Dev-Platform (6631380F-2D4D-43E0-8009-CF276956A95A): 0
LogDevObjectVersion:   Dev-Rendering (12F88B9F-8875-4AFC-A67C-D90C383ABD29): 43
LogDevObjectVersion:   Dev-Sequencer (7B5AE74C-D270-4C10-A958-57980B212A5A): 12
LogDevObjectVersion:   Dev-VR (D7296918-1DD6-4BDD-9DE2-64A83CC13884): 3
LogDevObjectVersion:   Dev-LoadTimes (C2A15278-BFE7-4AFE-6C17-90FF531DF755): 1
LogDevObjectVersion:   Private-Geometry (6EACA3D4-40EC-4CC1-B786-8BED09428FC5): 3
LogDevObjectVersion:   Dev-AnimPhys (29E575DD-E0A3-4627-9D10-D276232CDCEA): 17
LogDevObjectVersion:   Dev-Anim (AF43A65D-7FD3-4947-9873-3E8ED9C1BB05): 7
LogDevObjectVersion:   Dev-ReflectionCapture (6B266CEC-1EC7-4B8F-A30B-E4D90942FC07): 1
LogDevObjectVersion:   Dev-Automation (0DF73D61-A23F-47EA-B727-89E90C41499A): 1
LogDevObjectVersion:   FortniteMain (601D1886-AC64-4F84-AA16-D3DE0DEAC7D6): 31
LogDevObjectVersion:   Dev-Enterprise (9DFFBCD6-494F-0158-E221-12823C92A888): 10
LogDevObjectVersion:   Dev-Niagara (F2AED0AC-9AFE-416F-8664-AA7FFA26D6FC): 1
LogDevObjectVersion:   Dev-Destruction (174F1F0B-B4C6-45A5-B13F-2EE8D0FB917D): 10
LogDevObjectVersion:   Dev-Physics-Ext (35F94A83-E258-406C-A318-09F59610247C): 37
LogDevObjectVersion:   Dev-PhysicsMaterial-Chaos (B68FC16E-8B1B-42E2-B453-215C058844FE): 1
LogDevObjectVersion:   Dev-CineCamera (B2E18506-4273-CFC2-A54E-F4BB758BBA07): 1
LogInit: Presizing for max 25165824 objects, including 0 objects not considered by GC, pre-allocating 0 bytes for permanent pool.
LogConfig: Applying CVar settings from Section [/Script/Engine.StreamingSettings] File [C:/Users/Sam Swift/Documents/GitHub/Everyware/Covid_Aware_Project/Saved/Config/Windows/Engine.ini]
LogConfig: Setting CVar [[s.MinBulkDataSizeForAsyncLoading:131072]]
LogConfig: Setting CVar [[s.AsyncLoadingThreadEnabled:0]]
LogConfig: Setting CVar [[s.EventDrivenLoaderEnabled:1]]
LogConfig: Setting CVar [[s.WarnIfTimeLimitExceeded:0]]
LogConfig: Setting CVar [[s.TimeLimitExceededMultiplier:1.5]]
LogConfig: Setting CVar [[s.TimeLimitExceededMinTime:0.005]]
LogConfig: Setting CVar [[s.UseBackgroundLevelStreaming:1]]
LogConfig: Setting CVar [[s.PriorityAsyncLoadingExtraTime:15.0]]
LogConfig: Setting CVar [[s.LevelStreamingActorsUpdateTimeLimit:5.0]]
LogConfig: Setting CVar [[s.PriorityLevelStreamingActorsUpdateExtraTime:5.0]]
LogConfig: Setting CVar [[s.LevelStreamingComponentsRegistrationGranularity:10]]
LogConfig: Setting CVar [[s.UnregisterComponentsTimeLimit:1.0]]
LogConfig: Setting CVar [[s.LevelStreamingComponentsUnregistrationGranularity:5]]
LogConfig: Setting CVar [[s.FlushStreamingOnExit:1]]
LogInit: Object subsystem initialized
LogConfig: Setting CVar [[con.DebugEarlyDefault:1]]
LogConfig: Setting CVar [[r.setres:1280x720]]
[2020.12.15-21.57.10:124][  0]LogConfig: Setting CVar [[r.VSync:0]]
[2020.12.15-21.57.10:124][  0]LogConfig: Setting CVar [[r.RHICmdBypass:0]]
[2020.12.15-21.57.10:124][  0]LogConfig: Applying CVar settings from Section [/Script/Engine.RendererSettings] File [C:/Users/Sam Swift/Documents/GitHub/Everyware/Covid_Aware_Project/Saved/Config/Windows/Engine.ini]
[2020.12.15-21.57.10:124][  0]LogConfig: Setting CVar [[r.GPUCrashDebugging:0]]
[2020.12.15-21.57.10:124][  0]LogConfig: Applying CVar settings from Section [/Script/Engine.RendererOverrideSettings] File [C:/Users/Sam Swift/Documents/GitHub/Everyware/Covid_Aware_Project/Saved/Config/Windows/Engine.ini]
[2020.12.15-21.57.10:124][  0]LogConfig: Applying CVar settings from Section [/Script/Engine.StreamingSettings] File [C:/Users/Sam Swift/Documents/GitHub/Everyware/Covid_Aware_Project/Saved/Config/Windows/Engine.ini]
[2020.12.15-21.57.10:124][  0]LogConfig: Setting CVar [[s.MinBulkDataSizeForAsyncLoading:131072]]
[2020.12.15-21.57.10:124][  0]LogConfig: Setting CVar [[s.AsyncLoadingThreadEnabled:0]]
[2020.12.15-21.57.10:124][  0]LogConfig: Setting CVar [[s.EventDrivenLoaderEnabled:1]]
[2020.12.15-21.57.10:124][  0]LogConfig: Setting CVar [[s.WarnIfTimeLimitExceeded:0]]
[2020.12.15-21.57.10:124][  0]LogConfig: Setting CVar [[s.TimeLimitExceededMultiplier:1.5]]
[2020.12.15-21.57.10:124][  0]LogConfig: Setting CVar [[s.TimeLimitExceededMinTime:0.005]]
[2020.12.15-21.57.10:124][  0]LogConfig: Setting CVar [[s.UseBackgroundLevelStreaming:1]]
[2020.12.15-21.57.10:124][  0]LogConfig: Setting CVar [[s.PriorityAsyncLoadingExtraTime:15.0]]
[2020.12.15-21.57.10:124][  0]LogConfig: Setting CVar [[s.LevelStreamingActorsUpdateTimeLimit:5.0]]
[2020.12.15-21.57.10:124][  0]LogConfig: Setting CVar [[s.PriorityLevelStreamingActorsUpdateExtraTime:5.0]]
[2020.12.15-21.57.10:124][  0]LogConfig: Setting CVar [[s.LevelStreamingComponentsRegistrationGranularity:10]]
[2020.12.15-21.57.10:124][  0]LogConfig: Setting CVar [[s.UnregisterComponentsTimeLimit:1.0]]
[2020.12.15-21.57.10:124][  0]LogConfig: Setting CVar [[s.LevelStreamingComponentsUnregistrationGranularity:5]]
[2020.12.15-21.57.10:124][  0]LogConfig: Setting CVar [[s.FlushStreamingOnExit:1]]
[2020.12.15-21.57.10:124][  0]LogConfig: Applying CVar settings from Section [/Script/Engine.GarbageCollectionSettings] File [C:/Users/Sam Swift/Documents/GitHub/Everyware/Covid_Aware_Project/Saved/Config/Windows/Engine.ini]
[2020.12.15-21.57.10:124][  0]LogConfig: Setting CVar [[gc.MaxObjectsNotConsideredByGC:1]]
[2020.12.15-21.57.10:124][  0]LogConfig: Setting CVar [[gc.SizeOfPermanentObjectPool:0]]
[2020.12.15-21.57.10:124][  0]LogConfig: Setting CVar [[gc.FlushStreamingOnGC:0]]
[2020.12.15-21.57.10:124][  0]LogConfig: Setting CVar [[gc.NumRetriesBeforeForcingGC:10]]
[2020.12.15-21.57.10:124][  0]LogConfig: Setting CVar [[gc.AllowParallelGC:1]]
[2020.12.15-21.57.10:124][  0]LogConfig: Setting CVar [[gc.TimeBetweenPurgingPendingKillObjects:61.1]]
[2020.12.15-21.57.10:124][  0]LogConfig: Setting CVar [[gc.MaxObjectsInEditor:25165824]]
[2020.12.15-21.57.10:124][  0]LogConfig: Setting CVar [[gc.IncrementalBeginDestroyEnabled:1]]
[2020.12.15-21.57.10:124][  0]LogConfig: Setting CVar [[gc.CreateGCClusters:1]]
[2020.12.15-21.57.10:124][  0]LogConfig: Setting CVar [[gc.MinGCClusterSize:5]]
[2020.12.15-21.57.10:124][  0]LogConfig: Setting CVar [[gc.ActorClusteringEnabled:0]]
[2020.12.15-21.57.10:124][  0]LogConfig: Setting CVar [[gc.BlueprintClusteringEnabled:0]]
[2020.12.15-21.57.10:124][  0]LogConfig: Setting CVar [[gc.UseDisregardForGCOnDedicatedServers:0]]
[2020.12.15-21.57.10:124][  0]LogConfig: Applying CVar settings from Section [/Script/Engine.NetworkSettings] File [C:/Users/Sam Swift/Documents/GitHub/Everyware/Covid_Aware_Project/Saved/Config/Windows/Engine.ini]
[2020.12.15-21.57.10:124][  0]LogConfig: Applying CVar settings from Section [/Script/UnrealEd.CookerSettings] File [C:/Users/Sam Swift/Documents/GitHub/Everyware/Covid_Aware_Project/Saved/Config/Windows/Engine.ini]
[2020.12.15-21.57.10:127][  0]LogConfig: Applying CVar settings from Section [ViewDistanceQuality@3] File [C:/Users/Sam Swift/Documents/GitHub/Everyware/Covid_Aware_Project/Saved/Config/Windows/Scalability.ini]
[2020.12.15-21.57.10:127][  0]LogConfig: Setting CVar [[r.SkeletalMeshLODBias:0]]
[2020.12.15-21.57.10:127][  0]LogConfig: Setting CVar [[r.ViewDistanceScale:1.0]]
[2020.12.15-21.57.10:127][  0]LogConfig: Applying CVar settings from Section [AntiAliasingQuality@3] File [C:/Users/Sam Swift/Documents/GitHub/Everyware/Covid_Aware_Project/Saved/Config/Windows/Scalability.ini]
[2020.12.15-21.57.10:127][  0]LogConfig: Setting CVar [[r.PostProcessAAQuality:4]]
[2020.12.15-21.57.10:127][  0]LogConfig: Applying CVar settings from Section [ShadowQuality@3] File [C:/Users/Sam Swift/Documents/GitHub/Everyware/Covid_Aware_Project/Saved/Config/Windows/Scalability.ini]
[2020.12.15-21.57.10:127][  0]LogConfig: Setting CVar [[r.LightFunctionQuality:1]]
[2020.12.15-21.57.10:127][  0]LogConfig: Setting CVar [[r.ShadowQuality:5]]
[2020.12.15-21.57.10:127][  0]LogConfig: Setting CVar [[r.Shadow.CSM.MaxCascades:10]]
[2020.12.15-21.57.10:127][  0]LogConfig: Setting CVar [[r.Shadow.MaxResolution:2048]]
[2020.12.15-21.57.10:127][  0]LogConfig: Setting CVar [[r.Shadow.MaxCSMResolution:2048]]
[2020.12.15-21.57.10:127][  0]LogConfig: Setting CVar [[r.Shadow.RadiusThreshold:0.01]]
[2020.12.15-21.57.10:127][  0]LogConfig: Setting CVar [[r.Shadow.DistanceScale:1.0]]
[2020.12.15-21.57.10:127][  0]LogConfig: Setting CVar [[r.Shadow.CSM.TransitionScale:1.0]]
[2020.12.15-21.57.10:127][  0]LogConfig: Setting CVar [[r.Shadow.PreShadowResolutionFactor:1.0]]
[2020.12.15-21.57.10:127][  0]LogConfig: Setting CVar [[r.DistanceFieldShadowing:1]]
[2020.12.15-21.57.10:127][  0]LogConfig: Setting CVar [[r.DistanceFieldAO:1]]
[2020.12.15-21.57.10:128][  0]LogConfig: Setting CVar [[r.AOQuality:2]]
[2020.12.15-21.57.10:128][  0]LogConfig: Setting CVar [[r.VolumetricFog:1]]
[2020.12.15-21.57.10:128][  0]LogConfig: Setting CVar [[r.VolumetricFog.GridPixelSize:8]]
[2020.12.15-21.57.10:128][  0]LogConfig: Setting CVar [[r.VolumetricFog.GridSizeZ:128]]
[2020.12.15-21.57.10:128][  0]LogConfig: Setting CVar [[r.VolumetricFog.HistoryMissSupersampleCount:4]]
[2020.12.15-21.57.10:128][  0]LogConfig: Setting CVar [[r.LightMaxDrawDistanceScale:1]]
[2020.12.15-21.57.10:128][  0]LogConfig: Setting CVar [[r.CapsuleShadows:1]]
[2020.12.15-21.57.10:128][  0]LogConfig: Applying CVar settings from Section [PostProcessQuality@3] File [C:/Users/Sam Swift/Documents/GitHub/Everyware/Covid_Aware_Project/Saved/Config/Windows/Scalability.ini]
[2020.12.15-21.57.10:128][  0]LogConfig: Setting CVar [[r.MotionBlurQuality:4]]
[2020.12.15-21.57.10:128][  0]LogConfig: Setting CVar [[r.AmbientOcclusionMipLevelFactor:0.4]]
[2020.12.15-21.57.10:128][  0]LogConfig: Setting CVar [[r.AmbientOcclusionMaxQuality:100]]
[2020.12.15-21.57.10:128][  0]LogConfig: Setting CVar [[r.AmbientOcclusionLevels:-1]]
[2020.12.15-21.57.10:128][  0]LogConfig: Setting CVar [[r.AmbientOcclusionRadiusScale:1.0]]
[2020.12.15-21.57.10:128][  0]LogConfig: Setting CVar [[r.DepthOfFieldQuality:2]]
[2020.12.15-21.57.10:128][  0]LogConfig: Setting CVar [[r.RenderTargetPoolMin:400]]
[2020.12.15-21.57.10:128][  0]LogConfig: Setting CVar [[r.LensFlareQuality:2]]
[2020.12.15-21.57.10:128][  0]LogConfig: Setting CVar [[r.SceneColorFringeQuality:1]]
[2020.12.15-21.57.10:128][  0]LogConfig: Setting CVar [[r.EyeAdaptationQuality:2]]
[2020.12.15-21.57.10:128][  0]LogConfig: Setting CVar [[r.BloomQuality:5]]
[2020.12.15-21.57.10:128][  0]LogConfig: Setting CVar [[r.FastBlurThreshold:100]]
[2020.12.15-21.57.10:128][  0]LogConfig: Setting CVar [[r.Upscale.Quality:3]]
[2020.12.15-21.57.10:128][  0]LogConfig: Setting CVar [[r.Tonemapper.GrainQuantization:1]]
[2020.12.15-21.57.10:128][  0]LogConfig: Setting CVar [[r.LightShaftQuality:1]]
[2020.12.15-21.57.10:128][  0]LogConfig: Setting CVar [[r.Filter.SizeScale:1]]
[2020.12.15-21.57.10:128][  0]LogConfig: Setting CVar [[r.Tonemapper.Quality:5]]
[2020.12.15-21.57.10:128][  0]LogConfig: Setting CVar [[r.DOF.Gather.AccumulatorQuality:1        ; higher gathering accumulator quality]]
[2020.12.15-21.57.10:128][  0]LogConfig: Setting CVar [[r.DOF.Gather.PostfilterMethod:1          ; Median3x3 postfilering method]]
[2020.12.15-21.57.10:128][  0]LogConfig: Setting CVar [[r.DOF.Gather.EnableBokehSettings:0       ; no bokeh simulation when gathering]]
[2020.12.15-21.57.10:128][  0]LogConfig: Setting CVar [[r.DOF.Gather.RingCount:4                 ; medium number of samples when gathering]]
[2020.12.15-21.57.10:128][  0]LogConfig: Setting CVar [[r.DOF.Scatter.ForegroundCompositing:1    ; additive foreground scattering]]
[2020.12.15-21.57.10:128][  0]LogConfig: Setting CVar [[r.DOF.Scatter.BackgroundCompositing:2    ; additive background scattering]]
[2020.12.15-21.57.10:128][  0]LogConfig: Setting CVar [[r.DOF.Scatter.EnableBokehSettings:1      ; bokeh simulation when scattering]]
[2020.12.15-21.57.10:128][  0]LogConfig: Setting CVar [[r.DOF.Scatter.MaxSpriteRatio:0.1         ; only a maximum of 10% of scattered bokeh]]
[2020.12.15-21.57.10:128][  0]LogConfig: Setting CVar [[r.DOF.Recombine.Quality:1                ; cheap slight out of focus]]
[2020.12.15-21.57.10:128][  0]LogConfig: Setting CVar [[r.DOF.Recombine.EnableBokehSettings:0    ; no bokeh simulation on slight out of focus]]
[2020.12.15-21.57.10:128][  0]LogConfig: Setting CVar [[r.DOF.TemporalAAQuality:1                ; more stable temporal accumulation]]
[2020.12.15-21.57.10:128][  0]LogConfig: Setting CVar [[r.DOF.Kernel.MaxForegroundRadius:0.025]]
[2020.12.15-21.57.10:128][  0]LogConfig: Setting CVar [[r.DOF.Kernel.MaxBackgroundRadius:0.025]]
[2020.12.15-21.57.10:128][  0]LogConfig: Applying CVar settings from Section [TextureQuality@3] File [C:/Users/Sam Swift/Documents/GitHub/Everyware/Covid_Aware_Project/Saved/Config/Windows/Scalability.ini]
[2020.12.15-21.57.10:128][  0]LogConfig: Setting CVar [[r.Streaming.MipBias:0]]
[2020.12.15-21.57.10:128][  0]LogConfig: Setting CVar [[r.Streaming.AmortizeCPUToGPUCopy:0]]
[2020.12.15-21.57.10:128][  0]LogConfig: Setting CVar [[r.Streaming.MaxNumTexturesToStreamPerFrame:0]]
[2020.12.15-21.57.10:128][  0]LogConfig: Setting CVar [[r.Streaming.Boost:1]]
[2020.12.15-21.57.10:128][  0]LogConfig: Setting CVar [[r.MaxAnisotropy:8]]
[2020.12.15-21.57.10:128][  0]LogConfig: Setting CVar [[r.VT.MaxAnisotropy:8]]
[2020.12.15-21.57.10:128][  0]LogConfig: Setting CVar [[r.Streaming.LimitPoolSizeToVRAM:0]]
[2020.12.15-21.57.10:128][  0]LogConfig: Setting CVar [[r.Streaming.PoolSize:1000]]
[2020.12.15-21.57.10:128][  0]LogConfig: Setting CVar [[r.Streaming.MaxEffectiveScreenSize:0]]
[2020.12.15-21.57.10:128][  0]LogConfig: Applying CVar settings from Section [EffectsQuality@3] File [C:/Users/Sam Swift/Documents/GitHub/Everyware/Covid_Aware_Project/Saved/Config/Windows/Scalability.ini]
[2020.12.15-21.57.10:128][  0]LogConfig: Setting CVar [[r.TranslucencyLightingVolumeDim:64]]
[2020.12.15-21.57.10:128][  0]LogConfig: Setting CVar [[r.RefractionQuality:2]]
[2020.12.15-21.57.10:128][  0]LogConfig: Setting CVar [[r.SSR.Quality:3]]
[2020.12.15-21.57.10:128][  0]LogConfig: Setting CVar [[r.SSR.HalfResSceneColor:0]]
[2020.12.15-21.57.10:128][  0]LogConfig: Setting CVar [[r.SceneColorFormat:4]]
[2020.12.15-21.57.10:128][  0]LogConfig: Setting CVar [[r.DetailMode:2]]
[2020.12.15-21.57.10:128][  0]LogConfig: Setting CVar [[r.TranslucencyVolumeBlur:1]]
[2020.12.15-21.57.10:128][  0]LogConfig: Setting CVar [[r.MaterialQualityLevel:1 ; High quality]]
[2020.12.15-21.57.10:128][  0]LogConfig: Setting CVar [[r.SSS.Scale:1]]
[2020.12.15-21.57.10:128][  0]LogConfig: Setting CVar [[r.SSS.SampleSet:2]]
[2020.12.15-21.57.10:128][  0]LogConfig: Setting CVar [[r.SSS.Quality:1]]
[2020.12.15-21.57.10:128][  0]LogConfig: Setting CVar [[r.SSS.HalfRes:0]]
[2020.12.15-21.57.10:128][  0]LogConfig: Setting CVar [[r.SSGI.Quality:3]]
[2020.12.15-21.57.10:128][  0]LogConfig: Setting CVar [[r.EmitterSpawnRateScale:1.0]]
[2020.12.15-21.57.10:128][  0]LogConfig: Setting CVar [[r.ParticleLightQuality:2]]
[2020.12.15-21.57.10:128][  0]LogConfig: Setting CVar [[r.SkyAtmosphere.AerialPerspectiveLUT.FastApplyOnOpaque:1 ; Always have FastSkyLUT 1 in this case to avoid wrong sky]]
[2020.12.15-21.57.10:128][  0]LogConfig: Setting CVar [[r.SkyAtmosphere.AerialPerspectiveLUT.SampleCountPerSlice:1]]
[2020.12.15-21.57.10:128][  0]LogConfig: Setting CVar [[r.SkyAtmosphere.AerialPerspectiveLUT.DepthResolution:16.0]]
[2020.12.15-21.57.10:128][  0]LogConfig: Setting CVar [[r.SkyAtmosphere.FastSkyLUT:1]]
[2020.12.15-21.57.10:128][  0]LogConfig: Setting CVar [[r.SkyAtmosphere.FastSkyLUT.SampleCountMin:4.0]]
[2020.12.15-21.57.10:128][  0]LogConfig: Setting CVar [[r.SkyAtmosphere.FastSkyLUT.SampleCountMax:32.0]]
[2020.12.15-21.57.10:128][  0]LogConfig: Setting CVar [[r.SkyAtmosphere.SampleCountMin:4.0]]
[2020.12.15-21.57.10:128][  0]LogConfig: Setting CVar [[r.SkyAtmosphere.SampleCountMax:32.0]]
[2020.12.15-21.57.10:128][  0]LogConfig: Setting CVar [[r.SkyAtmosphere.TransmittanceLUT.UseSmallFormat:0]]
[2020.12.15-21.57.10:128][  0]LogConfig: Setting CVar [[r.SkyAtmosphere.TransmittanceLUT.SampleCount:10.0]]
[2020.12.15-21.57.10:128][  0]LogConfig: Setting CVar [[r.SkyAtmosphere.MultiScatteringLUT.SampleCount:15.0]]
[2020.12.15-21.57.10:128][  0]LogConfig: Applying CVar settings from Section [FoliageQuality@3] File [C:/Users/Sam Swift/Documents/GitHub/Everyware/Covid_Aware_Project/Saved/Config/Windows/Scalability.ini]
[2020.12.15-21.57.10:128][  0]LogConfig: Setting CVar [[foliage.DensityScale:1.0]]
[2020.12.15-21.57.10:128][  0]LogConfig: Setting CVar [[grass.DensityScale:1.0]]
[2020.12.15-21.57.10:128][  0]LogConfig: Applying CVar settings from Section [ShadingQuality@3] File [C:/Users/Sam Swift/Documents/GitHub/Everyware/Covid_Aware_Project/Saved/Config/Windows/Scalability.ini]
[2020.12.15-21.57.10:128][  0]LogConfig: Setting CVar [[r.HairStrands.SkyLighting.SampleCount:16]]
[2020.12.15-21.57.10:128][  0]LogConfig: Setting CVar [[r.HairStrands.SkyLighting.JitterIntegration:0]]
[2020.12.15-21.57.10:128][  0]LogConfig: Setting CVar [[r.HairStrands.SkyAO.SampleCount:16]]
[2020.12.15-21.57.10:128][  0]LogConfig: Setting CVar [[r.HairStrands.DeepShadow.SuperSampling:0]]
[2020.12.15-21.57.10:128][  0]LogConfig: Setting CVar [[r.HairStrands.VisibilityPPLL:0]]
[2020.12.15-21.57.10:128][  0]LogConfig: Setting CVar [[r.HairStrands.RasterizationScale:0.5]]
[2020.12.15-21.57.10:128][  0]LogConfig: Setting CVar [[r.HairStrands.VelocityRasterizationScale:1]]
[2020.12.15-21.57.10:128][  0]LogInit: Selected Device Profile: [Windows]
[2020.12.15-21.57.10:128][  0]LogInit: Applying CVar settings loaded from the selected device profile: [Windows]
[2020.12.15-21.57.10:128][  0]LogHAL: Display: Platform has ~ 16 GB [17108541440 / 17179869184 / 16], which maps to Larger [LargestMinGB=32, LargerMinGB=12, DefaultMinGB=8, SmallerMinGB=6, SmallestMinGB=0)
[2020.12.15-21.57.10:128][  0]LogInit: Going up to parent DeviceProfile []
[2020.12.15-21.57.10:129][  0]LogConfig: Applying CVar settings from Section [ViewDistanceQuality@3] File [C:/Users/Sam Swift/Documents/GitHub/Everyware/Covid_Aware_Project/Saved/Config/Windows/Scalability.ini]
[2020.12.15-21.57.10:129][  0]LogConfig: Setting CVar [[r.SkeletalMeshLODBias:0]]
[2020.12.15-21.57.10:129][  0]LogConfig: Setting CVar [[r.ViewDistanceScale:1.0]]
[2020.12.15-21.57.10:129][  0]LogConfig: Applying CVar settings from Section [AntiAliasingQuality@3] File [C:/Users/Sam Swift/Documents/GitHub/Everyware/Covid_Aware_Project/Saved/Config/Windows/Scalability.ini]
[2020.12.15-21.57.10:129][  0]LogConfig: Setting CVar [[r.PostProcessAAQuality:4]]
[2020.12.15-21.57.10:129][  0]LogConfig: Applying CVar settings from Section [ShadowQuality@3] File [C:/Users/Sam Swift/Documents/GitHub/Everyware/Covid_Aware_Project/Saved/Config/Windows/Scalability.ini]
[2020.12.15-21.57.10:129][  0]LogConfig: Setting CVar [[r.LightFunctionQuality:1]]
[2020.12.15-21.57.10:129][  0]LogConfig: Setting CVar [[r.ShadowQuality:5]]
[2020.12.15-21.57.10:129][  0]LogConfig: Setting CVar [[r.Shadow.CSM.MaxCascades:10]]
[2020.12.15-21.57.10:129][  0]LogConfig: Setting CVar [[r.Shadow.MaxResolution:2048]]
[2020.12.15-21.57.10:129][  0]LogConfig: Setting CVar [[r.Shadow.MaxCSMResolution:2048]]
[2020.12.15-21.57.10:129][  0]LogConfig: Setting CVar [[r.Shadow.RadiusThreshold:0.01]]
[2020.12.15-21.57.10:129][  0]LogConfig: Setting CVar [[r.Shadow.DistanceScale:1.0]]
[2020.12.15-21.57.10:129][  0]LogConfig: Setting CVar [[r.Shadow.CSM.TransitionScale:1.0]]
[2020.12.15-21.57.10:129][  0]LogConfig: Setting CVar [[r.Shadow.PreShadowResolutionFactor:1.0]]
[2020.12.15-21.57.10:129][  0]LogConfig: Setting CVar [[r.DistanceFieldShadowing:1]]
[2020.12.15-21.57.10:129][  0]LogConfig: Setting CVar [[r.DistanceFieldAO:1]]
[2020.12.15-21.57.10:129][  0]LogConfig: Setting CVar [[r.AOQuality:2]]
[2020.12.15-21.57.10:129][  0]LogConfig: Setting CVar [[r.VolumetricFog:1]]
[2020.12.15-21.57.10:129][  0]LogConfig: Setting CVar [[r.VolumetricFog.GridPixelSize:8]]
[2020.12.15-21.57.10:129][  0]LogConfig: Setting CVar [[r.VolumetricFog.GridSizeZ:128]]
[2020.12.15-21.57.10:129][  0]LogConfig: Setting CVar [[r.VolumetricFog.HistoryMissSupersampleCount:4]]
[2020.12.15-21.57.10:129][  0]LogConfig: Setting CVar [[r.LightMaxDrawDistanceScale:1]]
[2020.12.15-21.57.10:129][  0]LogConfig: Setting CVar [[r.CapsuleShadows:1]]
[2020.12.15-21.57.10:129][  0]LogConfig: Applying CVar settings from Section [PostProcessQuality@3] File [C:/Users/Sam Swift/Documents/GitHub/Everyware/Covid_Aware_Project/Saved/Config/Windows/Scalability.ini]
[2020.12.15-21.57.10:129][  0]LogConfig: Setting CVar [[r.MotionBlurQuality:4]]
[2020.12.15-21.57.10:129][  0]LogConfig: Setting CVar [[r.AmbientOcclusionMipLevelFactor:0.4]]
[2020.12.15-21.57.10:129][  0]LogConfig: Setting CVar [[r.AmbientOcclusionMaxQuality:100]]
[2020.12.15-21.57.10:129][  0]LogConfig: Setting CVar [[r.AmbientOcclusionLevels:-1]]
[2020.12.15-21.57.10:129][  0]LogConfig: Setting CVar [[r.AmbientOcclusionRadiusScale:1.0]]
[2020.12.15-21.57.10:129][  0]LogConfig: Setting CVar [[r.DepthOfFieldQuality:2]]
[2020.12.15-21.57.10:129][  0]LogConfig: Setting CVar [[r.RenderTargetPoolMin:400]]
[2020.12.15-21.57.10:129][  0]LogConfig: Setting CVar [[r.LensFlareQuality:2]]
[2020.12.15-21.57.10:129][  0]LogConfig: Setting CVar [[r.SceneColorFringeQuality:1]]
[2020.12.15-21.57.10:129][  0]LogConfig: Setting CVar [[r.EyeAdaptationQuality:2]]
[2020.12.15-21.57.10:129][  0]LogConfig: Setting CVar [[r.BloomQuality:5]]
[2020.12.15-21.57.10:129][  0]LogConfig: Setting CVar [[r.FastBlurThreshold:100]]
[2020.12.15-21.57.10:129][  0]LogConfig: Setting CVar [[r.Upscale.Quality:3]]
[2020.12.15-21.57.10:129][  0]LogConfig: Setting CVar [[r.Tonemapper.GrainQuantization:1]]
[2020.12.15-21.57.10:129][  0]LogConfig: Setting CVar [[r.LightShaftQuality:1]]
[2020.12.15-21.57.10:129][  0]LogConfig: Setting CVar [[r.Filter.SizeScale:1]]
[2020.12.15-21.57.10:129][  0]LogConfig: Setting CVar [[r.Tonemapper.Quality:5]]
[2020.12.15-21.57.10:129][  0]LogConfig: Setting CVar [[r.DOF.Gather.AccumulatorQuality:1        ; higher gathering accumulator quality]]
[2020.12.15-21.57.10:129][  0]LogConfig: Setting CVar [[r.DOF.Gather.PostfilterMethod:1          ; Median3x3 postfilering method]]
[2020.12.15-21.57.10:129][  0]LogConfig: Setting CVar [[r.DOF.Gather.EnableBokehSettings:0       ; no bokeh simulation when gathering]]
[2020.12.15-21.57.10:129][  0]LogConfig: Setting CVar [[r.DOF.Gather.RingCount:4                 ; medium number of samples when gathering]]
[2020.12.15-21.57.10:129][  0]LogConfig: Setting CVar [[r.DOF.Scatter.ForegroundCompositing:1    ; additive foreground scattering]]
[2020.12.15-21.57.10:129][  0]LogConfig: Setting CVar [[r.DOF.Scatter.BackgroundCompositing:2    ; additive background scattering]]
[2020.12.15-21.57.10:129][  0]LogConfig: Setting CVar [[r.DOF.Scatter.EnableBokehSettings:1      ; bokeh simulation when scattering]]
[2020.12.15-21.57.10:129][  0]LogConfig: Setting CVar [[r.DOF.Scatter.MaxSpriteRatio:0.1         ; only a maximum of 10% of scattered bokeh]]
[2020.12.15-21.57.10:129][  0]LogConfig: Setting CVar [[r.DOF.Recombine.Quality:1                ; cheap slight out of focus]]
[2020.12.15-21.57.10:129][  0]LogConfig: Setting CVar [[r.DOF.Recombine.EnableBokehSettings:0    ; no bokeh simulation on slight out of focus]]
[2020.12.15-21.57.10:129][  0]LogConfig: Setting CVar [[r.DOF.TemporalAAQuality:1                ; more stable temporal accumulation]]
[2020.12.15-21.57.10:129][  0]LogConfig: Setting CVar [[r.DOF.Kernel.MaxForegroundRadius:0.025]]
[2020.12.15-21.57.10:129][  0]LogConfig: Setting CVar [[r.DOF.Kernel.MaxBackgroundRadius:0.025]]
[2020.12.15-21.57.10:129][  0]LogConfig: Applying CVar settings from Section [TextureQuality@3] File [C:/Users/Sam Swift/Documents/GitHub/Everyware/Covid_Aware_Project/Saved/Config/Windows/Scalability.ini]
[2020.12.15-21.57.10:129][  0]LogConfig: Setting CVar [[r.Streaming.MipBias:0]]
[2020.12.15-21.57.10:129][  0]LogConfig: Setting CVar [[r.Streaming.AmortizeCPUToGPUCopy:0]]
[2020.12.15-21.57.10:129][  0]LogConfig: Setting CVar [[r.Streaming.MaxNumTexturesToStreamPerFrame:0]]
[2020.12.15-21.57.10:129][  0]LogConfig: Setting CVar [[r.Streaming.Boost:1]]
[2020.12.15-21.57.10:129][  0]LogConfig: Setting CVar [[r.MaxAnisotropy:8]]
[2020.12.15-21.57.10:129][  0]LogConfig: Setting CVar [[r.VT.MaxAnisotropy:8]]
[2020.12.15-21.57.10:129][  0]LogConfig: Setting CVar [[r.Streaming.LimitPoolSizeToVRAM:0]]
[2020.12.15-21.57.10:129][  0]LogConfig: Setting CVar [[r.Streaming.PoolSize:1000]]
[2020.12.15-21.57.10:129][  0]LogConfig: Setting CVar [[r.Streaming.MaxEffectiveScreenSize:0]]
[2020.12.15-21.57.10:129][  0]LogConfig: Applying CVar settings from Section [EffectsQuality@3] File [C:/Users/Sam Swift/Documents/GitHub/Everyware/Covid_Aware_Project/Saved/Config/Windows/Scalability.ini]
[2020.12.15-21.57.10:129][  0]LogConfig: Setting CVar [[r.TranslucencyLightingVolumeDim:64]]
[2020.12.15-21.57.10:129][  0]LogConfig: Setting CVar [[r.RefractionQuality:2]]
[2020.12.15-21.57.10:129][  0]LogConfig: Setting CVar [[r.SSR.Quality:3]]
[2020.12.15-21.57.10:129][  0]LogConfig: Setting CVar [[r.SSR.HalfResSceneColor:0]]
[2020.12.15-21.57.10:129][  0]LogConfig: Setting CVar [[r.SceneColorFormat:4]]
[2020.12.15-21.57.10:129][  0]LogConfig: Setting CVar [[r.DetailMode:2]]
[2020.12.15-21.57.10:129][  0]LogConfig: Setting CVar [[r.TranslucencyVolumeBlur:1]]
[2020.12.15-21.57.10:129][  0]LogConfig: Setting CVar [[r.MaterialQualityLevel:1 ; High quality]]
[2020.12.15-21.57.10:129][  0]LogConfig: Setting CVar [[r.SSS.Scale:1]]
[2020.12.15-21.57.10:129][  0]LogConfig: Setting CVar [[r.SSS.SampleSet:2]]
[2020.12.15-21.57.10:129][  0]LogConfig: Setting CVar [[r.SSS.Quality:1]]
[2020.12.15-21.57.10:129][  0]LogConfig: Setting CVar [[r.SSS.HalfRes:0]]
[2020.12.15-21.57.10:129][  0]LogConfig: Setting CVar [[r.SSGI.Quality:3]]
[2020.12.15-21.57.10:129][  0]LogConfig: Setting CVar [[r.EmitterSpawnRateScale:1.0]]
[2020.12.15-21.57.10:129][  0]LogConfig: Setting CVar [[r.ParticleLightQuality:2]]
[2020.12.15-21.57.10:129][  0]LogConfig: Setting CVar [[r.SkyAtmosphere.AerialPerspectiveLUT.FastApplyOnOpaque:1 ; Always have FastSkyLUT 1 in this case to avoid wrong sky]]
[2020.12.15-21.57.10:129][  0]LogConfig: Setting CVar [[r.SkyAtmosphere.AerialPerspectiveLUT.SampleCountPerSlice:1]]
[2020.12.15-21.57.10:129][  0]LogConfig: Setting CVar [[r.SkyAtmosphere.AerialPerspectiveLUT.DepthResolution:16.0]]
[2020.12.15-21.57.10:129][  0]LogConfig: Setting CVar [[r.SkyAtmosphere.FastSkyLUT:1]]
[2020.12.15-21.57.10:129][  0]LogConfig: Setting CVar [[r.SkyAtmosphere.FastSkyLUT.SampleCountMin:4.0]]
[2020.12.15-21.57.10:129][  0]LogConfig: Setting CVar [[r.SkyAtmosphere.FastSkyLUT.SampleCountMax:32.0]]
[2020.12.15-21.57.10:129][  0]LogConfig: Setting CVar [[r.SkyAtmosphere.SampleCountMin:4.0]]
[2020.12.15-21.57.10:129][  0]LogConfig: Setting CVar [[r.SkyAtmosphere.SampleCountMax:32.0]]
[2020.12.15-21.57.10:129][  0]LogConfig: Setting CVar [[r.SkyAtmosphere.TransmittanceLUT.UseSmallFormat:0]]
[2020.12.15-21.57.10:129][  0]LogConfig: Setting CVar [[r.SkyAtmosphere.TransmittanceLUT.SampleCount:10.0]]
[2020.12.15-21.57.10:129][  0]LogConfig: Setting CVar [[r.SkyAtmosphere.MultiScatteringLUT.SampleCount:15.0]]
[2020.12.15-21.57.10:129][  0]LogConfig: Applying CVar settings from Section [FoliageQuality@3] File [C:/Users/Sam Swift/Documents/GitHub/Everyware/Covid_Aware_Project/Saved/Config/Windows/Scalability.ini]
[2020.12.15-21.57.10:129][  0]LogConfig: Setting CVar [[foliage.DensityScale:1.0]]
[2020.12.15-21.57.10:129][  0]LogConfig: Setting CVar [[grass.DensityScale:1.0]]
[2020.12.15-21.57.10:129][  0]LogConfig: Applying CVar settings from Section [ShadingQuality@3] File [C:/Users/Sam Swift/Documents/GitHub/Everyware/Covid_Aware_Project/Saved/Config/Windows/Scalability.ini]
[2020.12.15-21.57.10:129][  0]LogConfig: Setting CVar [[r.HairStrands.SkyLighting.SampleCount:16]]
[2020.12.15-21.57.10:129][  0]LogConfig: Setting CVar [[r.HairStrands.SkyLighting.JitterIntegration:0]]
[2020.12.15-21.57.10:130][  0]LogConfig: Setting CVar [[r.HairStrands.SkyAO.SampleCount:16]]
[2020.12.15-21.57.10:130][  0]LogConfig: Setting CVar [[r.HairStrands.DeepShadow.SuperSampling:0]]
[2020.12.15-21.57.10:130][  0]LogConfig: Setting CVar [[r.HairStrands.VisibilityPPLL:0]]
[2020.12.15-21.57.10:130][  0]LogConfig: Setting CVar [[r.HairStrands.RasterizationScale:0.5]]
[2020.12.15-21.57.10:130][  0]LogConfig: Setting CVar [[r.HairStrands.VelocityRasterizationScale:1]]
[2020.12.15-21.57.10:130][  0]LogConfig: Applying CVar settings from Section [Startup] File [../../../Engine/Config/ConsoleVariables.ini]
[2020.12.15-21.57.10:130][  0]LogConfig: Setting CVar [[net.UseAdaptiveNetUpdateFrequency:0]]
[2020.12.15-21.57.10:130][  0]LogConfig: Setting CVar [[p.chaos.AllowCreatePhysxBodies:1]]
[2020.12.15-21.57.10:130][  0]LogConfig: Setting CVar [[fx.SkipVectorVMBackendOptimizations:1]]
[2020.12.15-21.57.10:130][  0]LogConfig: Applying CVar settings from Section [ConsoleVariables] File [C:/Users/Sam Swift/Documents/GitHub/Everyware/Covid_Aware_Project/Saved/Config/Windows/Engine.ini]
[2020.12.15-21.57.10:130][  0]LogInit: Computer: DESKTOP-P6E1P29
[2020.12.15-21.57.10:130][  0]LogInit: User: SamSwift
[2020.12.15-21.57.10:130][  0]LogInit: CPU Page size=4096, Cores=8
[2020.12.15-21.57.10:130][  0]LogInit: High frequency timer resolution =10.000000 MHz
[2020.12.15-21.57.10:130][  0]LogMemory: Memory total: Physical=15.9GB (16GB approx)
[2020.12.15-21.57.10:130][  0]LogMemory: Platform Memory Stats for Windows
[2020.12.15-21.57.10:130][  0]LogMemory: Process Physical Memory: 117.29 MB used, 117.29 MB peak
[2020.12.15-21.57.10:130][  0]LogMemory: Process Virtual Memory: 106.52 MB used, 106.52 MB peak
[2020.12.15-21.57.10:130][  0]LogMemory: Physical Memory: 8236.69 MB used,  8079.29 MB free, 16315.98 MB total
[2020.12.15-21.57.10:130][  0]LogMemory: Virtual Memory: 5193.16 MB used,  134212536.00 MB free, 134217728.00 MB total
[2020.12.15-21.57.10:134][  0]LogWindows: WindowsPlatformFeatures enabled
[2020.12.15-21.57.10:172][  0]LogInit: Physics initialised using underlying interface: PhysX
[2020.12.15-21.57.10:173][  0]LogInit: Using OS detected language (en-GB).
[2020.12.15-21.57.10:173][  0]LogInit: Using OS detected locale (en-GB).
[2020.12.15-21.57.10:174][  0]LogTextLocalizationManager: No specific localization for 'en-GB' exists, so the 'en' localization will be used.
[2020.12.15-21.57.10:329][  0]LogInit: Setting process to per monitor DPI aware
[2020.12.15-21.57.10:351][  0]LogSlate: New Slate User Created.  User Index 0, Is Virtual User: 0
[2020.12.15-21.57.10:351][  0]LogSlate: Slate User Registered.  User Index 0, Is Virtual User: 0
[2020.12.15-21.57.10:510][  0]LogHMD: Failed to initialize OpenVR with code 102
[2020.12.15-21.57.10:510][  0]LogD3D11RHI: D3D11 min allowed feature level: 11_0
[2020.12.15-21.57.10:510][  0]LogD3D11RHI: D3D11 max allowed feature level: 11_0
[2020.12.15-21.57.10:510][  0]LogD3D11RHI: D3D11 adapters:
[2020.12.15-21.57.10:572][  0]LogD3D11RHI:    0. 'NVIDIA GeForce GTX 1660 Ti' (Feature Level 11_0)
[2020.12.15-21.57.10:572][  0]LogD3D11RHI:       5991/0/8157 MB DedicatedVideo/DedicatedSystem/SharedSystem, Outputs:2, VendorId:0x10de
[2020.12.15-21.57.10:574][  0]LogD3D11RHI:    1. 'Microsoft Basic Render Driver' (Feature Level 11_0)
[2020.12.15-21.57.10:574][  0]LogD3D11RHI:       0/0/8157 MB DedicatedVideo/DedicatedSystem/SharedSystem, Outputs:0, VendorId:0x1414
[2020.12.15-21.57.10:574][  0]LogD3D11RHI: Chosen D3D11 Adapter: 0
[2020.12.15-21.57.10:582][  0]LogD3D11RHI: Creating new Direct3DDevice
[2020.12.15-21.57.10:583][  0]LogD3D11RHI:     GPU DeviceId: 0x2182 (for the marketing name, search the web for "GPU Device Id")
[2020.12.15-21.57.10:583][  0]LogWindows: EnumDisplayDevices:
[2020.12.15-21.57.10:583][  0]LogWindows:    0. 'NVIDIA GeForce GTX 1660 Ti' (P:0 D:1)
[2020.12.15-21.57.10:583][  0]LogWindows:    1. 'NVIDIA GeForce GTX 1660 Ti' (P:1 D:1)
[2020.12.15-21.57.10:583][  0]LogWindows:    2. 'NVIDIA GeForce GTX 1660 Ti' (P:0 D:0)
[2020.12.15-21.57.10:583][  0]LogWindows:    3. 'NVIDIA GeForce GTX 1660 Ti' (P:0 D:0)
[2020.12.15-21.57.10:583][  0]LogWindows: DebugString: FoundDriverCount:4 
[2020.12.15-21.57.10:583][  0]LogD3D11RHI:     Adapter Name: NVIDIA GeForce GTX 1660 Ti
[2020.12.15-21.57.10:583][  0]LogD3D11RHI:   Driver Version: 457.30 (internal:27.21.14.5730, unified:457.30)
[2020.12.15-21.57.10:583][  0]LogD3D11RHI:      Driver Date: 11-6-2020
[2020.12.15-21.57.10:583][  0]LogRHI: Texture pool is 4193 MB (70% of 5991 MB)
[2020.12.15-21.57.10:627][  0]LogD3D11RHI: RHI has support for 64 bit atomics
[2020.12.15-21.57.10:627][  0]LogD3D11RHI: Async texture creation enabled
[2020.12.15-21.57.10:627][  0]LogD3D11RHI: Array index from any shader is supported
[2020.12.15-21.57.10:629][  0]LogD3D11RHI: HDR output is supported on display 1 (NvId: 0x80061086).
[2020.12.15-21.57.10:642][  0]LogD3D11RHI: GPU Timing Frequency: 1000.000000 (Debug: 2 1)
[2020.12.15-21.57.10:954][  0]LogTargetPlatformManager: Display: Loaded TargetPlatform 'AllDesktop'
[2020.12.15-21.57.10:976][  0]LogTargetPlatformManager: Display: Loaded TargetPlatform 'Android'
[2020.12.15-21.57.10:976][  0]LogTargetPlatformManager: Display: Loaded TargetPlatform 'Android_ASTC'
[2020.12.15-21.57.10:976][  0]LogTargetPlatformManager: Display: Loaded TargetPlatform 'Android_DXT'
[2020.12.15-21.57.10:976][  0]LogTargetPlatformManager: Display: Loaded TargetPlatform 'Android_ETC2'
[2020.12.15-21.57.10:976][  0]LogTargetPlatformManager: Display: Loaded TargetPlatform 'AndroidClient'
[2020.12.15-21.57.10:976][  0]LogTargetPlatformManager: Display: Loaded TargetPlatform 'Android_ASTCClient'
[2020.12.15-21.57.10:976][  0]LogTargetPlatformManager: Display: Loaded TargetPlatform 'Android_DXTClient'
[2020.12.15-21.57.10:976][  0]LogTargetPlatformManager: Display: Loaded TargetPlatform 'Android_ETC2Client'
[2020.12.15-21.57.10:976][  0]LogTargetPlatformManager: Display: Loaded TargetPlatform 'Android_Multi'
[2020.12.15-21.57.10:976][  0]LogTargetPlatformManager: Display: Loaded TargetPlatform 'Android_MultiClient'
[2020.12.15-21.57.10:998][  0]LogTargetPlatformManager: Display: Loaded TargetPlatform 'IOSClient'
[2020.12.15-21.57.10:998][  0]LogTargetPlatformManager: Display: Loaded TargetPlatform 'IOS'
[2020.12.15-21.57.11:007][  0]LogTargetPlatformManager: Display: Loaded TargetPlatform 'Linux'
[2020.12.15-21.57.11:016][  0]LogTargetPlatformManager: Display: Loaded TargetPlatform 'LinuxNoEditor'
[2020.12.15-21.57.11:024][  0]LogTargetPlatformManager: Display: Loaded TargetPlatform 'LinuxClient'
[2020.12.15-21.57.11:032][  0]LogTargetPlatformManager: Display: Loaded TargetPlatform 'LinuxServer'
[2020.12.15-21.57.11:040][  0]LogTargetPlatformManager: Display: Loaded TargetPlatform 'LinuxAArch64NoEditor'
[2020.12.15-21.57.11:049][  0]LogTargetPlatformManager: Display: Loaded TargetPlatform 'LinuxAArch64Client'
[2020.12.15-21.57.11:058][  0]LogTargetPlatformManager: Display: Loaded TargetPlatform 'LinuxAArch64Server'
[2020.12.15-21.57.11:082][  0]LogTargetPlatformManager: Display: Loaded TargetPlatform 'Lumin'
[2020.12.15-21.57.11:082][  0]LogTargetPlatformManager: Display: Loaded TargetPlatform 'LuminClient'
[2020.12.15-21.57.11:096][  0]LogTargetPlatformManager: Display: Loaded TargetPlatform 'TVOSClient'
[2020.12.15-21.57.11:096][  0]LogTargetPlatformManager: Display: Loaded TargetPlatform 'TVOS'
[2020.12.15-21.57.11:105][  0]LogTargetPlatformManager: Display: Loaded TargetPlatform 'WindowsNoEditor'
[2020.12.15-21.57.11:114][  0]LogTargetPlatformManager: Display: Loaded TargetPlatform 'Windows'
[2020.12.15-21.57.11:122][  0]LogTargetPlatformManager: Display: Loaded TargetPlatform 'WindowsClient'
[2020.12.15-21.57.11:131][  0]LogTargetPlatformManager: Display: Loaded TargetPlatform 'WindowsServer'
[2020.12.15-21.57.11:131][  0]LogTargetPlatformManager: Display: Building Assets For Windows
[2020.12.15-21.57.11:138][  0]LogAudioDebug: Display: Lib vorbis DLL was dynamically loaded.
[2020.12.15-21.57.11:185][  0]LogShaderCompilers: Guid format shader working directory is -16 characters bigger than the processId version (C:/Users/Sam Swift/Documents/GitHub/Everyware/Covid_Aware_Project/Intermediate/Shaders/WorkingDirectory/15700/).
[2020.12.15-21.57.11:185][  0]LogShaderCompilers: Cleaned the shader compiler working directory 'C:/Users/Sam Swift/AppData/Local/Temp/UnrealShaderWorkingDir/9B8C9881448C9EDA370D35B38C5A162D/'.
[2020.12.15-21.57.11:185][  0]LogXGEController: Cannot use XGE Controller as Incredibuild is not installed on this machine.
[2020.12.15-21.57.11:185][  0]LogShaderCompilers: Cannot use XGE Shader Compiler as Incredibuild is not installed on this machine.
[2020.12.15-21.57.11:185][  0]LogShaderCompilers: Display: Using Local Shader Compiler.
[2020.12.15-21.57.11:827][  0]LogDerivedDataCache: Display: Max Cache Size: 512 MB
[2020.12.15-21.57.11:884][  0]LogDerivedDataCache: Loaded boot cache 0.06s 75MB C:/Users/Sam Swift/AppData/Local/UnrealEngine/4.25/DerivedDataCache/Boot.ddc.
[2020.12.15-21.57.11:884][  0]LogDerivedDataCache: Display: Loaded Boot cache: C:/Users/Sam Swift/AppData/Local/UnrealEngine/4.25/DerivedDataCache/Boot.ddc
[2020.12.15-21.57.11:884][  0]LogDerivedDataCache: FDerivedDataBackendGraph:  Pak pak cache file C:/Users/Sam Swift/Documents/GitHub/Everyware/Covid_Aware_Project/DerivedDataCache/DDC.ddp not found, will not use a pak cache.
[2020.12.15-21.57.11:884][  0]LogDerivedDataCache: Unable to find inner node Pak for hierarchical cache Hierarchy.
[2020.12.15-21.57.11:884][  0]LogDerivedDataCache: FDerivedDataBackendGraph:  CompressedPak pak cache file C:/Users/Sam Swift/Documents/GitHub/Everyware/Covid_Aware_Project/DerivedDataCache/Compressed.ddp not found, will not use a pak cache.
[2020.12.15-21.57.11:884][  0]LogDerivedDataCache: Unable to find inner node CompressedPak for hierarchical cache Hierarchy.
[2020.12.15-21.57.11:893][  0]LogDerivedDataCache: Display: Pak cache opened for reading ../../../Engine/DerivedDataCache/Compressed.ddp.
[2020.12.15-21.57.11:893][  0]LogDerivedDataCache: FDerivedDataBackendGraph:  EnterprisePak pak cache file ../../../Enterprise/DerivedDataCache/Compressed.ddp not found, will not use a pak cache.
[2020.12.15-21.57.11:893][  0]LogDerivedDataCache: Unable to find inner node EnterprisePak for hierarchical cache Hierarchy.
[2020.12.15-21.57.11:895][  0]LogDerivedDataCache: Using Local data cache path C:/Users/Sam Swift/AppData/Local/UnrealEngine/Common/DerivedDataCache: Writable
[2020.12.15-21.57.11:895][  0]LogDerivedDataCache: Shared data cache path not found in *engine.ini, will not use an Shared cache.
[2020.12.15-21.57.11:895][  0]LogDerivedDataCache: Unable to find inner node Shared for hierarchical cache Hierarchy.
[2020.12.15-21.57.11:936][  0]LogSlate: Using FreeType 2.10.0
[2020.12.15-21.57.11:936][  0]LogSlate: SlateFontServices - WITH_FREETYPE: 1, WITH_HARFBUZZ: 1
[2020.12.15-21.57.11:956][  0]LogAssetRegistry: FAssetRegistry took 0.0026 seconds to start up
[2020.12.15-21.57.12:155][  0]LogInit: Selected Device Profile: [Windows]
[2020.12.15-21.57.12:244][  0]LogMeshReduction: Using QuadricMeshReduction for automatic static mesh reduction
[2020.12.15-21.57.12:244][  0]LogMeshReduction: Using SimplygonMeshReduction for automatic skeletal mesh reduction
[2020.12.15-21.57.12:244][  0]LogMeshReduction: Using ProxyLODMeshReduction for automatic mesh merging
[2020.12.15-21.57.12:244][  0]LogMeshReduction: No distributed automatic mesh merging module available
[2020.12.15-21.57.12:244][  0]LogMeshMerging: No distributed automatic mesh merging module available
[2020.12.15-21.57.12:258][  0]LogNetVersion: Covid_Aware_Project 1.0.0, NetCL: 13144385, EngineNetVer: 14, GameNetVer: 0 (Checksum: 2632735844)
[2020.12.15-21.57.12:656][  0]LogAISub: UAISubsystem::UAISubsystem AISubsystem (000001519D7FDBC0), frame # 0
[2020.12.15-21.57.12:656][  0]LogAISub: UAISubsystem::UAISubsystem AIPerceptionSystem (000001519E736AC0), frame # 0
[2020.12.15-21.57.12:657][  0]LogAISub: UAISubsystem::UAISubsystem EnvQueryManager (000001519E785E00), frame # 0
[2020.12.15-21.57.12:703][  0]LogPackageLocalizationCache: Processed 19 localized package path(s) for 1 prioritized culture(s) in 0.039199 seconds
[2020.12.15-21.57.12:707][  0]LogUObjectArray: 15917 objects as part of root set at end of initial load.
[2020.12.15-21.57.12:708][  0]LogUObjectAllocator: 3965568 out of 0 bytes used by permanent object pool.
[2020.12.15-21.57.12:708][  0]LogUObjectArray: CloseDisregardForGC: 0/0 objects in disregard for GC pool
[2020.12.15-21.57.13:006][  0]LogTcpMessaging: Initializing TcpMessaging bridge
[2020.12.15-21.57.13:010][  0]LogUdpMessaging: Initializing bridge on interface 0.0.0.0:0 to multicast group 230.0.0.1:6666.
[2020.12.15-21.57.13:095][  0]SourceControl: Source control is disabled
[2020.12.15-21.57.13:095][  0]SourceControl: Source control is disabled
[2020.12.15-21.57.13:098][  0]SourceControl: Source control is disabled
[2020.12.15-21.57.13:100][  0]SourceControl: Source control is disabled
[2020.12.15-21.57.13:105][  0]SourceControl: Source control is disabled
[2020.12.15-21.57.13:116][  0]LogVSAccessor: Display: Unable to create Visual Studio setup instance: 80040154
[2020.12.15-21.57.13:116][  0]LogVSAccessor: Display: Unable to create Visual Studio setup instance: 80040154
[2020.12.15-21.57.13:308][  0]LogAndroidPermission: UAndroidPermissionCallbackProxy::GetInstance
[2020.12.15-21.57.13:324][  0]LogAudioCaptureCore: Display: No Audio Capture implementations found. Audio input will be silent.
[2020.12.15-21.57.13:324][  0]LogAudioCaptureCore: Display: No Audio Capture implementations found. Audio input will be silent.
[2020.12.15-21.57.13:366][  0]LogOcInput: OculusInput pre-init called
[2020.12.15-21.57.13:375][  0]LogWindows: Failed to load 'OVRPlugin.dll' (GetLastError=126)
[2020.12.15-21.57.13:375][  0]LogWindows: File 'OVRPlugin.dll' does not exist
[2020.12.15-21.57.13:429][  0]LogEngine: Initializing Engine...
[2020.12.15-21.57.13:509][  0]LogHMD: Failed to initialize OpenVR with code 102
[2020.12.15-21.57.13:515][  0]LogMagicLeap: Warning: VR disabled because ZI is not enabled.  To enable, in the editor, Edit -> Project Settings -> Plugins -> Magic Leap Plugin -> Enable Zero Iteration
[2020.12.15-21.57.13:516][  0]LogStats: UGameplayTagsManager::InitializeManager -  0.000 s
[2020.12.15-21.57.13:613][  0]LogInit: Initializing FReadOnlyCVARCache
[2020.12.15-21.57.13:619][  0]LogAIModule: Creating AISystem for world Untitled
[2020.12.15-21.57.13:619][  0]LogAISub: UAISubsystem::UAISubsystem EnvQueryManager (00000151A109C600), frame # 0
[2020.12.15-21.57.13:619][  0]LogAISub: UAISubsystem::UAISubsystem AIPerceptionSystem (00000151A1073380), frame # 0
[2020.12.15-21.57.13:635][  0]LogAudioMixer: Display: Audio Mixer Platform Settings:
[2020.12.15-21.57.13:635][  0]LogAudioMixer: Display: 	Sample Rate:						  48000
[2020.12.15-21.57.13:635][  0]LogAudioMixer: Display: 	Callback Buffer Frame Size Requested: 1024
[2020.12.15-21.57.13:635][  0]LogAudioMixer: Display: 	Callback Buffer Frame Size To Use:	  1024
[2020.12.15-21.57.13:635][  0]LogAudioMixer: Display: 	Number of buffers to queue:			  2
[2020.12.15-21.57.13:635][  0]LogAudioMixer: Display: 	Max Channels (voices):				  32
[2020.12.15-21.57.13:635][  0]LogAudioMixer: Display: 	Number of Async Source Workers:		  0
[2020.12.15-21.57.13:635][  0]LogAudio: Display: AudioDevice MaxSources: 32
[2020.12.15-21.57.13:635][  0]LogAudio: Display: Using built-in audio occlusion.
[2020.12.15-21.57.13:635][  0]LogAudioMixer: Display: Initializing audio mixer.
[2020.12.15-21.57.13:643][  0]LogAudioMixer: Display: 0: FrontLeft
[2020.12.15-21.57.13:643][  0]LogAudioMixer: Display: 1: FrontRight
[2020.12.15-21.57.13:667][  0]LogAudioMixer: Display: Using Audio Device Speakers (High Definition Audio Device)
[2020.12.15-21.57.13:671][  0]LogAudioMixer: Display: Initializing Sound Submixes...
[2020.12.15-21.57.13:673][  0]LogAudioMixer: Display: Creating Master Submix 'MasterSubmixDefault'
[2020.12.15-21.57.13:673][  0]LogAudioMixer: Display: Creating Master Submix 'MasterReverbSubmixDefault'
[2020.12.15-21.57.13:673][  0]LogAudioMixer: Display: Creating Master Submix 'MasterEQSubmixDefault'
[2020.12.15-21.57.13:674][  0]LogInit: FAudioDevice initialized.
[2020.12.15-21.57.13:675][  0]LogNetVersion: Set ProjectVersion to 1.0.0.0. Version Checksum will be recalculated on next use.
[2020.12.15-21.57.13:753][  0]LogDerivedDataCache: Saved boot cache 0.08s 75MB C:/Users/Sam Swift/AppData/Local/UnrealEngine/4.25/DerivedDataCache/Boot.ddc.
[2020.12.15-21.57.13:756][  0]LogInit: Texture streaming: Enabled
[2020.12.15-21.57.13:773][  0]LogEngineSessionManager: EngineSessionManager initialized
[2020.12.15-21.57.13:773][  0]LogEditorSessionSummary: Verbose: Initializing EditorSessionSummaryWriter for editor session tracking
[2020.12.15-21.57.13:780][  0]LogEditorSessionSummary: EditorSessionSummaryWriter initialized
[2020.12.15-21.57.13:856][  0]LogInit: Transaction tracking system initialized
[2020.12.15-21.57.13:875][  0]BlueprintLog: New page: Editor Load
[2020.12.15-21.57.13:938][  0]LocalizationService: Localization service is disabled
[2020.12.15-21.57.14:014][  0]LogVSAccessor: Display: Unable to create Visual Studio setup instance: 80040154
[2020.12.15-21.57.14:014][  0]LogVSAccessor: Display: Unable to create Visual Studio setup instance: 80040154
[2020.12.15-21.57.14:270][  0]LogCook: Display: Max memory allowance for cook 16384mb min free memory 0mb
[2020.12.15-21.57.14:270][  0]LogCook: Display: Mobile HDR setting 1
[2020.12.15-21.57.14:377][  0]LogFileCache: Scanning file cache for directory 'C:/Users/Sam Swift/Documents/GitHub/Everyware/Covid_Aware_Project/Content/' took 0.03s
[2020.12.15-21.57.14:512][  0]SourceControl: Source control is disabled
[2020.12.15-21.57.14:512][  0]LogUnrealEdMisc: Loading editor; pre map load, took 5.901
[2020.12.15-21.57.14:512][  0]Cmd: MAP LOAD FILE="C:/Users/Sam Swift/Documents/GitHub/Everyware/Covid_Aware_Project/Content/Levels/BetaLevel_GameplayTest.umap" TEMPLATE=0 SHOWPROGRESS=1 FEATURELEVEL=3
[2020.12.15-21.57.14:516][  0]LightingResults: New page: Lighting Build
[2020.12.15-21.57.14:517][  0]LogWorld: UWorld::CleanupWorld for Untitled, bSessionEnded=true, bCleanupResources=true
[2020.12.15-21.57.14:517][  0]LogSlate: InvalidateAllWidgets triggered.  All widgets were invalidated
[2020.12.15-21.57.14:517][  0]MapCheck: New page: Map Check
[2020.12.15-21.57.14:517][  0]LightingResults: New page: Lighting Build
[2020.12.15-21.57.14:533][  0]LogAISub: UAISubsystem::~UAISubsystem EnvQueryManager (00000151A109C600), frame # 0
[2020.12.15-21.57.14:533][  0]LogAISub: UAISubsystem::~UAISubsystem AIPerceptionSystem (00000151A1073380), frame # 0
[2020.12.15-21.57.14:534][  0]LogUObjectHash: Compacting FUObjectHashTables data took   0.65ms
[2020.12.15-21.57.16:281][  0]LogStaticMesh: Building static mesh Tall_Building_1_Cube_001...
[2020.12.15-21.57.16:751][  0]LogStaticMesh: Built static mesh [0.45s] /Game/Buildings/NonFunction/Tall_Building_1_Cube_001.Tall_Building_1_Cube_001
[2020.12.15-21.57.16:998][  0]LogMaterial: Display: Missing cached shader map for material GhostMat, compiling. 
[2020.12.15-21.57.17:449][  0]LogShaderCompilers: Display: Worker (1/13): shaders left to compile 31
[2020.12.15-21.57.17:450][  0]LogShaderCompilers: Display: Worker (2/13): shaders left to compile 28
[2020.12.15-21.57.17:450][  0]LogShaderCompilers: Display: Worker (3/13): shaders left to compile 25
[2020.12.15-21.57.17:450][  0]LogShaderCompilers: Display: Worker (4/13): shaders left to compile 22
[2020.12.15-21.57.17:450][  0]LogShaderCompilers: Display: Worker (5/13): shaders left to compile 19
[2020.12.15-21.57.17:450][  0]LogShaderCompilers: Display: Worker (6/13): shaders left to compile 16
[2020.12.15-21.57.17:450][  0]LogShaderCompilers: Display: Worker (7/13): shaders left to compile 13
[2020.12.15-21.57.17:450][  0]LogShaderCompilers: Display: Worker (8/13): shaders left to compile 10
[2020.12.15-21.57.17:450][  0]LogShaderCompilers: Display: Worker (9/13): shaders left to compile 7
[2020.12.15-21.57.17:450][  0]LogShaderCompilers: Display: Worker (10/13): shaders left to compile 4
[2020.12.15-21.57.17:450][  0]LogShaderCompilers: Display: Worker (11/13): shaders left to compile 1
[2020.12.15-21.57.17:450][  0]LogMaterial: Display: Missing cached shader map for material MarkerTXT, compiling. 
[2020.12.15-21.57.17:473][  0]LogStaticMesh: Building static mesh Placement_Marker...
[2020.12.15-21.57.17:473][  0]LogStaticMesh: Built static mesh [0.00s] /Game/Construction/Placement_Marker.Placement_Marker
[2020.12.15-21.57.17:476][  0]LogMaterial: Display: Missing cached shader map for material White, compiling. 
[2020.12.15-21.57.17:537][  0]LogAIModule: Creating AISystem for world BetaLevel_GameplayTest
[2020.12.15-21.57.17:537][  0]LogAISub: UAISubsystem::UAISubsystem EnvQueryManager (0000015191D6FE00), frame # 0
[2020.12.15-21.57.17:537][  0]LogAISub: UAISubsystem::UAISubsystem AIPerceptionSystem (000001518FDF56C0), frame # 0
[2020.12.15-21.57.18:150][  0]LogShaderCompilers: Display: Worker (12/13): shaders left to compile 39
[2020.12.15-21.57.18:151][  0]LogShaderCompilers: Display: Worker (13/13): shaders left to compile 35
[2020.12.15-21.57.18:151][  0]LogEditorServer: Finished looking for orphan Actors (0.000 secs)
[2020.12.15-21.57.18:307][  0]LogUObjectHash: Compacting FUObjectHashTables data took   1.17ms
[2020.12.15-21.57.18:307][  0]Cmd: MAP CHECKDEP NOCLEARLOG
[2020.12.15-21.57.18:308][  0]MapCheck: Map check complete: 0 Error(s), 0 Warning(s), took 0.18ms to complete.
[2020.12.15-21.57.18:308][  0]LogFileHelpers: Loading map 'BetaLevel_GameplayTest' took 3.795
[2020.12.15-21.57.18:332][  0]LogUnrealEdMisc: Total Editor Startup Time, took 9.720
[2020.12.15-21.57.21:091][  0]LogSlate: Updating window title bar state: overlay mode, drag disabled, window buttons hidden, title bar hidden
[2020.12.15-21.57.21:131][  0]LogSlate: Updating window title bar state: overlay mode, drag disabled, window buttons hidden, title bar hidden
[2020.12.15-21.57.21:139][  0]LogSlate: Updating window title bar state: overlay mode, drag disabled, window buttons hidden, title bar hidden
[2020.12.15-21.57.21:145][  0]LogSlate: Updating window title bar state: overlay mode, drag disabled, window buttons hidden, title bar hidden
[2020.12.15-21.57.21:282][  0]LogCollectionManager: Loaded 0 collections in 0.000760 seconds
[2020.12.15-21.57.22:048][  0]LogFileCache: Scanning file cache for directory 'C:/Users/Sam Swift/Documents/GitHub/Everyware/Covid_Aware_Project/Saved/Collections/' took 0.00s
[2020.12.15-21.57.22:048][  0]LogFileCache: Scanning file cache for directory 'C:/Users/Sam Swift/Documents/GitHub/Everyware/Covid_Aware_Project/Content/Developers/SamSwift/Collections/' took 0.00s
[2020.12.15-21.57.22:048][  0]LogFileCache: Scanning file cache for directory 'C:/Users/Sam Swift/Documents/GitHub/Everyware/Covid_Aware_Project/Content/Collections/' took 0.00s
[2020.12.15-21.57.22:048][  0]LogContentBrowser: Native class hierarchy populated in 0.0139 seconds. Added 3427 classes and 821 folders.
[2020.12.15-21.57.22:494][  0]LogContentBrowser: Native class hierarchy updated for 'WidgetCarousel' in 0.0003 seconds. Added 0 classes and 0 folders.
[2020.12.15-21.57.26:227][  0]LogShaderCompilers: Display: Worker (11/13): shaders left to compile 31
[2020.12.15-21.57.26:227][  0]LogShaderCompilers: Display: Worker (4/13): shaders left to compile 28
[2020.12.15-21.57.26:227][  0]LogShaderCompilers: Display: Worker (6/13): shaders left to compile 25
[2020.12.15-21.57.26:227][  0]LogShaderCompilers: Display: Worker (1/13): shaders left to compile 23
[2020.12.15-21.57.26:227][  0]LogShaderCompilers: Display: Worker (9/13): shaders left to compile 21
[2020.12.15-21.57.26:227][  0]LogShaderCompilers: Display: Worker (5/13): shaders left to compile 19
[2020.12.15-21.57.26:227][  0]LogShaderCompilers: Display: Worker (8/13): shaders left to compile 17
[2020.12.15-21.57.26:227][  0]LogShaderCompilers: Display: Worker (10/13): shaders left to compile 15
[2020.12.15-21.57.26:227][  0]LogShaderCompilers: Display: Worker (2/13): shaders left to compile 13
[2020.12.15-21.57.26:227][  0]LogShaderCompilers: Display: Worker (3/13): shaders left to compile 11
[2020.12.15-21.57.26:227][  0]LogShaderCompilers: Display: Worker (12/13): shaders left to compile 10
[2020.12.15-21.57.26:227][  0]LogShaderCompilers: Display: Worker (11/13): shaders left to compile 9
[2020.12.15-21.57.26:227][  0]LogShaderCompilers: Display: Worker (6/13): shaders left to compile 8
[2020.12.15-21.57.26:227][  0]LogShaderCompilers: Display: Worker (4/13): shaders left to compile 7
[2020.12.15-21.57.26:227][  0]LogShaderCompilers: Display: Worker (1/13): shaders left to compile 6
[2020.12.15-21.57.26:227][  0]LogShaderCompilers: Display: Worker (13/13): shaders left to compile 5
[2020.12.15-21.57.26:227][  0]LogShaderCompilers: Display: Worker (7/13): shaders left to compile 4
[2020.12.15-21.57.26:227][  0]LogShaderCompilers: Display: Worker (12/13): shaders left to compile 3
[2020.12.15-21.57.26:227][  0]LogShaderCompilers: Display: Worker (3/13): shaders left to compile 2
[2020.12.15-21.57.26:227][  0]LogShaderCompilers: Display: Worker (13/13): shaders left to compile 1
[2020.12.15-21.57.26:227][  0]LogContentBrowser: Native class hierarchy updated for 'AddContentDialog' in 0.0003 seconds. Added 0 classes and 0 folders.
[2020.12.15-21.57.26:448][  0]LogContentBrowser: Native class hierarchy updated for 'SceneOutliner' in 0.0003 seconds. Added 2 classes and 0 folders.
[2020.12.15-21.57.28:053][  0]LogSlate: Took 0.000185 seconds to synchronously load lazily loaded font '../../../Engine/Content/Slate/Fonts/Roboto-Regular.ttf' (155K)
[2020.12.15-21.57.28:091][  0]LogSlate: Took 0.000198 seconds to synchronously load lazily loaded font '../../../Engine/Content/Slate/Fonts/Roboto-Bold.ttf' (160K)
[2020.12.15-21.57.28:235][  0]LogSlate: Took 0.020982 seconds to synchronously load lazily loaded font '../../../Engine/Content/Editor/Slate/Fonts/FontAwesome.ttf' (139K)
[2020.12.15-21.57.29:880][  0]LogRenderer: Reallocating scene render targets to support 1208x572 Format 10 NumSamples 1 (Frame:1).
[2020.12.15-21.57.31:459][  0]LogContentBrowser: Native class hierarchy updated for 'HierarchicalLODOutliner' in 0.0003 seconds. Added 0 classes and 0 folders.
[2020.12.15-21.57.31:459][  0]LogLoad: (Engine Initialization) Total time: 22.85 seconds
[2020.12.15-21.57.31:459][  0]LogLoad: (Engine Initialization) Total Blueprint compile time: 0.00 seconds
[2020.12.15-21.57.31:607][  0]LogContentStreaming: Texture pool size now 1000 MB
[2020.12.15-21.57.31:925][  0]LogSlate: Took 0.021359 seconds to synchronously load lazily loaded font '../../../Engine/Content/Slate/Fonts/Roboto-Light.ttf' (167K)
[2020.12.15-21.57.32:642][  4]LogSlate: Took 0.000189 seconds to synchronously load lazily loaded font '../../../Engine/Content/Slate/Fonts/Roboto-Light.ttf' (167K)
[2020.12.15-21.57.48:310][814]LogAssetRegistry: Asset discovery search completed in 36.3553 seconds
[2020.12.15-21.57.48:313][814]LogCollectionManager: Fixed up redirectors for 0 collections in 0.000002 seconds (updated 0 objects)
[2020.12.15-21.57.50:798][100]LogTemp: Repeating last play command: Selected Viewport
[2020.12.15-21.57.50:903][100]LogPlayLevel: PlayLevel: No blueprints needed recompiling
[2020.12.15-21.57.50:978][100]PIE: New page: PIE session: BetaLevel_GameplayTest (15 Dec 2020, 21:57:50)
[2020.12.15-21.57.51:006][100]LogOnline: OSS: Creating online subsystem instance for: NULL
[2020.12.15-21.57.51:018][100]LogOnline: OSS: TryLoadSubsystemAndSetDefault: Loaded subsystem for module [NULL]
[2020.12.15-21.57.51:052][100]LogPlayLevel: Creating play world package: /Game/Levels/UEDPIE_0_BetaLevel_GameplayTest
[2020.12.15-21.57.51:106][100]LogPlayLevel: PIE: StaticDuplicateObject took: (0.054230s)
[2020.12.15-21.57.51:120][100]LogAIModule: Creating AISystem for world BetaLevel_GameplayTest
[2020.12.15-21.57.51:120][100]LogAISub: UAISubsystem::UAISubsystem EnvQueryManager (00000151C54B1200), frame # 2100
[2020.12.15-21.57.51:120][100]LogAISub: UAISubsystem::UAISubsystem AIPerceptionSystem (000001518F761580), frame # 2100
[2020.12.15-21.57.51:120][100]LogPlayLevel: PIE: World Init took: (0.014001s)
[2020.12.15-21.57.51:120][100]LogPlayLevel: PIE: Created PIE world by copying editor world from /Game/Levels/BetaLevel_GameplayTest.BetaLevel_GameplayTest to /Game/Levels/UEDPIE_0_BetaLevel_GameplayTest.BetaLevel_GameplayTest (0.068583s)
[2020.12.15-21.57.51:140][100]LogUObjectHash: Compacting FUObjectHashTables data took   0.69ms
[2020.12.15-21.57.51:168][100]LogAudioMixer: Display: Audio Mixer Platform Settings:
[2020.12.15-21.57.51:168][100]LogAudioMixer: Display: 	Sample Rate:						  48000
[2020.12.15-21.57.51:168][100]LogAudioMixer: Display: 	Callback Buffer Frame Size Requested: 1024
[2020.12.15-21.57.51:168][100]LogAudioMixer: Display: 	Callback Buffer Frame Size To Use:	  1024
[2020.12.15-21.57.51:168][100]LogAudioMixer: Display: 	Number of buffers to queue:			  2
[2020.12.15-21.57.51:168][100]LogAudioMixer: Display: 	Max Channels (voices):				  32
[2020.12.15-21.57.51:168][100]LogAudioMixer: Display: 	Number of Async Source Workers:		  0
[2020.12.15-21.57.51:168][100]LogAudio: Display: AudioDevice MaxSources: 32
[2020.12.15-21.57.51:169][100]LogAudio: Display: Using built-in audio occlusion.
[2020.12.15-21.57.51:169][100]LogAudioMixer: Display: Initializing audio mixer.
[2020.12.15-21.57.51:171][100]LogAudioMixer: Display: 0: FrontLeft
[2020.12.15-21.57.51:171][100]LogAudioMixer: Display: 1: FrontRight
[2020.12.15-21.57.51:182][100]LogAudioMixer: Display: Using Audio Device Speakers (High Definition Audio Device)
[2020.12.15-21.57.51:182][100]LogAudioMixer: Display: Initializing Sound Submixes...
[2020.12.15-21.57.51:182][100]LogAudioMixer: Display: Creating Master Submix 'MasterSubmixDefault'
[2020.12.15-21.57.51:182][100]LogAudioMixer: Display: Creating Master Submix 'MasterReverbSubmixDefault'
[2020.12.15-21.57.51:183][100]LogAudioMixer: Display: Creating Master Submix 'MasterEQSubmixDefault'
[2020.12.15-21.57.51:192][100]LogInit: FAudioDevice initialized.
[2020.12.15-21.57.51:252][100]LogLoad: Game class is 'RTSGamemode_C'
[2020.12.15-21.57.51:348][100]LogWorld: Bringing World /Game/Levels/UEDPIE_0_BetaLevel_GameplayTest.BetaLevel_GameplayTest up for play (max tick rate 0) at 2020.12.15-21.57.51
[2020.12.15-21.57.51:375][100]LogWorld: Bringing up level for play took: 0.018151
[2020.12.15-21.57.51:403][100]LogOnline: OSS: Creating online subsystem instance for: :Context_3
[2020.12.15-21.57.51:526][100]LogContentBrowser: Native class hierarchy updated for 'MovieSceneCapture' in 0.0004 seconds. Added 20 classes and 0 folders.
[2020.12.15-21.57.51:758][100]PIE: Server logged in
[2020.12.15-21.57.51:771][100]PIE: Play in editor total start time 0.948 seconds.
[2020.12.15-21.57.51:830][100]LogBlueprintUserMessages: [RTSGamestate_C_0] 1
[2020.12.15-21.57.51:830][100]LogBlueprintUserMessages: [RTSGamestate_C_0] 5
[2020.12.15-21.58.15:567][930]LogBlueprintUserMessages: [RTSGamestate_C_0] 2
[2020.12.15-21.58.15:567][930]LogBlueprintUserMessages: [RTSGamestate_C_0] 17
[2020.12.15-21.58.23:834][922]LogBlueprintUserMessages: [TestCentre_2] 4
[2020.12.15-21.58.24:959][ 57]LogBlueprintUserMessages: [TestCentre_2] 1
[2020.12.15-21.58.25:142][ 79]LogBlueprintUserMessages: [TestCentre_2] 0
[2020.12.15-21.58.25:309][ 99]LogBlueprintUserMessages: [TestCentre_2] 0
[2020.12.15-21.58.25:467][118]LogBlueprintUserMessages: [TestCentre_2] 0
[2020.12.15-21.58.28:626][497]LogBlueprintUserMessages: [TestCentre_2] 0
[2020.12.15-21.58.28:784][516]LogBlueprintUserMessages: [TestCentre_2] 0
[2020.12.15-21.58.39:566][808]LogBlueprintUserMessages: [RTSGamestate_C_0] 3
[2020.12.15-21.58.39:566][808]LogBlueprintUserMessages: [RTSGamestate_C_0] 17
[2020.12.15-21.58.56:015][776]LogSlate: Updating window title bar state: overlay mode, drag disabled, window buttons hidden, title bar hidden
[2020.12.15-21.58.56:015][776]LogWorld: BeginTearingDown for /Game/Levels/UEDPIE_0_BetaLevel_GameplayTest
[2020.12.15-21.58.56:015][776]LogWorld: UWorld::CleanupWorld for BetaLevel_GameplayTest, bSessionEnded=true, bCleanupResources=true
[2020.12.15-21.58.56:015][776]LogSlate: InvalidateAllWidgets triggered.  All widgets were invalidated
[2020.12.15-21.58.56:020][776]LogPlayLevel: Display: Shutting down PIE online subsystems
[2020.12.15-21.58.56:027][776]LogSlate: InvalidateAllWidgets triggered.  All widgets were invalidated
[2020.12.15-21.58.56:049][776]LogSlate: Updating window title bar state: overlay mode, drag disabled, window buttons hidden, title bar hidden
[2020.12.15-21.58.56:058][776]LogAISub: UAISubsystem::~UAISubsystem AIPerceptionSystem (000001518F761580), frame # 9776
[2020.12.15-21.58.56:058][776]LogAISub: UAISubsystem::~UAISubsystem EnvQueryManager (00000151C54B1200), frame # 9776
[2020.12.15-21.58.56:059][776]LogUObjectHash: Compacting FUObjectHashTables data took   0.77ms
[2020.12.15-21.58.56:108][777]LogPlayLevel: Display: Destroying online subsystem :Context_3
[2020.12.15-22.02.31:811][ 76]LogEditorViewport: Clicking on Actor (LMB): TallBuilding_C (TallBuilding2)
[2020.12.15-22.02.33:378][171]LogEditorViewport: Clicking on Actor (context menu): TallBuilding_C (TallBuilding2)
[2020.12.15-22.02.38:591][698]LogAssetEditorSubsystem: Opening Asset editor for WidgetBlueprint /Game/Buildings/BuildingActors/TallBuildingWidget.TallBuildingWidget
[2020.12.15-22.02.39:249][698]LogContentBrowser: Native class hierarchy updated for 'BlueprintGraph' in 0.0006 seconds. Added 125 classes and 0 folders.
[2020.12.15-22.02.41:828][698]LogSlate: Took 0.000239 seconds to synchronously load lazily loaded font '../../../Engine/Content/Slate/Fonts/Roboto-BoldCondensed.ttf' (158K)
[2020.12.15-22.05.00:323][215]LogEditorViewport: Clicking on Actor (LMB): TallBuilding_C (TallBuilding2)
[2020.12.15-22.05.00:917][281]LogEditorViewport: Clicking on Actor (LMB): TallBuilding_C (TallBuilding2)
[2020.12.15-22.05.01:860][383]LogEditorViewport: Clicking on Actor (context menu): TallBuilding_C (TallBuilding2)
[2020.12.15-22.05.13:051][671]LogEditorViewport: Clicking on Actor (LMB): TallBuilding_C (TallBuilding2)
[2020.12.15-22.05.13:137][679]LogEditorViewport: Clicking on Component (LMB): StaticMeshComponent (StaticMesh)
[2020.12.15-22.05.13:571][705]LogEditorViewport: Clicking on Component (LMB): StaticMeshComponent (StaticMesh)
[2020.12.15-22.05.13:646][713]LogEditorViewport: Clicking on Actor (double click): TallBuilding_C (TallBuilding2)
[2020.12.15-22.05.14:970][870]LogEditorViewport: Clicking on Actor (context menu): TallBuilding_C (TallBuilding2)
[2020.12.15-22.05.39:157][637]LogUObjectHash: Compacting FUObjectHashTables data took   3.69ms
[2020.12.15-22.05.43:660][128]LogUObjectHash: Compacting FUObjectHashTables data took   2.63ms
[2020.12.15-22.05.44:949][128]LogSlate: Window 'Delete Assets' being destroyed
[2020.12.15-22.05.45:055][128]LogUObjectHash: Compacting FUObjectHashTables data took   1.97ms
[2020.12.15-22.06.11:667][132]LogRenderer: Reallocating scene render targets to support 1208x704 Format 10 NumSamples 1 (Frame:15730).
[2020.12.15-22.06.33:544][265]LogMetaData: Removing '/Game/HUDS/TallBuildingWidget.TallBuildingWidget_C' ref from Metadata '/Game/Buildings/BuildingActors/TallBuildingWidget.PackageMetaData'
[2020.12.15-22.06.33:544][265]LogMetaData: Removing '/Game/HUDS/TallBuildingWidget.TallBuildingWidget:EventGraph.K2Node_Event_1' ref from Metadata '/Game/Buildings/BuildingActors/TallBuildingWidget.PackageMetaData'
[2020.12.15-22.06.33:545][265]LogMetaData: Removing '/Game/HUDS/TallBuildingWidget.TallBuildingWidget:GetText_0.K2Node_FunctionResult_0' ref from Metadata '/Game/Buildings/BuildingActors/TallBuildingWidget.PackageMetaData'
[2020.12.15-22.06.33:545][265]LogMetaData: Removing '/Game/HUDS/TallBuildingWidget.TallBuildingWidget:GetText_0.K2Node_FunctionEntry_0' ref from Metadata '/Game/Buildings/BuildingActors/TallBuildingWidget.PackageMetaData'
[2020.12.15-22.06.33:545][265]LogMetaData: Removing '/Game/HUDS/TallBuildingWidget.TallBuildingWidget:GetText_1.K2Node_FunctionEntry_0' ref from Metadata '/Game/Buildings/BuildingActors/TallBuildingWidget.PackageMetaData'
[2020.12.15-22.06.33:545][265]LogMetaData: Removing '/Game/HUDS/TallBuildingWidget.TallBuildingWidget:GetText_1.K2Node_FunctionResult_0' ref from Metadata '/Game/Buildings/BuildingActors/TallBuildingWidget.PackageMetaData'
[2020.12.15-22.06.33:545][265]LogMetaData: Removing '/Game/HUDS/TallBuildingWidget.SKEL_TallBuildingWidget_C:Construct' ref from Metadata '/Game/Buildings/BuildingActors/TallBuildingWidget.PackageMetaData'
[2020.12.15-22.06.33:545][265]LogMetaData: Removing '/Game/HUDS/TallBuildingWidget.SKEL_TallBuildingWidget_C' ref from Metadata '/Game/Buildings/BuildingActors/TallBuildingWidget.PackageMetaData'
[2020.12.15-22.06.33:545][265]LogMetaData: Removing '/Game/HUDS/TallBuildingWidget.TallBuildingWidget_C:Construct' ref from Metadata '/Game/Buildings/BuildingActors/TallBuildingWidget.PackageMetaData'
[2020.12.15-22.06.33:592][265]Cmd: OBJ SAVEPACKAGE PACKAGE="/Game/HUDS/TallBuildingWidget" FILE="C:/Users/Sam Swift/Documents/GitHub/Everyware/Covid_Aware_Project/Content/HUDS/TallBuildingWidget.uasset" SILENT=true
[2020.12.15-22.06.33:730][265]LogSavePackage: Moving 'C:/Users/Sam Swift/Documents/GitHub/Everyware/Covid_Aware_Project/Saved/TallBuildingWidgetB6B56FED45CDBD51BE200BB1F2A32ACC.tmp' to 'C:/Users/Sam Swift/Documents/GitHub/Everyware/Covid_Aware_Project/Content/HUDS/TallBuildingWidget.uasset'
[2020.12.15-22.06.33:965][265]LogUObjectHash: Compacting FUObjectHashTables data took   2.33ms
[2020.12.15-22.06.33:996][265]LogUObjectHash: Compacting FUObjectHashTables data took   1.77ms
[2020.12.15-22.06.34:015][265]LogUObjectHash: Compacting FUObjectHashTables data took   0.67ms
[2020.12.15-22.06.34:171][265]LogSavePackage: Moving 'C:/Users/Sam Swift/Documents/GitHub/Everyware/Covid_Aware_Project/Saved/TallBuilding06D5A1404D69BB14B4C70A8CC818CC5C.tmp' to 'C:/Users/Sam Swift/Documents/GitHub/Everyware/Covid_Aware_Project/Content/Buildings/BuildingActors/TallBuilding.uasset'
[2020.12.15-22.06.34:229][265]LogSavePackage: Moving 'C:/Users/Sam Swift/Documents/GitHub/Everyware/Covid_Aware_Project/Saved/TallBuilding_2FD1CEAA84E480E6364FC798F66AF0D35.tmp' to 'C:/Users/Sam Swift/Documents/GitHub/Everyware/Covid_Aware_Project/Content/Buildings/BuildingActors/TallBuilding_2.uasset'
[2020.12.15-22.06.34:383][265]AssetCheck: New page: Asset Save: multiple assets
[2020.12.15-22.06.34:383][265]LogContentValidation: Display: Validating WidgetBlueprint /Game/HUDS/TallBuildingWidget.TallBuildingWidget
[2020.12.15-22.06.34:383][265]LogContentValidation: Display: Validating Blueprint /Game/Buildings/BuildingActors/TallBuilding.TallBuilding
[2020.12.15-22.06.34:395][265]LogContentValidation: Display: Validating Blueprint /Game/Buildings/BuildingActors/TallBuilding_2.TallBuilding_2
[2020.12.15-22.07.04:655][762]LogMetaData: Removing '/Game/HUDS/BluePrints/MainUI_HUD.MainUI_HUD_C' ref from Metadata '/Game/HUDS/MainUI_HUD.PackageMetaData'
[2020.12.15-22.07.04:655][762]LogMetaData: Removing '/Game/HUDS/BluePrints/MainUI_HUD.MainUI_HUD:EventGraph.K2Node_Event_1' ref from Metadata '/Game/HUDS/MainUI_HUD.PackageMetaData'
[2020.12.15-22.07.04:655][762]LogMetaData: Removing '/Game/HUDS/BluePrints/MainUI_HUD.MainUI_HUD:GetHour.K2Node_FunctionEntry_0' ref from Metadata '/Game/HUDS/MainUI_HUD.PackageMetaData'
[2020.12.15-22.07.04:655][762]LogMetaData: Removing '/Game/HUDS/BluePrints/MainUI_HUD.MainUI_HUD:GetHour.K2Node_FunctionResult_0' ref from Metadata '/Game/HUDS/MainUI_HUD.PackageMetaData'
[2020.12.15-22.07.04:655][762]LogMetaData: Removing '/Game/HUDS/BluePrints/MainUI_HUD.MainUI_HUD:GetMinute.K2Node_FunctionResult_0' ref from Metadata '/Game/HUDS/MainUI_HUD.PackageMetaData'
[2020.12.15-22.07.04:655][762]LogMetaData: Removing '/Game/HUDS/BluePrints/MainUI_HUD.MainUI_HUD:GetMinute.K2Node_FunctionEntry_0' ref from Metadata '/Game/HUDS/MainUI_HUD.PackageMetaData'
[2020.12.15-22.07.04:655][762]LogMetaData: Removing '/Game/HUDS/BluePrints/MainUI_HUD.MainUI_HUD:GetMonth.K2Node_FunctionEntry_0' ref from Metadata '/Game/HUDS/MainUI_HUD.PackageMetaData'
[2020.12.15-22.07.04:655][762]LogMetaData: Removing '/Game/HUDS/BluePrints/MainUI_HUD.MainUI_HUD:GetMonth.K2Node_FunctionResult_0' ref from Metadata '/Game/HUDS/MainUI_HUD.PackageMetaData'
[2020.12.15-22.07.04:655][762]LogMetaData: Removing '/Game/HUDS/BluePrints/MainUI_HUD.MainUI_HUD:GetDay.K2Node_FunctionEntry_0' ref from Metadata '/Game/HUDS/MainUI_HUD.PackageMetaData'
[2020.12.15-22.07.04:655][762]LogMetaData: Removing '/Game/HUDS/BluePrints/MainUI_HUD.MainUI_HUD:GetDay.K2Node_FunctionResult_0' ref from Metadata '/Game/HUDS/MainUI_HUD.PackageMetaData'
[2020.12.15-22.07.04:655][762]LogMetaData: Removing '/Game/HUDS/BluePrints/MainUI_HUD.MainUI_HUD:GetYear.K2Node_FunctionEntry_0' ref from Metadata '/Game/HUDS/MainUI_HUD.PackageMetaData'
[2020.12.15-22.07.04:655][762]LogMetaData: Removing '/Game/HUDS/BluePrints/MainUI_HUD.MainUI_HUD:GetYear.K2Node_FunctionResult_0' ref from Metadata '/Game/HUDS/MainUI_HUD.PackageMetaData'
[2020.12.15-22.07.04:655][762]LogMetaData: Removing '/Game/HUDS/BluePrints/MainUI_HUD.MainUI_HUD:Get_AM/PM.K2Node_FunctionResult_0' ref from Metadata '/Game/HUDS/MainUI_HUD.PackageMetaData'
[2020.12.15-22.07.04:655][762]LogMetaData: Removing '/Game/HUDS/BluePrints/MainUI_HUD.MainUI_HUD:Get_AM/PM.K2Node_FunctionEntry_0' ref from Metadata '/Game/HUDS/MainUI_HUD.PackageMetaData'
[2020.12.15-22.07.04:655][762]LogMetaData: Removing '/Game/HUDS/BluePrints/MainUI_HUD.MainUI_HUD:SetClock.K2Node_FunctionResult_0' ref from Metadata '/Game/HUDS/MainUI_HUD.PackageMetaData'
[2020.12.15-22.07.04:655][762]LogMetaData: Removing '/Game/HUDS/BluePrints/MainUI_HUD.MainUI_HUD:SetClock.K2Node_FunctionEntry_0' ref from Metadata '/Game/HUDS/MainUI_HUD.PackageMetaData'
[2020.12.15-22.07.04:655][762]LogMetaData: Removing '/Game/HUDS/BluePrints/MainUI_HUD.MainUI_HUD:SetCalander.K2Node_FunctionResult_0' ref from Metadata '/Game/HUDS/MainUI_HUD.PackageMetaData'
[2020.12.15-22.07.04:655][762]LogMetaData: Removing '/Game/HUDS/BluePrints/MainUI_HUD.MainUI_HUD:SetCalander.K2Node_FunctionEntry_0' ref from Metadata '/Game/HUDS/MainUI_HUD.PackageMetaData'
[2020.12.15-22.07.04:655][762]LogMetaData: Removing '/Game/HUDS/BluePrints/MainUI_HUD.MainUI_HUD:ContructBuilding.K2Node_FunctionEntry_0' ref from Metadata '/Game/HUDS/MainUI_HUD.PackageMetaData'
[2020.12.15-22.07.04:655][762]LogMetaData: Removing '/Game/HUDS/BluePrints/MainUI_HUD.SKEL_MainUI_HUD_C:Construct' ref from Metadata '/Game/HUDS/MainUI_HUD.PackageMetaData'
[2020.12.15-22.07.04:655][762]LogMetaData: Removing '/Game/HUDS/BluePrints/MainUI_HUD.SKEL_MainUI_HUD_C:BndEvt__Button_2_K2Node_ComponentBoundEvent_0_OnButtonClickedEvent__DelegateSignature' ref from Metadata '/Game/HUDS/MainUI_HUD.PackageMetaData'
[2020.12.15-22.07.04:655][762]LogMetaData: Removing '/Game/HUDS/BluePrints/MainUI_HUD.SKEL_MainUI_HUD_C:SetCalander' ref from Metadata '/Game/HUDS/MainUI_HUD.PackageMetaData'
[2020.12.15-22.07.04:655][762]LogMetaData: Removing '/Game/HUDS/BluePrints/MainUI_HUD.SKEL_MainUI_HUD_C:SetClock' ref from Metadata '/Game/HUDS/MainUI_HUD.PackageMetaData'
[2020.12.15-22.07.04:655][762]LogMetaData: Removing '/Game/HUDS/BluePrints/MainUI_HUD.SKEL_MainUI_HUD_C' ref from Metadata '/Game/HUDS/MainUI_HUD.PackageMetaData'
[2020.12.15-22.07.04:655][762]LogMetaData: Removing '/Game/HUDS/BluePrints/MainUI_HUD.MainUI_HUD_C:Construct' ref from Metadata '/Game/HUDS/MainUI_HUD.PackageMetaData'
[2020.12.15-22.07.04:655][762]LogMetaData: Removing '/Game/HUDS/BluePrints/MainUI_HUD.MainUI_HUD_C:SetCalander' ref from Metadata '/Game/HUDS/MainUI_HUD.PackageMetaData'
[2020.12.15-22.07.04:655][762]LogMetaData: Removing '/Game/HUDS/BluePrints/MainUI_HUD.MainUI_HUD_C:SetClock' ref from Metadata '/Game/HUDS/MainUI_HUD.PackageMetaData'
[2020.12.15-22.07.04:677][762]LogRHI: Error: Present Fail Count 1
[2020.12.15-22.07.04:677][762]LogRHI: Error: SyncInterval 0
[2020.12.15-22.07.04:677][762]LogRHI: Error: SwapChainDesc.BufferDesc.Width 648
[2020.12.15-22.07.04:677][762]LogRHI: Error: SwapChainDesc.BufferDesc.Height 97
[2020.12.15-22.07.04:677][762]LogRHI: Error: SwapChainDesc.BufferDesc.RefreshRate.Numerator 0
[2020.12.15-22.07.04:677][762]LogRHI: Error: SwapChainDesc.BufferDesc.RefreshRate.Denominator 0
[2020.12.15-22.07.04:677][762]LogRHI: Error: SwapChainDesc.BufferDesc.Format 24
[2020.12.15-22.07.04:677][762]LogRHI: Error: SwapChainDesc.BufferDesc.ScanlineOrdering 0
[2020.12.15-22.07.04:677][762]LogRHI: Error: SwapChainDesc.BufferDesc.Scaling 0
[2020.12.15-22.07.04:677][762]LogRHI: Error: SwapChainDesc.SampleDesc.Count 1
[2020.12.15-22.07.04:677][762]LogRHI: Error: SwapChainDesc.SampleDesc.Quality 0
[2020.12.15-22.07.04:677][762]LogRHI: Error: SwapChainDesc.BufferUsage 48
[2020.12.15-22.07.04:677][762]LogRHI: Error: SwapChainDesc.BufferCount 2
[2020.12.15-22.07.04:677][762]LogRHI: Error: SwapChainDesc.OutputWindow 0000000000161724
[2020.12.15-22.07.04:677][762]LogRHI: Error: SwapChainDesc.Windowed true
[2020.12.15-22.07.04:677][762]LogRHI: Error: SwapChainDesc.SwapEffect 4
[2020.12.15-22.07.04:677][762]LogRHI: Error: SwapChainDesc.Flags 2050
[2020.12.15-22.07.04:677][762]LogD3D11RHI: Error: Result failed 
 at D:/Build/++UE4/Sync/Engine/Source/Runtime/Windows/D3D11RHI/Private/D3D11Query.cpp:348 
 with error DXGI_ERROR_DEVICE_REMOVED DXGI_ERROR_DRIVER_INTERNAL_ERROR
[2020.12.15-22.07.04:677][762]LogD3D11RHI: [Aftermath] GDynamicRHI=00000151FB5DC0C0, GDX11NVAfterMathEnabled=0, Result=0xFFFFFFFF, bDeviceActive=0
[2020.12.15-22.07.04:677][762]LogWindows: Windows GetLastError: The operation completed successfully. (0)
[2020.12.15-22.07.15:705][762]LogWindows: FPlatformMisc::RequestExit(0)
[2020.12.15-22.07.15:705][762]LogCore: Engine exit requested (reason: Win RequestExit)
[2020.12.15-22.07.15:705][762]LogWindows: FPlatformMisc::RequestExit(1)
[2020.12.15-22.07.15:705][762]LogCore: Engine exit requested (reason: Win RequestExit; note: exit was already requested)
[2020.12.15-22.07.15:713][762]Log file closed, 12/15/20 22:07:15
