Log file open, 12/27/20 15:00:23
LogInit: Display: Running engine for game: Covid_Aware_Project
LogPlatformFile: Not using cached read wrapper
LogTaskGraph: Started task graph with 5 named threads and 47 total threads with 3 sets of task threads.
LogStats: Stats thread started at 0.212209
LogD3D11RHI: Loaded GFSDK_Aftermath_Lib.x64.dll
LogICUInternationalization: ICU TimeZone Detection - Raw Offset: +0:00, Platform Override: ''
LogPluginManager: Mounting plugin Paper2D
LogPluginManager: Mounting plugin AISupport
LogPluginManager: Mounting plugin LightPropagationVolume
LogPluginManager: Mounting plugin CameraShakePreviewer
LogPluginManager: Mounting plugin ActorLayerUtilities
LogPluginManager: Mounting plugin AnimationSharing
LogPluginManager: Mounting plugin CLionSourceCodeAccess
LogPluginManager: Mounting plugin CodeLiteSourceCodeAccess
LogPluginManager: Mounting plugin GitSourceControl
LogPluginManager: Mounting plugin KDevelopSourceCodeAccess
LogPluginManager: Mounting plugin NullSourceCodeAccess
LogPluginManager: Mounting plugin PerforceSourceControl
LogPluginManager: Mounting plugin PlasticSourceControl
LogPluginManager: Mounting plugin RiderSourceCodeAccess
LogPluginManager: Mounting plugin SubversionSourceControl
LogPluginManager: Mounting plugin UObjectPlugin
LogPluginManager: Mounting plugin VisualStudioCodeSourceCodeAccess
LogPluginManager: Mounting plugin VisualStudioSourceCodeAccess
LogPluginManager: Mounting plugin XCodeSourceCodeAccess
LogPluginManager: Mounting plugin AssetManagerEditor
LogPluginManager: Mounting plugin CryptoKeys
LogPluginManager: Mounting plugin CurveEditorTools
LogPluginManager: Mounting plugin DataValidation
LogPluginManager: Mounting plugin EditorScriptingUtilities
LogPluginManager: Mounting plugin FacialAnimation
LogPluginManager: Mounting plugin GameplayTagsEditor
LogPluginManager: Mounting plugin GeometryMode
LogPluginManager: Mounting plugin MacGraphicsSwitching
LogPluginManager: Mounting plugin MaterialAnalyzer
LogPluginManager: Mounting plugin MobileLauncherProfileWizard
LogPluginManager: Mounting plugin PluginBrowser
LogPluginManager: Mounting plugin SpeedTreeImporter
LogPluginManager: Mounting plugin DatasmithContent
LogPluginManager: Mounting plugin VariantManagerContent
LogPluginManager: Mounting plugin AlembicImporter
LogPluginManager: Mounting plugin AutomationUtils
LogPluginManager: Mounting plugin BackChannel
LogPluginManager: Mounting plugin ChaosCloth
LogPluginManager: Mounting plugin ChaosClothEditor
LogPluginManager: Mounting plugin ChaosEditor
LogPluginManager: Mounting plugin ChaosNiagara
LogPluginManager: Mounting plugin ChaosSolverPlugin
LogPluginManager: Mounting plugin CharacterAI
LogPluginManager: Mounting plugin GeometryCache
LogPluginManager: Mounting plugin GeometryCollectionPlugin
LogPluginManager: Mounting plugin GeometryProcessing
LogPluginManager: Mounting plugin PlanarCut
LogPluginManager: Mounting plugin PlatformCrypto
LogPluginManager: Mounting plugin ProxyLODPlugin
LogPluginManager: Mounting plugin SkeletalReduction
LogPluginManager: Mounting plugin Niagara
LogPluginManager: Mounting plugin MagicLeap
LogPluginManager: Mounting plugin MagicLeapLightEstimation
LogPluginManager: Mounting plugin MagicLeapMedia
LogPluginManager: Mounting plugin MagicLeapPassableWorld
LogPluginManager: Mounting plugin MLSDK
LogPluginManager: Mounting plugin AndroidMedia
LogPluginManager: Mounting plugin AvfMedia
LogPluginManager: Mounting plugin ImgMedia
LogPluginManager: Mounting plugin MediaCompositing
LogPluginManager: Mounting plugin MediaPlayerEditor
LogPluginManager: Mounting plugin WebMMedia
LogPluginManager: Mounting plugin WmfMedia
LogPluginManager: Mounting plugin MeshPainting
LogPluginManager: Mounting plugin TcpMessaging
LogPluginManager: Mounting plugin UdpMessaging
LogPluginManager: Mounting plugin ActorSequence
LogPluginManager: Mounting plugin LevelSequenceEditor
LogPluginManager: Mounting plugin MatineeToLevelSequence
LogPluginManager: Mounting plugin MovieRenderPipeline
LogPluginManager: Mounting plugin TemplateSequence
LogPluginManager: Mounting plugin NetcodeUnitTest
LogPluginManager: Mounting plugin NUTUnrealEngine4
LogPluginManager: Mounting plugin OnlineSubsystemGooglePlay
LogPluginManager: Mounting plugin OnlineSubsystemIOS
LogPluginManager: Mounting plugin OnlineSubsystem
LogPluginManager: Mounting plugin OnlineSubsystemNull
LogPluginManager: Mounting plugin OnlineSubsystemUtils
LogPluginManager: Mounting plugin LauncherChunkInstaller
LogPluginManager: Mounting plugin AndroidDeviceProfileSelector
LogPluginManager: Mounting plugin AndroidMoviePlayer
LogPluginManager: Mounting plugin AndroidPermission
LogPluginManager: Mounting plugin AppleImageUtils
LogPluginManager: Mounting plugin AppleMoviePlayer
LogPluginManager: Mounting plugin ArchVisCharacter
LogPluginManager: Mounting plugin AssetTags
LogPluginManager: Mounting plugin AudioCapture
LogPluginManager: Mounting plugin CableComponent
LogPluginManager: Mounting plugin CustomMeshComponent
LogPluginManager: Mounting plugin EditableMesh
LogPluginManager: Mounting plugin ExampleDeviceProfileSelector
LogPluginManager: Mounting plugin GoogleCloudMessaging
LogPluginManager: Mounting plugin GooglePAD
LogPluginManager: Mounting plugin IOSDeviceProfileSelector
LogPluginManager: Mounting plugin LinuxDeviceProfileSelector
LogPluginManager: Mounting plugin LocationServicesBPLibrary
LogPluginManager: Mounting plugin MobilePatchingUtils
LogPluginManager: Mounting plugin OculusVR
LogPluginManager: Mounting plugin PhysXVehicles
LogPluginManager: Mounting plugin PostSplashScreen
LogPluginManager: Mounting plugin ProceduralMeshComponent
LogPluginManager: Mounting plugin RuntimePhysXCooking
LogPluginManager: Mounting plugin SignificanceManager
LogPluginManager: Mounting plugin SoundFields
LogPluginManager: Mounting plugin SteamVR
LogPluginManager: Mounting plugin Synthesis
LogPluginManager: Mounting plugin WebMMoviePlayer
LogPluginManager: Mounting plugin WindowsMoviePlayer
LogPluginManager: Mounting plugin ScreenshotTools
LogInit: Using libcurl 7.55.1-DEV
LogInit:  - built for x86_64-pc-win32
LogInit:  - supports SSL with OpenSSL/1.1.1
LogInit:  - supports HTTP deflate (compression) using libz 1.2.8
LogInit:  - other features:
LogInit:      CURL_VERSION_SSL
LogInit:      CURL_VERSION_LIBZ
LogInit:      CURL_VERSION_IPV6
LogInit:      CURL_VERSION_ASYNCHDNS
LogInit:      CURL_VERSION_LARGEFILE
LogInit:      CURL_VERSION_IDN
LogInit:  CurlRequestOptions (configurable via config and command line):
LogInit:  - bVerifyPeer = true  - Libcurl will verify peer certificate
LogInit:  - bUseHttpProxy = false  - Libcurl will NOT use HTTP proxy
LogInit:  - bDontReuseConnections = false  - Libcurl will reuse connections
LogInit:  - MaxHostConnections = 16  - Libcurl will limit the number of connections to a host
LogInit:  - LocalHostAddr = Default
LogInit:  - BufferSize = 65536
LogOnline: OSS: Creating online subsystem instance for: NULL
LogInit: WinSock: version 1.1 (2.2), MaxSocks=32767, MaxUdp=65467
LogOnline: OSS: TryLoadSubsystemAndSetDefault: Loaded subsystem for module [NULL]
LogInit: Build: ++UE4+Release-4.25-CL-14469661
LogInit: Engine Version: 4.25.4-14469661+++UE4+Release-4.25
LogInit: Compatible Engine Version: 4.25.0-13144385+++UE4+Release-4.25
LogInit: Net CL: 13144385
LogInit: OS: Windows 10 (Release 1909) (), CPU: AMD Ryzen 7 3700X 8-Core Processor             , GPU: NVIDIA GeForce GTX 1660 Ti
LogInit: Compiled (64-bit): Oct 11 2020 08:10:49
LogInit: Compiled with Visual C++: 19.24.28315.00
LogInit: Build Configuration: Development
LogInit: Branch Name: ++UE4+Release-4.25
LogInit: Command Line:  -EpicPortal -epicusername=Swiftyyy -epicuserid=449c6157b0c34fa49c6f461be790bb24 -epiclocale=en
LogInit: Base Directory: D:/UE_4.25/Engine/Binaries/Win64/
LogInit: Allocator: TBB
LogInit: Installed Engine Build: 1
LogDevObjectVersion: Number of dev versions registered: 26
LogDevObjectVersion:   Dev-Blueprints (B0D832E4-1F89-4F0D-ACCF-7EB736FD4AA2): 10
LogDevObjectVersion:   Dev-Build (E1C64328-A22C-4D53-A36C-8E866417BD8C): 0
LogDevObjectVersion:   Dev-Core (375EC13C-06E4-48FB-B500-84F0262A717E): 4
LogDevObjectVersion:   Dev-Editor (E4B068ED-F494-42E9-A231-DA0B2E46BB41): 38
LogDevObjectVersion:   Dev-Framework (CFFC743F-43B0-4480-9391-14DF171D2073): 37
LogDevObjectVersion:   Dev-Mobile (B02B49B5-BB20-44E9-A304-32B752E40360): 2
LogDevObjectVersion:   Dev-Networking (A4E4105C-59A1-49B5-A7C5-40C4547EDFEE): 0
LogDevObjectVersion:   Dev-Online (39C831C9-5AE6-47DC-9A44-9C173E1C8E7C): 0
LogDevObjectVersion:   Dev-Physics (78F01B33-EBEA-4F98-B9B4-84EACCB95AA2): 4
LogDevObjectVersion:   Dev-Platform (6631380F-2D4D-43E0-8009-CF276956A95A): 0
LogDevObjectVersion:   Dev-Rendering (12F88B9F-8875-4AFC-A67C-D90C383ABD29): 43
LogDevObjectVersion:   Dev-Sequencer (7B5AE74C-D270-4C10-A958-57980B212A5A): 12
LogDevObjectVersion:   Dev-VR (D7296918-1DD6-4BDD-9DE2-64A83CC13884): 3
LogDevObjectVersion:   Dev-LoadTimes (C2A15278-BFE7-4AFE-6C17-90FF531DF755): 1
LogDevObjectVersion:   Private-Geometry (6EACA3D4-40EC-4CC1-B786-8BED09428FC5): 3
LogDevObjectVersion:   Dev-AnimPhys (29E575DD-E0A3-4627-9D10-D276232CDCEA): 17
LogDevObjectVersion:   Dev-Anim (AF43A65D-7FD3-4947-9873-3E8ED9C1BB05): 7
LogDevObjectVersion:   Dev-ReflectionCapture (6B266CEC-1EC7-4B8F-A30B-E4D90942FC07): 1
LogDevObjectVersion:   Dev-Automation (0DF73D61-A23F-47EA-B727-89E90C41499A): 1
LogDevObjectVersion:   FortniteMain (601D1886-AC64-4F84-AA16-D3DE0DEAC7D6): 31
LogDevObjectVersion:   Dev-Enterprise (9DFFBCD6-494F-0158-E221-12823C92A888): 10
LogDevObjectVersion:   Dev-Niagara (F2AED0AC-9AFE-416F-8664-AA7FFA26D6FC): 1
LogDevObjectVersion:   Dev-Destruction (174F1F0B-B4C6-45A5-B13F-2EE8D0FB917D): 10
LogDevObjectVersion:   Dev-Physics-Ext (35F94A83-E258-406C-A318-09F59610247C): 37
LogDevObjectVersion:   Dev-PhysicsMaterial-Chaos (B68FC16E-8B1B-42E2-B453-215C058844FE): 1
LogDevObjectVersion:   Dev-CineCamera (B2E18506-4273-CFC2-A54E-F4BB758BBA07): 1
LogInit: Presizing for max 25165824 objects, including 0 objects not considered by GC, pre-allocating 0 bytes for permanent pool.
LogConfig: Applying CVar settings from Section [/Script/Engine.StreamingSettings] File [C:/Users/Sam Swift/Documents/GitHub/Everyware/Covid_Aware_Project/Saved/Config/Windows/Engine.ini]
LogConfig: Setting CVar [[s.MinBulkDataSizeForAsyncLoading:131072]]
LogConfig: Setting CVar [[s.AsyncLoadingThreadEnabled:0]]
LogConfig: Setting CVar [[s.EventDrivenLoaderEnabled:1]]
LogConfig: Setting CVar [[s.WarnIfTimeLimitExceeded:0]]
LogConfig: Setting CVar [[s.TimeLimitExceededMultiplier:1.5]]
LogConfig: Setting CVar [[s.TimeLimitExceededMinTime:0.005]]
LogConfig: Setting CVar [[s.UseBackgroundLevelStreaming:1]]
LogConfig: Setting CVar [[s.PriorityAsyncLoadingExtraTime:15.0]]
LogConfig: Setting CVar [[s.LevelStreamingActorsUpdateTimeLimit:5.0]]
LogConfig: Setting CVar [[s.PriorityLevelStreamingActorsUpdateExtraTime:5.0]]
LogConfig: Setting CVar [[s.LevelStreamingComponentsRegistrationGranularity:10]]
LogConfig: Setting CVar [[s.UnregisterComponentsTimeLimit:1.0]]
LogConfig: Setting CVar [[s.LevelStreamingComponentsUnregistrationGranularity:5]]
LogConfig: Setting CVar [[s.FlushStreamingOnExit:1]]
LogInit: Object subsystem initialized
LogConfig: Setting CVar [[con.DebugEarlyDefault:1]]
LogConfig: Setting CVar [[r.setres:1280x720]]
[2020.12.27-15.00.23:970][  0]LogConfig: Setting CVar [[r.VSync:0]]
[2020.12.27-15.00.23:970][  0]LogConfig: Setting CVar [[r.RHICmdBypass:0]]
[2020.12.27-15.00.23:970][  0]LogConfig: Applying CVar settings from Section [/Script/Engine.RendererSettings] File [C:/Users/Sam Swift/Documents/GitHub/Everyware/Covid_Aware_Project/Saved/Config/Windows/Engine.ini]
[2020.12.27-15.00.23:970][  0]LogConfig: Setting CVar [[r.GPUCrashDebugging:0]]
[2020.12.27-15.00.23:970][  0]LogConfig: Applying CVar settings from Section [/Script/Engine.RendererOverrideSettings] File [C:/Users/Sam Swift/Documents/GitHub/Everyware/Covid_Aware_Project/Saved/Config/Windows/Engine.ini]
[2020.12.27-15.00.23:970][  0]LogConfig: Applying CVar settings from Section [/Script/Engine.StreamingSettings] File [C:/Users/Sam Swift/Documents/GitHub/Everyware/Covid_Aware_Project/Saved/Config/Windows/Engine.ini]
[2020.12.27-15.00.23:970][  0]LogConfig: Setting CVar [[s.MinBulkDataSizeForAsyncLoading:131072]]
[2020.12.27-15.00.23:970][  0]LogConfig: Setting CVar [[s.AsyncLoadingThreadEnabled:0]]
[2020.12.27-15.00.23:970][  0]LogConfig: Setting CVar [[s.EventDrivenLoaderEnabled:1]]
[2020.12.27-15.00.23:970][  0]LogConfig: Setting CVar [[s.WarnIfTimeLimitExceeded:0]]
[2020.12.27-15.00.23:970][  0]LogConfig: Setting CVar [[s.TimeLimitExceededMultiplier:1.5]]
[2020.12.27-15.00.23:970][  0]LogConfig: Setting CVar [[s.TimeLimitExceededMinTime:0.005]]
[2020.12.27-15.00.23:970][  0]LogConfig: Setting CVar [[s.UseBackgroundLevelStreaming:1]]
[2020.12.27-15.00.23:970][  0]LogConfig: Setting CVar [[s.PriorityAsyncLoadingExtraTime:15.0]]
[2020.12.27-15.00.23:970][  0]LogConfig: Setting CVar [[s.LevelStreamingActorsUpdateTimeLimit:5.0]]
[2020.12.27-15.00.23:970][  0]LogConfig: Setting CVar [[s.PriorityLevelStreamingActorsUpdateExtraTime:5.0]]
[2020.12.27-15.00.23:970][  0]LogConfig: Setting CVar [[s.LevelStreamingComponentsRegistrationGranularity:10]]
[2020.12.27-15.00.23:970][  0]LogConfig: Setting CVar [[s.UnregisterComponentsTimeLimit:1.0]]
[2020.12.27-15.00.23:970][  0]LogConfig: Setting CVar [[s.LevelStreamingComponentsUnregistrationGranularity:5]]
[2020.12.27-15.00.23:970][  0]LogConfig: Setting CVar [[s.FlushStreamingOnExit:1]]
[2020.12.27-15.00.23:970][  0]LogConfig: Applying CVar settings from Section [/Script/Engine.GarbageCollectionSettings] File [C:/Users/Sam Swift/Documents/GitHub/Everyware/Covid_Aware_Project/Saved/Config/Windows/Engine.ini]
[2020.12.27-15.00.23:970][  0]LogConfig: Setting CVar [[gc.MaxObjectsNotConsideredByGC:1]]
[2020.12.27-15.00.23:970][  0]LogConfig: Setting CVar [[gc.SizeOfPermanentObjectPool:0]]
[2020.12.27-15.00.23:970][  0]LogConfig: Setting CVar [[gc.FlushStreamingOnGC:0]]
[2020.12.27-15.00.23:970][  0]LogConfig: Setting CVar [[gc.NumRetriesBeforeForcingGC:10]]
[2020.12.27-15.00.23:970][  0]LogConfig: Setting CVar [[gc.AllowParallelGC:1]]
[2020.12.27-15.00.23:970][  0]LogConfig: Setting CVar [[gc.TimeBetweenPurgingPendingKillObjects:61.1]]
[2020.12.27-15.00.23:970][  0]LogConfig: Setting CVar [[gc.MaxObjectsInEditor:25165824]]
[2020.12.27-15.00.23:970][  0]LogConfig: Setting CVar [[gc.IncrementalBeginDestroyEnabled:1]]
[2020.12.27-15.00.23:970][  0]LogConfig: Setting CVar [[gc.CreateGCClusters:1]]
[2020.12.27-15.00.23:970][  0]LogConfig: Setting CVar [[gc.MinGCClusterSize:5]]
[2020.12.27-15.00.23:970][  0]LogConfig: Setting CVar [[gc.ActorClusteringEnabled:0]]
[2020.12.27-15.00.23:970][  0]LogConfig: Setting CVar [[gc.BlueprintClusteringEnabled:0]]
[2020.12.27-15.00.23:970][  0]LogConfig: Setting CVar [[gc.UseDisregardForGCOnDedicatedServers:0]]
[2020.12.27-15.00.23:970][  0]LogConfig: Applying CVar settings from Section [/Script/Engine.NetworkSettings] File [C:/Users/Sam Swift/Documents/GitHub/Everyware/Covid_Aware_Project/Saved/Config/Windows/Engine.ini]
[2020.12.27-15.00.23:970][  0]LogConfig: Applying CVar settings from Section [/Script/UnrealEd.CookerSettings] File [C:/Users/Sam Swift/Documents/GitHub/Everyware/Covid_Aware_Project/Saved/Config/Windows/Engine.ini]
[2020.12.27-15.00.23:974][  0]LogConfig: Applying CVar settings from Section [ViewDistanceQuality@3] File [C:/Users/Sam Swift/Documents/GitHub/Everyware/Covid_Aware_Project/Saved/Config/Windows/Scalability.ini]
[2020.12.27-15.00.23:974][  0]LogConfig: Setting CVar [[r.SkeletalMeshLODBias:0]]
[2020.12.27-15.00.23:974][  0]LogConfig: Setting CVar [[r.ViewDistanceScale:1.0]]
[2020.12.27-15.00.23:974][  0]LogConfig: Applying CVar settings from Section [AntiAliasingQuality@3] File [C:/Users/Sam Swift/Documents/GitHub/Everyware/Covid_Aware_Project/Saved/Config/Windows/Scalability.ini]
[2020.12.27-15.00.23:974][  0]LogConfig: Setting CVar [[r.PostProcessAAQuality:4]]
[2020.12.27-15.00.23:974][  0]LogConfig: Applying CVar settings from Section [ShadowQuality@3] File [C:/Users/Sam Swift/Documents/GitHub/Everyware/Covid_Aware_Project/Saved/Config/Windows/Scalability.ini]
[2020.12.27-15.00.23:974][  0]LogConfig: Setting CVar [[r.LightFunctionQuality:1]]
[2020.12.27-15.00.23:974][  0]LogConfig: Setting CVar [[r.ShadowQuality:5]]
[2020.12.27-15.00.23:974][  0]LogConfig: Setting CVar [[r.Shadow.CSM.MaxCascades:10]]
[2020.12.27-15.00.23:974][  0]LogConfig: Setting CVar [[r.Shadow.MaxResolution:2048]]
[2020.12.27-15.00.23:974][  0]LogConfig: Setting CVar [[r.Shadow.MaxCSMResolution:2048]]
[2020.12.27-15.00.23:974][  0]LogConfig: Setting CVar [[r.Shadow.RadiusThreshold:0.01]]
[2020.12.27-15.00.23:974][  0]LogConfig: Setting CVar [[r.Shadow.DistanceScale:1.0]]
[2020.12.27-15.00.23:974][  0]LogConfig: Setting CVar [[r.Shadow.CSM.TransitionScale:1.0]]
[2020.12.27-15.00.23:974][  0]LogConfig: Setting CVar [[r.Shadow.PreShadowResolutionFactor:1.0]]
[2020.12.27-15.00.23:974][  0]LogConfig: Setting CVar [[r.DistanceFieldShadowing:1]]
[2020.12.27-15.00.23:974][  0]LogConfig: Setting CVar [[r.DistanceFieldAO:1]]
[2020.12.27-15.00.23:974][  0]LogConfig: Setting CVar [[r.AOQuality:2]]
[2020.12.27-15.00.23:974][  0]LogConfig: Setting CVar [[r.VolumetricFog:1]]
[2020.12.27-15.00.23:974][  0]LogConfig: Setting CVar [[r.VolumetricFog.GridPixelSize:8]]
[2020.12.27-15.00.23:974][  0]LogConfig: Setting CVar [[r.VolumetricFog.GridSizeZ:128]]
[2020.12.27-15.00.23:974][  0]LogConfig: Setting CVar [[r.VolumetricFog.HistoryMissSupersampleCount:4]]
[2020.12.27-15.00.23:974][  0]LogConfig: Setting CVar [[r.LightMaxDrawDistanceScale:1]]
[2020.12.27-15.00.23:974][  0]LogConfig: Setting CVar [[r.CapsuleShadows:1]]
[2020.12.27-15.00.23:974][  0]LogConfig: Applying CVar settings from Section [PostProcessQuality@3] File [C:/Users/Sam Swift/Documents/GitHub/Everyware/Covid_Aware_Project/Saved/Config/Windows/Scalability.ini]
[2020.12.27-15.00.23:974][  0]LogConfig: Setting CVar [[r.MotionBlurQuality:4]]
[2020.12.27-15.00.23:974][  0]LogConfig: Setting CVar [[r.AmbientOcclusionMipLevelFactor:0.4]]
[2020.12.27-15.00.23:974][  0]LogConfig: Setting CVar [[r.AmbientOcclusionMaxQuality:100]]
[2020.12.27-15.00.23:974][  0]LogConfig: Setting CVar [[r.AmbientOcclusionLevels:-1]]
[2020.12.27-15.00.23:974][  0]LogConfig: Setting CVar [[r.AmbientOcclusionRadiusScale:1.0]]
[2020.12.27-15.00.23:974][  0]LogConfig: Setting CVar [[r.DepthOfFieldQuality:2]]
[2020.12.27-15.00.23:974][  0]LogConfig: Setting CVar [[r.RenderTargetPoolMin:400]]
[2020.12.27-15.00.23:974][  0]LogConfig: Setting CVar [[r.LensFlareQuality:2]]
[2020.12.27-15.00.23:974][  0]LogConfig: Setting CVar [[r.SceneColorFringeQuality:1]]
[2020.12.27-15.00.23:974][  0]LogConfig: Setting CVar [[r.EyeAdaptationQuality:2]]
[2020.12.27-15.00.23:974][  0]LogConfig: Setting CVar [[r.BloomQuality:5]]
[2020.12.27-15.00.23:974][  0]LogConfig: Setting CVar [[r.FastBlurThreshold:100]]
[2020.12.27-15.00.23:974][  0]LogConfig: Setting CVar [[r.Upscale.Quality:3]]
[2020.12.27-15.00.23:974][  0]LogConfig: Setting CVar [[r.Tonemapper.GrainQuantization:1]]
[2020.12.27-15.00.23:974][  0]LogConfig: Setting CVar [[r.LightShaftQuality:1]]
[2020.12.27-15.00.23:974][  0]LogConfig: Setting CVar [[r.Filter.SizeScale:1]]
[2020.12.27-15.00.23:974][  0]LogConfig: Setting CVar [[r.Tonemapper.Quality:5]]
[2020.12.27-15.00.23:974][  0]LogConfig: Setting CVar [[r.DOF.Gather.AccumulatorQuality:1        ; higher gathering accumulator quality]]
[2020.12.27-15.00.23:974][  0]LogConfig: Setting CVar [[r.DOF.Gather.PostfilterMethod:1          ; Median3x3 postfilering method]]
[2020.12.27-15.00.23:974][  0]LogConfig: Setting CVar [[r.DOF.Gather.EnableBokehSettings:0       ; no bokeh simulation when gathering]]
[2020.12.27-15.00.23:974][  0]LogConfig: Setting CVar [[r.DOF.Gather.RingCount:4                 ; medium number of samples when gathering]]
[2020.12.27-15.00.23:974][  0]LogConfig: Setting CVar [[r.DOF.Scatter.ForegroundCompositing:1    ; additive foreground scattering]]
[2020.12.27-15.00.23:974][  0]LogConfig: Setting CVar [[r.DOF.Scatter.BackgroundCompositing:2    ; additive background scattering]]
[2020.12.27-15.00.23:974][  0]LogConfig: Setting CVar [[r.DOF.Scatter.EnableBokehSettings:1      ; bokeh simulation when scattering]]
[2020.12.27-15.00.23:974][  0]LogConfig: Setting CVar [[r.DOF.Scatter.MaxSpriteRatio:0.1         ; only a maximum of 10% of scattered bokeh]]
[2020.12.27-15.00.23:974][  0]LogConfig: Setting CVar [[r.DOF.Recombine.Quality:1                ; cheap slight out of focus]]
[2020.12.27-15.00.23:974][  0]LogConfig: Setting CVar [[r.DOF.Recombine.EnableBokehSettings:0    ; no bokeh simulation on slight out of focus]]
[2020.12.27-15.00.23:974][  0]LogConfig: Setting CVar [[r.DOF.TemporalAAQuality:1                ; more stable temporal accumulation]]
[2020.12.27-15.00.23:974][  0]LogConfig: Setting CVar [[r.DOF.Kernel.MaxForegroundRadius:0.025]]
[2020.12.27-15.00.23:974][  0]LogConfig: Setting CVar [[r.DOF.Kernel.MaxBackgroundRadius:0.025]]
[2020.12.27-15.00.23:974][  0]LogConfig: Applying CVar settings from Section [TextureQuality@3] File [C:/Users/Sam Swift/Documents/GitHub/Everyware/Covid_Aware_Project/Saved/Config/Windows/Scalability.ini]
[2020.12.27-15.00.23:974][  0]LogConfig: Setting CVar [[r.Streaming.MipBias:0]]
[2020.12.27-15.00.23:974][  0]LogConfig: Setting CVar [[r.Streaming.AmortizeCPUToGPUCopy:0]]
[2020.12.27-15.00.23:974][  0]LogConfig: Setting CVar [[r.Streaming.MaxNumTexturesToStreamPerFrame:0]]
[2020.12.27-15.00.23:974][  0]LogConfig: Setting CVar [[r.Streaming.Boost:1]]
[2020.12.27-15.00.23:974][  0]LogConfig: Setting CVar [[r.MaxAnisotropy:8]]
[2020.12.27-15.00.23:974][  0]LogConfig: Setting CVar [[r.VT.MaxAnisotropy:8]]
[2020.12.27-15.00.23:974][  0]LogConfig: Setting CVar [[r.Streaming.LimitPoolSizeToVRAM:0]]
[2020.12.27-15.00.23:974][  0]LogConfig: Setting CVar [[r.Streaming.PoolSize:1000]]
[2020.12.27-15.00.23:974][  0]LogConfig: Setting CVar [[r.Streaming.MaxEffectiveScreenSize:0]]
[2020.12.27-15.00.23:974][  0]LogConfig: Applying CVar settings from Section [EffectsQuality@3] File [C:/Users/Sam Swift/Documents/GitHub/Everyware/Covid_Aware_Project/Saved/Config/Windows/Scalability.ini]
[2020.12.27-15.00.23:974][  0]LogConfig: Setting CVar [[r.TranslucencyLightingVolumeDim:64]]
[2020.12.27-15.00.23:974][  0]LogConfig: Setting CVar [[r.RefractionQuality:2]]
[2020.12.27-15.00.23:974][  0]LogConfig: Setting CVar [[r.SSR.Quality:3]]
[2020.12.27-15.00.23:974][  0]LogConfig: Setting CVar [[r.SSR.HalfResSceneColor:0]]
[2020.12.27-15.00.23:974][  0]LogConfig: Setting CVar [[r.SceneColorFormat:4]]
[2020.12.27-15.00.23:974][  0]LogConfig: Setting CVar [[r.DetailMode:2]]
[2020.12.27-15.00.23:974][  0]LogConfig: Setting CVar [[r.TranslucencyVolumeBlur:1]]
[2020.12.27-15.00.23:974][  0]LogConfig: Setting CVar [[r.MaterialQualityLevel:1 ; High quality]]
[2020.12.27-15.00.23:974][  0]LogConfig: Setting CVar [[r.SSS.Scale:1]]
[2020.12.27-15.00.23:974][  0]LogConfig: Setting CVar [[r.SSS.SampleSet:2]]
[2020.12.27-15.00.23:974][  0]LogConfig: Setting CVar [[r.SSS.Quality:1]]
[2020.12.27-15.00.23:974][  0]LogConfig: Setting CVar [[r.SSS.HalfRes:0]]
[2020.12.27-15.00.23:974][  0]LogConfig: Setting CVar [[r.SSGI.Quality:3]]
[2020.12.27-15.00.23:974][  0]LogConfig: Setting CVar [[r.EmitterSpawnRateScale:1.0]]
[2020.12.27-15.00.23:974][  0]LogConfig: Setting CVar [[r.ParticleLightQuality:2]]
[2020.12.27-15.00.23:974][  0]LogConfig: Setting CVar [[r.SkyAtmosphere.AerialPerspectiveLUT.FastApplyOnOpaque:1 ; Always have FastSkyLUT 1 in this case to avoid wrong sky]]
[2020.12.27-15.00.23:974][  0]LogConfig: Setting CVar [[r.SkyAtmosphere.AerialPerspectiveLUT.SampleCountPerSlice:1]]
[2020.12.27-15.00.23:974][  0]LogConfig: Setting CVar [[r.SkyAtmosphere.AerialPerspectiveLUT.DepthResolution:16.0]]
[2020.12.27-15.00.23:974][  0]LogConfig: Setting CVar [[r.SkyAtmosphere.FastSkyLUT:1]]
[2020.12.27-15.00.23:974][  0]LogConfig: Setting CVar [[r.SkyAtmosphere.FastSkyLUT.SampleCountMin:4.0]]
[2020.12.27-15.00.23:974][  0]LogConfig: Setting CVar [[r.SkyAtmosphere.FastSkyLUT.SampleCountMax:32.0]]
[2020.12.27-15.00.23:974][  0]LogConfig: Setting CVar [[r.SkyAtmosphere.SampleCountMin:4.0]]
[2020.12.27-15.00.23:974][  0]LogConfig: Setting CVar [[r.SkyAtmosphere.SampleCountMax:32.0]]
[2020.12.27-15.00.23:974][  0]LogConfig: Setting CVar [[r.SkyAtmosphere.TransmittanceLUT.UseSmallFormat:0]]
[2020.12.27-15.00.23:974][  0]LogConfig: Setting CVar [[r.SkyAtmosphere.TransmittanceLUT.SampleCount:10.0]]
[2020.12.27-15.00.23:974][  0]LogConfig: Setting CVar [[r.SkyAtmosphere.MultiScatteringLUT.SampleCount:15.0]]
[2020.12.27-15.00.23:974][  0]LogConfig: Applying CVar settings from Section [FoliageQuality@3] File [C:/Users/Sam Swift/Documents/GitHub/Everyware/Covid_Aware_Project/Saved/Config/Windows/Scalability.ini]
[2020.12.27-15.00.23:975][  0]LogConfig: Setting CVar [[foliage.DensityScale:1.0]]
[2020.12.27-15.00.23:975][  0]LogConfig: Setting CVar [[grass.DensityScale:1.0]]
[2020.12.27-15.00.23:975][  0]LogConfig: Applying CVar settings from Section [ShadingQuality@3] File [C:/Users/Sam Swift/Documents/GitHub/Everyware/Covid_Aware_Project/Saved/Config/Windows/Scalability.ini]
[2020.12.27-15.00.23:975][  0]LogConfig: Setting CVar [[r.HairStrands.SkyLighting.SampleCount:16]]
[2020.12.27-15.00.23:975][  0]LogConfig: Setting CVar [[r.HairStrands.SkyLighting.JitterIntegration:0]]
[2020.12.27-15.00.23:975][  0]LogConfig: Setting CVar [[r.HairStrands.SkyAO.SampleCount:16]]
[2020.12.27-15.00.23:975][  0]LogConfig: Setting CVar [[r.HairStrands.DeepShadow.SuperSampling:0]]
[2020.12.27-15.00.23:975][  0]LogConfig: Setting CVar [[r.HairStrands.VisibilityPPLL:0]]
[2020.12.27-15.00.23:975][  0]LogConfig: Setting CVar [[r.HairStrands.RasterizationScale:0.5]]
[2020.12.27-15.00.23:975][  0]LogConfig: Setting CVar [[r.HairStrands.VelocityRasterizationScale:1]]
[2020.12.27-15.00.23:975][  0]LogInit: Selected Device Profile: [Windows]
[2020.12.27-15.00.23:975][  0]LogInit: Applying CVar settings loaded from the selected device profile: [Windows]
[2020.12.27-15.00.23:975][  0]LogHAL: Display: Platform has ~ 16 GB [17108541440 / 17179869184 / 16], which maps to Larger [LargestMinGB=32, LargerMinGB=12, DefaultMinGB=8, SmallerMinGB=6, SmallestMinGB=0)
[2020.12.27-15.00.23:975][  0]LogInit: Going up to parent DeviceProfile []
[2020.12.27-15.00.23:975][  0]LogConfig: Applying CVar settings from Section [ViewDistanceQuality@3] File [C:/Users/Sam Swift/Documents/GitHub/Everyware/Covid_Aware_Project/Saved/Config/Windows/Scalability.ini]
[2020.12.27-15.00.23:975][  0]LogConfig: Setting CVar [[r.SkeletalMeshLODBias:0]]
[2020.12.27-15.00.23:975][  0]LogConfig: Setting CVar [[r.ViewDistanceScale:1.0]]
[2020.12.27-15.00.23:975][  0]LogConfig: Applying CVar settings from Section [AntiAliasingQuality@3] File [C:/Users/Sam Swift/Documents/GitHub/Everyware/Covid_Aware_Project/Saved/Config/Windows/Scalability.ini]
[2020.12.27-15.00.23:975][  0]LogConfig: Setting CVar [[r.PostProcessAAQuality:4]]
[2020.12.27-15.00.23:975][  0]LogConfig: Applying CVar settings from Section [ShadowQuality@3] File [C:/Users/Sam Swift/Documents/GitHub/Everyware/Covid_Aware_Project/Saved/Config/Windows/Scalability.ini]
[2020.12.27-15.00.23:975][  0]LogConfig: Setting CVar [[r.LightFunctionQuality:1]]
[2020.12.27-15.00.23:975][  0]LogConfig: Setting CVar [[r.ShadowQuality:5]]
[2020.12.27-15.00.23:975][  0]LogConfig: Setting CVar [[r.Shadow.CSM.MaxCascades:10]]
[2020.12.27-15.00.23:975][  0]LogConfig: Setting CVar [[r.Shadow.MaxResolution:2048]]
[2020.12.27-15.00.23:975][  0]LogConfig: Setting CVar [[r.Shadow.MaxCSMResolution:2048]]
[2020.12.27-15.00.23:975][  0]LogConfig: Setting CVar [[r.Shadow.RadiusThreshold:0.01]]
[2020.12.27-15.00.23:975][  0]LogConfig: Setting CVar [[r.Shadow.DistanceScale:1.0]]
[2020.12.27-15.00.23:975][  0]LogConfig: Setting CVar [[r.Shadow.CSM.TransitionScale:1.0]]
[2020.12.27-15.00.23:975][  0]LogConfig: Setting CVar [[r.Shadow.PreShadowResolutionFactor:1.0]]
[2020.12.27-15.00.23:975][  0]LogConfig: Setting CVar [[r.DistanceFieldShadowing:1]]
[2020.12.27-15.00.23:975][  0]LogConfig: Setting CVar [[r.DistanceFieldAO:1]]
[2020.12.27-15.00.23:975][  0]LogConfig: Setting CVar [[r.AOQuality:2]]
[2020.12.27-15.00.23:975][  0]LogConfig: Setting CVar [[r.VolumetricFog:1]]
[2020.12.27-15.00.23:975][  0]LogConfig: Setting CVar [[r.VolumetricFog.GridPixelSize:8]]
[2020.12.27-15.00.23:975][  0]LogConfig: Setting CVar [[r.VolumetricFog.GridSizeZ:128]]
[2020.12.27-15.00.23:975][  0]LogConfig: Setting CVar [[r.VolumetricFog.HistoryMissSupersampleCount:4]]
[2020.12.27-15.00.23:975][  0]LogConfig: Setting CVar [[r.LightMaxDrawDistanceScale:1]]
[2020.12.27-15.00.23:975][  0]LogConfig: Setting CVar [[r.CapsuleShadows:1]]
[2020.12.27-15.00.23:975][  0]LogConfig: Applying CVar settings from Section [PostProcessQuality@3] File [C:/Users/Sam Swift/Documents/GitHub/Everyware/Covid_Aware_Project/Saved/Config/Windows/Scalability.ini]
[2020.12.27-15.00.23:975][  0]LogConfig: Setting CVar [[r.MotionBlurQuality:4]]
[2020.12.27-15.00.23:975][  0]LogConfig: Setting CVar [[r.AmbientOcclusionMipLevelFactor:0.4]]
[2020.12.27-15.00.23:975][  0]LogConfig: Setting CVar [[r.AmbientOcclusionMaxQuality:100]]
[2020.12.27-15.00.23:975][  0]LogConfig: Setting CVar [[r.AmbientOcclusionLevels:-1]]
[2020.12.27-15.00.23:975][  0]LogConfig: Setting CVar [[r.AmbientOcclusionRadiusScale:1.0]]
[2020.12.27-15.00.23:975][  0]LogConfig: Setting CVar [[r.DepthOfFieldQuality:2]]
[2020.12.27-15.00.23:975][  0]LogConfig: Setting CVar [[r.RenderTargetPoolMin:400]]
[2020.12.27-15.00.23:975][  0]LogConfig: Setting CVar [[r.LensFlareQuality:2]]
[2020.12.27-15.00.23:975][  0]LogConfig: Setting CVar [[r.SceneColorFringeQuality:1]]
[2020.12.27-15.00.23:975][  0]LogConfig: Setting CVar [[r.EyeAdaptationQuality:2]]
[2020.12.27-15.00.23:975][  0]LogConfig: Setting CVar [[r.BloomQuality:5]]
[2020.12.27-15.00.23:975][  0]LogConfig: Setting CVar [[r.FastBlurThreshold:100]]
[2020.12.27-15.00.23:975][  0]LogConfig: Setting CVar [[r.Upscale.Quality:3]]
[2020.12.27-15.00.23:975][  0]LogConfig: Setting CVar [[r.Tonemapper.GrainQuantization:1]]
[2020.12.27-15.00.23:975][  0]LogConfig: Setting CVar [[r.LightShaftQuality:1]]
[2020.12.27-15.00.23:975][  0]LogConfig: Setting CVar [[r.Filter.SizeScale:1]]
[2020.12.27-15.00.23:975][  0]LogConfig: Setting CVar [[r.Tonemapper.Quality:5]]
[2020.12.27-15.00.23:975][  0]LogConfig: Setting CVar [[r.DOF.Gather.AccumulatorQuality:1        ; higher gathering accumulator quality]]
[2020.12.27-15.00.23:975][  0]LogConfig: Setting CVar [[r.DOF.Gather.PostfilterMethod:1          ; Median3x3 postfilering method]]
[2020.12.27-15.00.23:975][  0]LogConfig: Setting CVar [[r.DOF.Gather.EnableBokehSettings:0       ; no bokeh simulation when gathering]]
[2020.12.27-15.00.23:975][  0]LogConfig: Setting CVar [[r.DOF.Gather.RingCount:4                 ; medium number of samples when gathering]]
[2020.12.27-15.00.23:975][  0]LogConfig: Setting CVar [[r.DOF.Scatter.ForegroundCompositing:1    ; additive foreground scattering]]
[2020.12.27-15.00.23:975][  0]LogConfig: Setting CVar [[r.DOF.Scatter.BackgroundCompositing:2    ; additive background scattering]]
[2020.12.27-15.00.23:975][  0]LogConfig: Setting CVar [[r.DOF.Scatter.EnableBokehSettings:1      ; bokeh simulation when scattering]]
[2020.12.27-15.00.23:975][  0]LogConfig: Setting CVar [[r.DOF.Scatter.MaxSpriteRatio:0.1         ; only a maximum of 10% of scattered bokeh]]
[2020.12.27-15.00.23:975][  0]LogConfig: Setting CVar [[r.DOF.Recombine.Quality:1                ; cheap slight out of focus]]
[2020.12.27-15.00.23:975][  0]LogConfig: Setting CVar [[r.DOF.Recombine.EnableBokehSettings:0    ; no bokeh simulation on slight out of focus]]
[2020.12.27-15.00.23:975][  0]LogConfig: Setting CVar [[r.DOF.TemporalAAQuality:1                ; more stable temporal accumulation]]
[2020.12.27-15.00.23:975][  0]LogConfig: Setting CVar [[r.DOF.Kernel.MaxForegroundRadius:0.025]]
[2020.12.27-15.00.23:975][  0]LogConfig: Setting CVar [[r.DOF.Kernel.MaxBackgroundRadius:0.025]]
[2020.12.27-15.00.23:975][  0]LogConfig: Applying CVar settings from Section [TextureQuality@3] File [C:/Users/Sam Swift/Documents/GitHub/Everyware/Covid_Aware_Project/Saved/Config/Windows/Scalability.ini]
[2020.12.27-15.00.23:975][  0]LogConfig: Setting CVar [[r.Streaming.MipBias:0]]
[2020.12.27-15.00.23:975][  0]LogConfig: Setting CVar [[r.Streaming.AmortizeCPUToGPUCopy:0]]
[2020.12.27-15.00.23:975][  0]LogConfig: Setting CVar [[r.Streaming.MaxNumTexturesToStreamPerFrame:0]]
[2020.12.27-15.00.23:975][  0]LogConfig: Setting CVar [[r.Streaming.Boost:1]]
[2020.12.27-15.00.23:975][  0]LogConfig: Setting CVar [[r.MaxAnisotropy:8]]
[2020.12.27-15.00.23:975][  0]LogConfig: Setting CVar [[r.VT.MaxAnisotropy:8]]
[2020.12.27-15.00.23:975][  0]LogConfig: Setting CVar [[r.Streaming.LimitPoolSizeToVRAM:0]]
[2020.12.27-15.00.23:975][  0]LogConfig: Setting CVar [[r.Streaming.PoolSize:1000]]
[2020.12.27-15.00.23:975][  0]LogConfig: Setting CVar [[r.Streaming.MaxEffectiveScreenSize:0]]
[2020.12.27-15.00.23:975][  0]LogConfig: Applying CVar settings from Section [EffectsQuality@3] File [C:/Users/Sam Swift/Documents/GitHub/Everyware/Covid_Aware_Project/Saved/Config/Windows/Scalability.ini]
[2020.12.27-15.00.23:975][  0]LogConfig: Setting CVar [[r.TranslucencyLightingVolumeDim:64]]
[2020.12.27-15.00.23:975][  0]LogConfig: Setting CVar [[r.RefractionQuality:2]]
[2020.12.27-15.00.23:975][  0]LogConfig: Setting CVar [[r.SSR.Quality:3]]
[2020.12.27-15.00.23:975][  0]LogConfig: Setting CVar [[r.SSR.HalfResSceneColor:0]]
[2020.12.27-15.00.23:975][  0]LogConfig: Setting CVar [[r.SceneColorFormat:4]]
[2020.12.27-15.00.23:975][  0]LogConfig: Setting CVar [[r.DetailMode:2]]
[2020.12.27-15.00.23:975][  0]LogConfig: Setting CVar [[r.TranslucencyVolumeBlur:1]]
[2020.12.27-15.00.23:975][  0]LogConfig: Setting CVar [[r.MaterialQualityLevel:1 ; High quality]]
[2020.12.27-15.00.23:975][  0]LogConfig: Setting CVar [[r.SSS.Scale:1]]
[2020.12.27-15.00.23:975][  0]LogConfig: Setting CVar [[r.SSS.SampleSet:2]]
[2020.12.27-15.00.23:975][  0]LogConfig: Setting CVar [[r.SSS.Quality:1]]
[2020.12.27-15.00.23:975][  0]LogConfig: Setting CVar [[r.SSS.HalfRes:0]]
[2020.12.27-15.00.23:976][  0]LogConfig: Setting CVar [[r.SSGI.Quality:3]]
[2020.12.27-15.00.23:976][  0]LogConfig: Setting CVar [[r.EmitterSpawnRateScale:1.0]]
[2020.12.27-15.00.23:976][  0]LogConfig: Setting CVar [[r.ParticleLightQuality:2]]
[2020.12.27-15.00.23:976][  0]LogConfig: Setting CVar [[r.SkyAtmosphere.AerialPerspectiveLUT.FastApplyOnOpaque:1 ; Always have FastSkyLUT 1 in this case to avoid wrong sky]]
[2020.12.27-15.00.23:976][  0]LogConfig: Setting CVar [[r.SkyAtmosphere.AerialPerspectiveLUT.SampleCountPerSlice:1]]
[2020.12.27-15.00.23:976][  0]LogConfig: Setting CVar [[r.SkyAtmosphere.AerialPerspectiveLUT.DepthResolution:16.0]]
[2020.12.27-15.00.23:976][  0]LogConfig: Setting CVar [[r.SkyAtmosphere.FastSkyLUT:1]]
[2020.12.27-15.00.23:976][  0]LogConfig: Setting CVar [[r.SkyAtmosphere.FastSkyLUT.SampleCountMin:4.0]]
[2020.12.27-15.00.23:976][  0]LogConfig: Setting CVar [[r.SkyAtmosphere.FastSkyLUT.SampleCountMax:32.0]]
[2020.12.27-15.00.23:976][  0]LogConfig: Setting CVar [[r.SkyAtmosphere.SampleCountMin:4.0]]
[2020.12.27-15.00.23:976][  0]LogConfig: Setting CVar [[r.SkyAtmosphere.SampleCountMax:32.0]]
[2020.12.27-15.00.23:976][  0]LogConfig: Setting CVar [[r.SkyAtmosphere.TransmittanceLUT.UseSmallFormat:0]]
[2020.12.27-15.00.23:976][  0]LogConfig: Setting CVar [[r.SkyAtmosphere.TransmittanceLUT.SampleCount:10.0]]
[2020.12.27-15.00.23:976][  0]LogConfig: Setting CVar [[r.SkyAtmosphere.MultiScatteringLUT.SampleCount:15.0]]
[2020.12.27-15.00.23:976][  0]LogConfig: Applying CVar settings from Section [FoliageQuality@3] File [C:/Users/Sam Swift/Documents/GitHub/Everyware/Covid_Aware_Project/Saved/Config/Windows/Scalability.ini]
[2020.12.27-15.00.23:976][  0]LogConfig: Setting CVar [[foliage.DensityScale:1.0]]
[2020.12.27-15.00.23:976][  0]LogConfig: Setting CVar [[grass.DensityScale:1.0]]
[2020.12.27-15.00.23:976][  0]LogConfig: Applying CVar settings from Section [ShadingQuality@3] File [C:/Users/Sam Swift/Documents/GitHub/Everyware/Covid_Aware_Project/Saved/Config/Windows/Scalability.ini]
[2020.12.27-15.00.23:976][  0]LogConfig: Setting CVar [[r.HairStrands.SkyLighting.SampleCount:16]]
[2020.12.27-15.00.23:976][  0]LogConfig: Setting CVar [[r.HairStrands.SkyLighting.JitterIntegration:0]]
[2020.12.27-15.00.23:976][  0]LogConfig: Setting CVar [[r.HairStrands.SkyAO.SampleCount:16]]
[2020.12.27-15.00.23:976][  0]LogConfig: Setting CVar [[r.HairStrands.DeepShadow.SuperSampling:0]]
[2020.12.27-15.00.23:976][  0]LogConfig: Setting CVar [[r.HairStrands.VisibilityPPLL:0]]
[2020.12.27-15.00.23:976][  0]LogConfig: Setting CVar [[r.HairStrands.RasterizationScale:0.5]]
[2020.12.27-15.00.23:976][  0]LogConfig: Setting CVar [[r.HairStrands.VelocityRasterizationScale:1]]
[2020.12.27-15.00.23:976][  0]LogConfig: Applying CVar settings from Section [Startup] File [../../../Engine/Config/ConsoleVariables.ini]
[2020.12.27-15.00.23:976][  0]LogConfig: Setting CVar [[net.UseAdaptiveNetUpdateFrequency:0]]
[2020.12.27-15.00.23:976][  0]LogConfig: Setting CVar [[p.chaos.AllowCreatePhysxBodies:1]]
[2020.12.27-15.00.23:976][  0]LogConfig: Setting CVar [[fx.SkipVectorVMBackendOptimizations:1]]
[2020.12.27-15.00.23:976][  0]LogConfig: Applying CVar settings from Section [ConsoleVariables] File [C:/Users/Sam Swift/Documents/GitHub/Everyware/Covid_Aware_Project/Saved/Config/Windows/Engine.ini]
[2020.12.27-15.00.23:976][  0]LogInit: Computer: DESKTOP-P6E1P29
[2020.12.27-15.00.23:976][  0]LogInit: User: SamSwift
[2020.12.27-15.00.23:976][  0]LogInit: CPU Page size=4096, Cores=8
[2020.12.27-15.00.23:976][  0]LogInit: High frequency timer resolution =10.000000 MHz
[2020.12.27-15.00.23:976][  0]LogMemory: Memory total: Physical=15.9GB (16GB approx)
[2020.12.27-15.00.23:976][  0]LogMemory: Platform Memory Stats for Windows
[2020.12.27-15.00.23:976][  0]LogMemory: Process Physical Memory: 116.15 MB used, 116.16 MB peak
[2020.12.27-15.00.23:976][  0]LogMemory: Process Virtual Memory: 97.99 MB used, 97.99 MB peak
[2020.12.27-15.00.23:976][  0]LogMemory: Physical Memory: 6941.87 MB used,  9374.11 MB free, 16315.98 MB total
[2020.12.27-15.00.23:976][  0]LogMemory: Virtual Memory: 5184.91 MB used,  134212544.00 MB free, 134217728.00 MB total
[2020.12.27-15.00.23:981][  0]LogWindows: WindowsPlatformFeatures enabled
[2020.12.27-15.00.24:025][  0]LogInit: Physics initialised using underlying interface: PhysX
[2020.12.27-15.00.24:026][  0]LogInit: Using OS detected language (en-GB).
[2020.12.27-15.00.24:026][  0]LogInit: Using OS detected locale (en-GB).
[2020.12.27-15.00.24:028][  0]LogTextLocalizationManager: No specific localization for 'en-GB' exists, so the 'en' localization will be used.
[2020.12.27-15.00.24:163][  0]LogInit: Setting process to per monitor DPI aware
[2020.12.27-15.00.24:193][  0]LogSlate: New Slate User Created.  User Index 0, Is Virtual User: 0
[2020.12.27-15.00.24:193][  0]LogSlate: Slate User Registered.  User Index 0, Is Virtual User: 0
[2020.12.27-15.00.24:355][  0]LogHMD: Failed to initialize OpenVR with code 102
[2020.12.27-15.00.24:355][  0]LogD3D11RHI: D3D11 min allowed feature level: 11_0
[2020.12.27-15.00.24:355][  0]LogD3D11RHI: D3D11 max allowed feature level: 11_0
[2020.12.27-15.00.24:355][  0]LogD3D11RHI: D3D11 adapters:
[2020.12.27-15.00.24:407][  0]LogD3D11RHI:    0. 'NVIDIA GeForce GTX 1660 Ti' (Feature Level 11_0)
[2020.12.27-15.00.24:407][  0]LogD3D11RHI:       5991/0/8157 MB DedicatedVideo/DedicatedSystem/SharedSystem, Outputs:2, VendorId:0x10de
[2020.12.27-15.00.24:409][  0]LogD3D11RHI:    1. 'Microsoft Basic Render Driver' (Feature Level 11_0)
[2020.12.27-15.00.24:409][  0]LogD3D11RHI:       0/0/8157 MB DedicatedVideo/DedicatedSystem/SharedSystem, Outputs:0, VendorId:0x1414
[2020.12.27-15.00.24:409][  0]LogD3D11RHI: Chosen D3D11 Adapter: 0
[2020.12.27-15.00.24:415][  0]LogD3D11RHI: Creating new Direct3DDevice
[2020.12.27-15.00.24:415][  0]LogD3D11RHI:     GPU DeviceId: 0x2182 (for the marketing name, search the web for "GPU Device Id")
[2020.12.27-15.00.24:415][  0]LogWindows: EnumDisplayDevices:
[2020.12.27-15.00.24:415][  0]LogWindows:    0. 'NVIDIA GeForce GTX 1660 Ti' (P:1 D:1)
[2020.12.27-15.00.24:416][  0]LogWindows:    1. 'NVIDIA GeForce GTX 1660 Ti' (P:0 D:1)
[2020.12.27-15.00.24:416][  0]LogWindows:    2. 'NVIDIA GeForce GTX 1660 Ti' (P:0 D:0)
[2020.12.27-15.00.24:416][  0]LogWindows:    3. 'NVIDIA GeForce GTX 1660 Ti' (P:0 D:0)
[2020.12.27-15.00.24:416][  0]LogWindows: DebugString: FoundDriverCount:4 
[2020.12.27-15.00.24:416][  0]LogD3D11RHI:     Adapter Name: NVIDIA GeForce GTX 1660 Ti
[2020.12.27-15.00.24:416][  0]LogD3D11RHI:   Driver Version: 457.30 (internal:27.21.14.5730, unified:457.30)
[2020.12.27-15.00.24:416][  0]LogD3D11RHI:      Driver Date: 11-6-2020
[2020.12.27-15.00.24:416][  0]LogRHI: Texture pool is 4193 MB (70% of 5991 MB)
[2020.12.27-15.00.24:458][  0]LogD3D11RHI: RHI has support for 64 bit atomics
[2020.12.27-15.00.24:458][  0]LogD3D11RHI: Async texture creation enabled
[2020.12.27-15.00.24:458][  0]LogD3D11RHI: Array index from any shader is supported
[2020.12.27-15.00.24:460][  0]LogD3D11RHI: HDR output is supported on display 1 (NvId: 0x80061086).
[2020.12.27-15.00.24:472][  0]LogD3D11RHI: GPU Timing Frequency: 1000.000000 (Debug: 2 1)
[2020.12.27-15.00.24:707][  0]LogTargetPlatformManager: Display: Loaded TargetPlatform 'AllDesktop'
[2020.12.27-15.00.24:727][  0]LogTargetPlatformManager: Display: Loaded TargetPlatform 'Android'
[2020.12.27-15.00.24:727][  0]LogTargetPlatformManager: Display: Loaded TargetPlatform 'Android_ASTC'
[2020.12.27-15.00.24:727][  0]LogTargetPlatformManager: Display: Loaded TargetPlatform 'Android_DXT'
[2020.12.27-15.00.24:727][  0]LogTargetPlatformManager: Display: Loaded TargetPlatform 'Android_ETC2'
[2020.12.27-15.00.24:727][  0]LogTargetPlatformManager: Display: Loaded TargetPlatform 'AndroidClient'
[2020.12.27-15.00.24:727][  0]LogTargetPlatformManager: Display: Loaded TargetPlatform 'Android_ASTCClient'
[2020.12.27-15.00.24:727][  0]LogTargetPlatformManager: Display: Loaded TargetPlatform 'Android_DXTClient'
[2020.12.27-15.00.24:727][  0]LogTargetPlatformManager: Display: Loaded TargetPlatform 'Android_ETC2Client'
[2020.12.27-15.00.24:727][  0]LogTargetPlatformManager: Display: Loaded TargetPlatform 'Android_Multi'
[2020.12.27-15.00.24:727][  0]LogTargetPlatformManager: Display: Loaded TargetPlatform 'Android_MultiClient'
[2020.12.27-15.00.24:750][  0]LogTargetPlatformManager: Display: Loaded TargetPlatform 'IOSClient'
[2020.12.27-15.00.24:750][  0]LogTargetPlatformManager: Display: Loaded TargetPlatform 'IOS'
[2020.12.27-15.00.24:760][  0]LogTargetPlatformManager: Display: Loaded TargetPlatform 'Linux'
[2020.12.27-15.00.24:769][  0]LogTargetPlatformManager: Display: Loaded TargetPlatform 'LinuxNoEditor'
[2020.12.27-15.00.24:779][  0]LogTargetPlatformManager: Display: Loaded TargetPlatform 'LinuxClient'
[2020.12.27-15.00.24:788][  0]LogTargetPlatformManager: Display: Loaded TargetPlatform 'LinuxServer'
[2020.12.27-15.00.24:797][  0]LogTargetPlatformManager: Display: Loaded TargetPlatform 'LinuxAArch64NoEditor'
[2020.12.27-15.00.24:806][  0]LogTargetPlatformManager: Display: Loaded TargetPlatform 'LinuxAArch64Client'
[2020.12.27-15.00.24:815][  0]LogTargetPlatformManager: Display: Loaded TargetPlatform 'LinuxAArch64Server'
[2020.12.27-15.00.24:840][  0]LogTargetPlatformManager: Display: Loaded TargetPlatform 'Lumin'
[2020.12.27-15.00.24:840][  0]LogTargetPlatformManager: Display: Loaded TargetPlatform 'LuminClient'
[2020.12.27-15.00.24:855][  0]LogTargetPlatformManager: Display: Loaded TargetPlatform 'TVOSClient'
[2020.12.27-15.00.24:855][  0]LogTargetPlatformManager: Display: Loaded TargetPlatform 'TVOS'
[2020.12.27-15.00.24:864][  0]LogTargetPlatformManager: Display: Loaded TargetPlatform 'WindowsNoEditor'
[2020.12.27-15.00.24:874][  0]LogTargetPlatformManager: Display: Loaded TargetPlatform 'Windows'
[2020.12.27-15.00.24:883][  0]LogTargetPlatformManager: Display: Loaded TargetPlatform 'WindowsClient'
[2020.12.27-15.00.24:892][  0]LogTargetPlatformManager: Display: Loaded TargetPlatform 'WindowsServer'
[2020.12.27-15.00.24:892][  0]LogTargetPlatformManager: Display: Building Assets For Windows
[2020.12.27-15.00.24:900][  0]LogAudioDebug: Display: Lib vorbis DLL was dynamically loaded.
[2020.12.27-15.00.24:954][  0]LogShaderCompilers: Guid format shader working directory is -15 characters bigger than the processId version (C:/Users/Sam Swift/Documents/GitHub/Everyware/Covid_Aware_Project/Intermediate/Shaders/WorkingDirectory/5016/).
[2020.12.27-15.00.24:954][  0]LogShaderCompilers: Cleaned the shader compiler working directory 'C:/Users/Sam Swift/AppData/Local/Temp/UnrealShaderWorkingDir/B73A4B4C465C5C9C481049AF6A93E459/'.
[2020.12.27-15.00.24:955][  0]LogXGEController: Cleaning working directory: C:/Users/Sam Swift/AppData/Local/Temp/UnrealXGEWorkingDir/
[2020.12.27-15.00.24:955][  0]LogXGEController: Cannot use XGE Controller as Incredibuild is not installed on this machine.
[2020.12.27-15.00.24:955][  0]LogShaderCompilers: Cannot use XGE Shader Compiler as Incredibuild is not installed on this machine.
[2020.12.27-15.00.24:955][  0]LogShaderCompilers: Display: Using Local Shader Compiler.
[2020.12.27-15.00.25:598][  0]LogDerivedDataCache: Display: Max Cache Size: 512 MB
[2020.12.27-15.00.25:634][  0]LogDerivedDataCache: Loaded boot cache 0.04s 75MB C:/Users/Sam Swift/AppData/Local/UnrealEngine/4.25/DerivedDataCache/Boot.ddc.
[2020.12.27-15.00.25:634][  0]LogDerivedDataCache: Display: Loaded Boot cache: C:/Users/Sam Swift/AppData/Local/UnrealEngine/4.25/DerivedDataCache/Boot.ddc
[2020.12.27-15.00.25:635][  0]LogDerivedDataCache: FDerivedDataBackendGraph:  Pak pak cache file C:/Users/Sam Swift/Documents/GitHub/Everyware/Covid_Aware_Project/DerivedDataCache/DDC.ddp not found, will not use a pak cache.
[2020.12.27-15.00.25:635][  0]LogDerivedDataCache: Unable to find inner node Pak for hierarchical cache Hierarchy.
[2020.12.27-15.00.25:635][  0]LogDerivedDataCache: FDerivedDataBackendGraph:  CompressedPak pak cache file C:/Users/Sam Swift/Documents/GitHub/Everyware/Covid_Aware_Project/DerivedDataCache/Compressed.ddp not found, will not use a pak cache.
[2020.12.27-15.00.25:635][  0]LogDerivedDataCache: Unable to find inner node CompressedPak for hierarchical cache Hierarchy.
[2020.12.27-15.00.25:644][  0]LogDerivedDataCache: Display: Pak cache opened for reading ../../../Engine/DerivedDataCache/Compressed.ddp.
[2020.12.27-15.00.25:644][  0]LogDerivedDataCache: FDerivedDataBackendGraph:  EnterprisePak pak cache file ../../../Enterprise/DerivedDataCache/Compressed.ddp not found, will not use a pak cache.
[2020.12.27-15.00.25:644][  0]LogDerivedDataCache: Unable to find inner node EnterprisePak for hierarchical cache Hierarchy.
[2020.12.27-15.00.25:645][  0]LogDerivedDataCache: Using Local data cache path C:/Users/Sam Swift/AppData/Local/UnrealEngine/Common/DerivedDataCache: Writable
[2020.12.27-15.00.25:645][  0]LogDerivedDataCache: Shared data cache path not found in *engine.ini, will not use an Shared cache.
[2020.12.27-15.00.25:645][  0]LogDerivedDataCache: Unable to find inner node Shared for hierarchical cache Hierarchy.
[2020.12.27-15.00.25:687][  0]LogSlate: Using FreeType 2.10.0
[2020.12.27-15.00.25:687][  0]LogSlate: SlateFontServices - WITH_FREETYPE: 1, WITH_HARFBUZZ: 1
[2020.12.27-15.00.25:707][  0]LogAssetRegistry: FAssetRegistry took 0.0025 seconds to start up
[2020.12.27-15.00.25:898][  0]LogInit: Selected Device Profile: [Windows]
[2020.12.27-15.00.25:990][  0]LogMeshReduction: Using QuadricMeshReduction for automatic static mesh reduction
[2020.12.27-15.00.25:990][  0]LogMeshReduction: Using SimplygonMeshReduction for automatic skeletal mesh reduction
[2020.12.27-15.00.25:990][  0]LogMeshReduction: Using ProxyLODMeshReduction for automatic mesh merging
[2020.12.27-15.00.25:990][  0]LogMeshReduction: No distributed automatic mesh merging module available
[2020.12.27-15.00.25:990][  0]LogMeshMerging: No distributed automatic mesh merging module available
[2020.12.27-15.00.26:004][  0]LogNetVersion: Covid_Aware_Project 1.0.0, NetCL: 13144385, EngineNetVer: 14, GameNetVer: 0 (Checksum: 2632735844)
[2020.12.27-15.00.26:331][  0]LogAISub: UAISubsystem::UAISubsystem AISubsystem (000001F596D8D400), frame # 0
[2020.12.27-15.00.26:331][  0]LogAISub: UAISubsystem::UAISubsystem AIPerceptionSystem (000001F596CDAAC0), frame # 0
[2020.12.27-15.00.26:332][  0]LogAISub: UAISubsystem::UAISubsystem EnvQueryManager (000001F596D29E00), frame # 0
[2020.12.27-15.00.26:372][  0]LogPackageLocalizationCache: Processed 19 localized package path(s) for 1 prioritized culture(s) in 0.034775 seconds
[2020.12.27-15.00.26:377][  0]LogUObjectArray: 15917 objects as part of root set at end of initial load.
[2020.12.27-15.00.26:377][  0]LogUObjectAllocator: 3965568 out of 0 bytes used by permanent object pool.
[2020.12.27-15.00.26:377][  0]LogUObjectArray: CloseDisregardForGC: 0/0 objects in disregard for GC pool
[2020.12.27-15.00.26:677][  0]LogTcpMessaging: Initializing TcpMessaging bridge
[2020.12.27-15.00.26:682][  0]LogUdpMessaging: Initializing bridge on interface 0.0.0.0:0 to multicast group 230.0.0.1:6666.
[2020.12.27-15.00.26:752][  0]SourceControl: Source control is disabled
[2020.12.27-15.00.26:752][  0]SourceControl: Source control is disabled
[2020.12.27-15.00.26:755][  0]SourceControl: Source control is disabled
[2020.12.27-15.00.26:758][  0]SourceControl: Source control is disabled
[2020.12.27-15.00.26:764][  0]SourceControl: Source control is disabled
[2020.12.27-15.00.26:776][  0]LogVSAccessor: Display: Unable to create Visual Studio setup instance: 80040154
[2020.12.27-15.00.26:776][  0]LogVSAccessor: Display: Unable to create Visual Studio setup instance: 80040154
[2020.12.27-15.00.26:988][  0]LogAndroidPermission: UAndroidPermissionCallbackProxy::GetInstance
[2020.12.27-15.00.27:007][  0]LogAudioCaptureCore: Display: No Audio Capture implementations found. Audio input will be silent.
[2020.12.27-15.00.27:007][  0]LogAudioCaptureCore: Display: No Audio Capture implementations found. Audio input will be silent.
[2020.12.27-15.00.27:050][  0]LogOcInput: OculusInput pre-init called
[2020.12.27-15.00.27:060][  0]LogWindows: Failed to load 'OVRPlugin.dll' (GetLastError=126)
[2020.12.27-15.00.27:060][  0]LogWindows: File 'OVRPlugin.dll' does not exist
[2020.12.27-15.00.27:117][  0]LogEngine: Initializing Engine...
[2020.12.27-15.00.27:119][  0]LogHMD: Failed to initialize OpenVR with code 102
[2020.12.27-15.00.27:119][  0]LogMagicLeap: Warning: VR disabled because ZI is not enabled.  To enable, in the editor, Edit -> Project Settings -> Plugins -> Magic Leap Plugin -> Enable Zero Iteration
[2020.12.27-15.00.27:119][  0]LogStats: UGameplayTagsManager::InitializeManager -  0.000 s
[2020.12.27-15.00.27:203][  0]LogInit: Initializing FReadOnlyCVARCache
[2020.12.27-15.00.27:214][  0]LogAIModule: Creating AISystem for world Untitled
[2020.12.27-15.00.27:214][  0]LogAISub: UAISubsystem::UAISubsystem EnvQueryManager (000001F599C8C600), frame # 0
[2020.12.27-15.00.27:214][  0]LogAISub: UAISubsystem::UAISubsystem AIPerceptionSystem (000001F599C73100), frame # 0
[2020.12.27-15.00.27:220][  0]LogAudioMixer: Display: Audio Mixer Platform Settings:
[2020.12.27-15.00.27:220][  0]LogAudioMixer: Display: 	Sample Rate:						  48000
[2020.12.27-15.00.27:220][  0]LogAudioMixer: Display: 	Callback Buffer Frame Size Requested: 1024
[2020.12.27-15.00.27:220][  0]LogAudioMixer: Display: 	Callback Buffer Frame Size To Use:	  1024
[2020.12.27-15.00.27:220][  0]LogAudioMixer: Display: 	Number of buffers to queue:			  2
[2020.12.27-15.00.27:220][  0]LogAudioMixer: Display: 	Max Channels (voices):				  32
[2020.12.27-15.00.27:220][  0]LogAudioMixer: Display: 	Number of Async Source Workers:		  0
[2020.12.27-15.00.27:220][  0]LogAudio: Display: AudioDevice MaxSources: 32
[2020.12.27-15.00.27:220][  0]LogAudio: Display: Using built-in audio occlusion.
[2020.12.27-15.00.27:220][  0]LogAudioMixer: Display: Initializing audio mixer.
[2020.12.27-15.00.27:229][  0]LogAudioMixer: Display: 0: FrontLeft
[2020.12.27-15.00.27:229][  0]LogAudioMixer: Display: 1: FrontRight
[2020.12.27-15.00.27:253][  0]LogAudioMixer: Display: Using Audio Device Speakers (High Definition Audio Device)
[2020.12.27-15.00.27:254][  0]LogAudioMixer: Display: Initializing Sound Submixes...
[2020.12.27-15.00.27:256][  0]LogAudioMixer: Display: Creating Master Submix 'MasterSubmixDefault'
[2020.12.27-15.00.27:256][  0]LogAudioMixer: Display: Creating Master Submix 'MasterReverbSubmixDefault'
[2020.12.27-15.00.27:257][  0]LogAudioMixer: Display: Creating Master Submix 'MasterEQSubmixDefault'
[2020.12.27-15.00.27:257][  0]LogInit: FAudioDevice initialized.
[2020.12.27-15.00.27:258][  0]LogNetVersion: Set ProjectVersion to 1.0.0.0. Version Checksum will be recalculated on next use.
[2020.12.27-15.00.27:334][  0]LogDerivedDataCache: Saved boot cache 0.08s 75MB C:/Users/Sam Swift/AppData/Local/UnrealEngine/4.25/DerivedDataCache/Boot.ddc.
[2020.12.27-15.00.27:337][  0]LogInit: Texture streaming: Enabled
[2020.12.27-15.00.27:352][  0]LogEngineSessionManager: EngineSessionManager initialized
[2020.12.27-15.00.27:353][  0]LogEngineSessionManager: EngineSessionManager sent abnormal shutdown report. Type=Crashed, SessionId={B841E68B-4B7A-5E79-C02E-5AAD2C4E38E7}
[2020.12.27-15.00.27:353][  0]LogEditorSessionSummary: Verbose: Initializing EditorSessionSummaryWriter for editor session tracking
[2020.12.27-15.00.27:354][  0]LogEditorSessionSummary: EditorSessionSummaryWriter initialized
[2020.12.27-15.00.27:406][  0]LogInit: Transaction tracking system initialized
[2020.12.27-15.00.27:428][  0]BlueprintLog: New page: Editor Load
[2020.12.27-15.00.27:494][  0]LocalizationService: Localization service is disabled
[2020.12.27-15.00.27:568][  0]LogVSAccessor: Display: Unable to create Visual Studio setup instance: 80040154
[2020.12.27-15.00.27:568][  0]LogVSAccessor: Display: Unable to create Visual Studio setup instance: 80040154
[2020.12.27-15.00.27:621][  0]LogCook: Display: Max memory allowance for cook 16384mb min free memory 0mb
[2020.12.27-15.00.27:621][  0]LogCook: Display: Mobile HDR setting 1
[2020.12.27-15.00.27:627][  0]LogFileCache: Scanning file cache for directory 'C:/Users/Sam Swift/Documents/GitHub/Everyware/Covid_Aware_Project/Content/' took 0.00s
[2020.12.27-15.00.27:883][  0]SourceControl: Source control is disabled
[2020.12.27-15.00.27:983][  0]LogSlate: Took 0.000220 seconds to synchronously load lazily loaded font '../../../Engine/Content/Slate/Fonts/Roboto-Regular.ttf' (155K)
[2020.12.27-15.00.34:613][  0]LogSlate: Window 'Restore Packages' being destroyed
[2020.12.27-15.00.34:613][  0]LogWindowsTextInputMethodSystem: Display: IME system now deactivated.
[2020.12.27-15.00.34:644][  0]LogWindowsTextInputMethodSystem: Display: IME system now deactivated.
[2020.12.27-15.00.36:198][  0]LogSlate: Window 'Unable to Check Out From Source Control!' being destroyed
[2020.12.27-15.00.36:198][  0]LogWindowsTextInputMethodSystem: Display: IME system now deactivated.
[2020.12.27-15.00.36:203][  0]Message dialog closed, result: Ok, title: Unable to Check Out From Source Control!, text: The following assets could not be successfully checked out from source control:
/Game/HUDS/BluePrints/MainUI_HUD
[2020.12.27-15.00.36:217][  0]LogWindowsTextInputMethodSystem: Display: IME system now deactivated.
[2020.12.27-15.00.36:218][  0]LogUnrealEdMisc: Loading editor; pre map load, took 13.828
[2020.12.27-15.00.36:219][  0]Cmd: MAP LOAD FILE="C:/Users/Sam Swift/Documents/GitHub/Everyware/Covid_Aware_Project/Content/Levels/BetaLevel_GameplayTest.umap" TEMPLATE=0 SHOWPROGRESS=1 FEATURELEVEL=3
[2020.12.27-15.00.36:219][  0]LightingResults: New page: Lighting Build
[2020.12.27-15.00.36:220][  0]LogWorld: UWorld::CleanupWorld for Untitled, bSessionEnded=true, bCleanupResources=true
[2020.12.27-15.00.36:220][  0]LogSlate: InvalidateAllWidgets triggered.  All widgets were invalidated
[2020.12.27-15.00.36:220][  0]MapCheck: New page: Map Check
[2020.12.27-15.00.36:220][  0]LightingResults: New page: Lighting Build
[2020.12.27-15.00.36:232][  0]LogAISub: UAISubsystem::~UAISubsystem EnvQueryManager (000001F599C8C600), frame # 0
[2020.12.27-15.00.36:232][  0]LogAISub: UAISubsystem::~UAISubsystem AIPerceptionSystem (000001F599C73100), frame # 0
[2020.12.27-15.00.36:233][  0]LogUObjectHash: Compacting FUObjectHashTables data took   0.98ms
[2020.12.27-15.00.36:296][  0]LogLinker: Warning: While loading 'C:/Users/Sam Swift/Documents/GitHub/Everyware/Covid_Aware_Project/Content/Buildings/NonFunction/Hospital.uasset' failed to load '/Game/Buildings/NonFunction/None': Can't find file.
[2020.12.27-15.00.36:296][  0]LogLinker: Warning: While loading 'C:/Users/Sam Swift/Documents/GitHub/Everyware/Covid_Aware_Project/Content/Buildings/NonFunction/Hospital.uasset' failed to load '/Game/Buildings/NonFunction/None': Can't find file.
[2020.12.27-15.00.36:297][  0]LogLinker: Warning: While loading 'C:/Users/Sam Swift/Documents/GitHub/Everyware/Covid_Aware_Project/Content/Buildings/NonFunction/Hospital.uasset' failed to load '/Game/Buildings/NonFunction/None': Can't find file.
[2020.12.27-15.00.36:297][  0]LogLinker: Warning: While loading 'C:/Users/Sam Swift/Documents/GitHub/Everyware/Covid_Aware_Project/Content/Buildings/NonFunction/Hospital.uasset' failed to load '/Game/Buildings/NonFunction/None': Can't find file.
[2020.12.27-15.00.36:633][  0]LogLinker: Warning: While loading 'C:/Users/Sam Swift/Documents/GitHub/Everyware/Covid_Aware_Project/Content/Buildings/NonFunction/Hospital.uasset' failed to load '/Game/Buildings/NonFunction/None': Can't find file.
[2020.12.27-15.00.36:633][  0]LoadErrors: Failed to load /Game/Buildings/NonFunction/None.Material_0 Referenced by Hospital
[2020.12.27-15.00.36:633][  0]LogLinker: Warning: While loading 'C:/Users/Sam Swift/Documents/GitHub/Everyware/Covid_Aware_Project/Content/Buildings/NonFunction/Hospital.uasset' failed to load '/Game/Buildings/NonFunction/None': Can't find file.
[2020.12.27-15.00.36:633][  0]LoadErrors: Failed to load /Game/Buildings/NonFunction/None.Material_0 Referenced by Hospital
[2020.12.27-15.00.36:634][  0]LogLinker: Warning: While loading 'C:/Users/Sam Swift/Documents/GitHub/Everyware/Covid_Aware_Project/Content/Buildings/NonFunction/Hospital.uasset' failed to load '/Game/Buildings/NonFunction/None': Can't find file.
[2020.12.27-15.00.36:634][  0]LoadErrors: Failed to load /Game/Buildings/NonFunction/None.Material_0 Referenced by Hospital
[2020.12.27-15.00.36:634][  0]LogLinker: Warning: While loading 'C:/Users/Sam Swift/Documents/GitHub/Everyware/Covid_Aware_Project/Content/Buildings/NonFunction/Hospital.uasset' failed to load '/Game/Buildings/NonFunction/None': Can't find file.
[2020.12.27-15.00.36:634][  0]LoadErrors: Failed to load /Game/Buildings/NonFunction/None.Material_0 Referenced by Hospital
[2020.12.27-15.00.36:664][  0]LogAIModule: Creating AISystem for world BetaLevel_GameplayTest
[2020.12.27-15.00.36:664][  0]LogAISub: UAISubsystem::UAISubsystem EnvQueryManager (000001F591945400), frame # 0
[2020.12.27-15.00.36:664][  0]LogAISub: UAISubsystem::UAISubsystem AIPerceptionSystem (000001F59EA6AC00), frame # 0
[2020.12.27-15.00.36:675][  0]LogEditorServer: Finished looking for orphan Actors (0.000 secs)
[2020.12.27-15.00.36:688][  0]LogUObjectHash: Compacting FUObjectHashTables data took   0.88ms
[2020.12.27-15.00.36:689][  0]Cmd: MAP CHECKDEP NOCLEARLOG
[2020.12.27-15.00.36:689][  0]MapCheck: Map check complete: 0 Error(s), 0 Warning(s), took 0.198ms to complete.
[2020.12.27-15.00.36:689][  0]LogFileHelpers: Loading map 'BetaLevel_GameplayTest' took 0.470
[2020.12.27-15.00.36:691][  0]LogUnrealEdMisc: Total Editor Startup Time, took 14.300
[2020.12.27-15.00.36:759][  0]LogSlate: Updating window title bar state: overlay mode, drag disabled, window buttons hidden, title bar hidden
[2020.12.27-15.00.36:765][  0]LogSlate: Updating window title bar state: overlay mode, drag disabled, window buttons hidden, title bar hidden
[2020.12.27-15.00.36:770][  0]LogSlate: Updating window title bar state: overlay mode, drag disabled, window buttons hidden, title bar hidden
[2020.12.27-15.00.36:775][  0]LogSlate: Updating window title bar state: overlay mode, drag disabled, window buttons hidden, title bar hidden
[2020.12.27-15.00.36:781][  0]LogCollectionManager: Loaded 0 collections in 0.000806 seconds
[2020.12.27-15.00.36:794][  0]LogFileCache: Scanning file cache for directory 'C:/Users/Sam Swift/Documents/GitHub/Everyware/Covid_Aware_Project/Saved/Collections/' took 0.00s
[2020.12.27-15.00.36:794][  0]LogFileCache: Scanning file cache for directory 'C:/Users/Sam Swift/Documents/GitHub/Everyware/Covid_Aware_Project/Content/Developers/SamSwift/Collections/' took 0.00s
[2020.12.27-15.00.36:794][  0]LogFileCache: Scanning file cache for directory 'C:/Users/Sam Swift/Documents/GitHub/Everyware/Covid_Aware_Project/Content/Collections/' took 0.00s
[2020.12.27-15.00.36:794][  0]LogContentBrowser: Native class hierarchy populated in 0.0090 seconds. Added 3427 classes and 821 folders.
[2020.12.27-15.00.36:796][  0]LogContentBrowser: Native class hierarchy updated for 'WidgetCarousel' in 0.0002 seconds. Added 0 classes and 0 folders.
[2020.12.27-15.00.36:847][  0]LogContentBrowser: Native class hierarchy updated for 'AddContentDialog' in 0.0003 seconds. Added 0 classes and 0 folders.
[2020.12.27-15.00.36:848][  0]LogContentBrowser: Native class hierarchy updated for 'SceneOutliner' in 0.0001 seconds. Added 2 classes and 0 folders.
[2020.12.27-15.00.36:865][  0]LogSlate: Took 0.000232 seconds to synchronously load lazily loaded font '../../../Engine/Content/Slate/Fonts/Roboto-Bold.ttf' (160K)
[2020.12.27-15.00.36:868][  0]LogSlate: Took 0.000140 seconds to synchronously load lazily loaded font '../../../Engine/Content/Editor/Slate/Fonts/FontAwesome.ttf' (139K)
[2020.12.27-15.00.36:904][  0]LogRenderer: Reallocating scene render targets to support 1208x552 Format 10 NumSamples 1 (Frame:1).
[2020.12.27-15.00.36:935][  0]LogSlate: Took 0.000194 seconds to synchronously load lazily loaded font '../../../Engine/Content/Slate/Fonts/Roboto-Light.ttf' (167K)
[2020.12.27-15.00.36:967][  0]LogContentBrowser: Native class hierarchy updated for 'HierarchicalLODOutliner' in 0.0003 seconds. Added 0 classes and 0 folders.
[2020.12.27-15.00.36:967][  0]LogLoad: (Engine Initialization) Total time: 14.58 seconds
[2020.12.27-15.00.36:967][  0]LogLoad: (Engine Initialization) Total Blueprint compile time: 0.00 seconds
[2020.12.27-15.00.37:019][  0]LogAssetRegistry: Asset discovery search completed in 11.3126 seconds
[2020.12.27-15.00.37:021][  0]LogCollectionManager: Fixed up redirectors for 0 collections in 0.000001 seconds (updated 0 objects)
[2020.12.27-15.00.37:023][  0]LogContentStreaming: Texture pool size now 1000 MB
[2020.12.27-15.00.37:060][  0]LogSlate: Took 0.000178 seconds to synchronously load lazily loaded font '../../../Engine/Content/Slate/Fonts/DroidSansMono.ttf' (77K)
[2020.12.27-15.00.37:996][109]LogSlate: Took 0.000260 seconds to synchronously load lazily loaded font '../../../Engine/Content/Slate/Fonts/Roboto-Light.ttf' (167K)
[2020.12.27-15.00.38:278][127]LogSlate: Window 'Message Log' being destroyed
[2020.12.27-15.00.38:281][127]LogSlate: Window 'Message Log' being destroyed
[2020.12.27-15.00.38:971][196]LogTemp: Repeating last play command: Selected Viewport
[2020.12.27-15.00.38:990][196]LogPlayLevel: PlayLevel: No blueprints needed recompiling
[2020.12.27-15.00.38:990][196]PIE: New page: PIE session: BetaLevel_GameplayTest (27 Dec 2020, 15:00:38)
[2020.12.27-15.00.38:991][196]LogOnline: OSS: Creating online subsystem instance for: NULL
[2020.12.27-15.00.38:992][196]LogOnline: OSS: TryLoadSubsystemAndSetDefault: Loaded subsystem for module [NULL]
[2020.12.27-15.00.38:992][196]LogPlayLevel: Creating play world package: /Game/Levels/UEDPIE_0_BetaLevel_GameplayTest
[2020.12.27-15.00.38:998][196]LogPlayLevel: PIE: StaticDuplicateObject took: (0.006367s)
[2020.12.27-15.00.38:999][196]LogAIModule: Creating AISystem for world BetaLevel_GameplayTest
[2020.12.27-15.00.38:999][196]LogAISub: UAISubsystem::UAISubsystem EnvQueryManager (000001F5B932FE00), frame # 196
[2020.12.27-15.00.38:999][196]LogAISub: UAISubsystem::UAISubsystem AIPerceptionSystem (000001F585E196C0), frame # 196
[2020.12.27-15.00.38:999][196]LogPlayLevel: PIE: World Init took: (0.000891s)
[2020.12.27-15.00.38:999][196]LogPlayLevel: PIE: Created PIE world by copying editor world from /Game/Levels/BetaLevel_GameplayTest.BetaLevel_GameplayTest to /Game/Levels/UEDPIE_0_BetaLevel_GameplayTest.BetaLevel_GameplayTest (0.007351s)
[2020.12.27-15.00.39:012][196]LogUObjectHash: Compacting FUObjectHashTables data took   0.61ms
[2020.12.27-15.00.39:013][196]LogAudioMixer: Display: Audio Mixer Platform Settings:
[2020.12.27-15.00.39:013][196]LogAudioMixer: Display: 	Sample Rate:						  48000
[2020.12.27-15.00.39:013][196]LogAudioMixer: Display: 	Callback Buffer Frame Size Requested: 1024
[2020.12.27-15.00.39:013][196]LogAudioMixer: Display: 	Callback Buffer Frame Size To Use:	  1024
[2020.12.27-15.00.39:013][196]LogAudioMixer: Display: 	Number of buffers to queue:			  2
[2020.12.27-15.00.39:013][196]LogAudioMixer: Display: 	Max Channels (voices):				  32
[2020.12.27-15.00.39:013][196]LogAudioMixer: Display: 	Number of Async Source Workers:		  0
[2020.12.27-15.00.39:013][196]LogAudio: Display: AudioDevice MaxSources: 32
[2020.12.27-15.00.39:014][196]LogAudio: Display: Using built-in audio occlusion.
[2020.12.27-15.00.39:014][196]LogAudioMixer: Display: Initializing audio mixer.
[2020.12.27-15.00.39:016][196]LogAudioMixer: Display: 0: FrontLeft
[2020.12.27-15.00.39:016][196]LogAudioMixer: Display: 1: FrontRight
[2020.12.27-15.00.39:026][196]LogAudioMixer: Display: Using Audio Device Speakers (High Definition Audio Device)
[2020.12.27-15.00.39:026][196]LogAudioMixer: Display: Initializing Sound Submixes...
[2020.12.27-15.00.39:026][196]LogAudioMixer: Display: Creating Master Submix 'MasterSubmixDefault'
[2020.12.27-15.00.39:026][196]LogAudioMixer: Display: Creating Master Submix 'MasterReverbSubmixDefault'
[2020.12.27-15.00.39:026][196]LogAudioMixer: Display: Creating Master Submix 'MasterEQSubmixDefault'
[2020.12.27-15.00.39:037][196]LogInit: FAudioDevice initialized.
[2020.12.27-15.00.39:042][196]LogLoad: Game class is 'RTSGamemode_C'
[2020.12.27-15.00.39:045][196]LogWorld: Bringing World /Game/Levels/UEDPIE_0_BetaLevel_GameplayTest.BetaLevel_GameplayTest up for play (max tick rate 0) at 2020.12.27-15.00.39
[2020.12.27-15.00.39:045][196]LogWorld: Bringing up level for play took: 0.002335
[2020.12.27-15.00.39:045][196]LogOnline: OSS: Creating online subsystem instance for: :Context_2
[2020.12.27-15.00.39:055][196]LogContentBrowser: Native class hierarchy updated for 'MovieSceneCapture' in 0.0004 seconds. Added 20 classes and 0 folders.
[2020.12.27-15.00.39:065][196]PIE: Server logged in
[2020.12.27-15.00.39:066][196]PIE: Play in editor total start time 0.077 seconds.
[2020.12.27-15.00.39:067][196]LogBlueprintUserMessages: [RTSGamestate_C_0] 5
[2020.12.27-15.00.47:164][161]LogSlate: Updating window title bar state: overlay mode, drag disabled, window buttons hidden, title bar hidden
[2020.12.27-15.00.47:164][161]LogWorld: BeginTearingDown for /Game/Levels/UEDPIE_0_BetaLevel_GameplayTest
[2020.12.27-15.00.47:164][161]LogWorld: UWorld::CleanupWorld for BetaLevel_GameplayTest, bSessionEnded=true, bCleanupResources=true
[2020.12.27-15.00.47:165][161]LogSlate: InvalidateAllWidgets triggered.  All widgets were invalidated
[2020.12.27-15.00.47:172][161]LogPlayLevel: Display: Shutting down PIE online subsystems
[2020.12.27-15.00.47:174][161]LogSlate: InvalidateAllWidgets triggered.  All widgets were invalidated
[2020.12.27-15.00.47:195][161]LogSlate: Updating window title bar state: overlay mode, drag disabled, window buttons hidden, title bar hidden
[2020.12.27-15.00.47:196][161]LogAISub: UAISubsystem::~UAISubsystem AIPerceptionSystem (000001F585E196C0), frame # 1161
[2020.12.27-15.00.47:196][161]LogAISub: UAISubsystem::~UAISubsystem EnvQueryManager (000001F5B932FE00), frame # 1161
[2020.12.27-15.00.47:197][161]LogUObjectHash: Compacting FUObjectHashTables data took   0.71ms
[2020.12.27-15.00.47:242][163]LogPlayLevel: Display: Destroying online subsystem :Context_2
[2020.12.27-15.00.50:459][537]LogTemp: Repeating last play command: Selected Viewport
[2020.12.27-15.00.50:476][537]LogPlayLevel: PlayLevel: No blueprints needed recompiling
[2020.12.27-15.00.50:476][537]PIE: New page: PIE session: BetaLevel_GameplayTest (27 Dec 2020, 15:00:50)
[2020.12.27-15.00.50:476][537]LogPlayLevel: Creating play world package: /Game/Levels/UEDPIE_0_BetaLevel_GameplayTest
[2020.12.27-15.00.50:482][537]LogPlayLevel: PIE: StaticDuplicateObject took: (0.006519s)
[2020.12.27-15.00.50:483][537]LogAIModule: Creating AISystem for world BetaLevel_GameplayTest
[2020.12.27-15.00.50:483][537]LogAISub: UAISubsystem::UAISubsystem EnvQueryManager (000001F5B98B7C00), frame # 1537
[2020.12.27-15.00.50:483][537]LogAISub: UAISubsystem::UAISubsystem AIPerceptionSystem (000001F59EA03380), frame # 1537
[2020.12.27-15.00.50:484][537]LogPlayLevel: PIE: World Init took: (0.001005s)
[2020.12.27-15.00.50:484][537]LogPlayLevel: PIE: Created PIE world by copying editor world from /Game/Levels/BetaLevel_GameplayTest.BetaLevel_GameplayTest to /Game/Levels/UEDPIE_0_BetaLevel_GameplayTest.BetaLevel_GameplayTest (0.007621s)
[2020.12.27-15.00.50:493][537]LogUObjectHash: Compacting FUObjectHashTables data took   0.62ms
[2020.12.27-15.00.50:494][537]LogAudioMixer: Display: Audio Mixer Platform Settings:
[2020.12.27-15.00.50:494][537]LogAudioMixer: Display: 	Sample Rate:						  48000
[2020.12.27-15.00.50:494][537]LogAudioMixer: Display: 	Callback Buffer Frame Size Requested: 1024
[2020.12.27-15.00.50:494][537]LogAudioMixer: Display: 	Callback Buffer Frame Size To Use:	  1024
[2020.12.27-15.00.50:494][537]LogAudioMixer: Display: 	Number of buffers to queue:			  2
[2020.12.27-15.00.50:494][537]LogAudioMixer: Display: 	Max Channels (voices):				  32
[2020.12.27-15.00.50:494][537]LogAudioMixer: Display: 	Number of Async Source Workers:		  0
[2020.12.27-15.00.50:494][537]LogAudio: Display: AudioDevice MaxSources: 32
[2020.12.27-15.00.50:494][537]LogAudio: Display: Using built-in audio occlusion.
[2020.12.27-15.00.50:494][537]LogAudioMixer: Display: Initializing audio mixer.
[2020.12.27-15.00.50:497][537]LogAudioMixer: Display: 0: FrontLeft
[2020.12.27-15.00.50:497][537]LogAudioMixer: Display: 1: FrontRight
[2020.12.27-15.00.50:506][537]LogAudioMixer: Display: Using Audio Device Speakers (High Definition Audio Device)
[2020.12.27-15.00.50:507][537]LogAudioMixer: Display: Initializing Sound Submixes...
[2020.12.27-15.00.50:507][537]LogAudioMixer: Display: Creating Master Submix 'MasterSubmixDefault'
[2020.12.27-15.00.50:507][537]LogAudioMixer: Display: Creating Master Submix 'MasterReverbSubmixDefault'
[2020.12.27-15.00.50:507][537]LogAudioMixer: Display: Creating Master Submix 'MasterEQSubmixDefault'
[2020.12.27-15.00.50:517][537]LogInit: FAudioDevice initialized.
[2020.12.27-15.00.50:527][537]LogLoad: Game class is 'RTSGamemode_C'
[2020.12.27-15.00.50:529][537]LogWorld: Bringing World /Game/Levels/UEDPIE_0_BetaLevel_GameplayTest.BetaLevel_GameplayTest up for play (max tick rate 0) at 2020.12.27-15.00.50
[2020.12.27-15.00.50:529][537]LogWorld: Bringing up level for play took: 0.002062
[2020.12.27-15.00.50:530][537]LogOnline: OSS: Creating online subsystem instance for: :Context_3
[2020.12.27-15.00.50:539][537]PIE: Server logged in
[2020.12.27-15.00.50:540][537]PIE: Play in editor total start time 0.065 seconds.
[2020.12.27-15.00.50:540][537]LogBlueprintUserMessages: [RTSGamestate_C_0] 5
[2020.12.27-15.01.10:535][929]LogSlate: Updating window title bar state: overlay mode, drag disabled, window buttons hidden, title bar hidden
[2020.12.27-15.01.10:535][929]LogWorld: BeginTearingDown for /Game/Levels/UEDPIE_0_BetaLevel_GameplayTest
[2020.12.27-15.01.10:535][929]LogWorld: UWorld::CleanupWorld for BetaLevel_GameplayTest, bSessionEnded=true, bCleanupResources=true
[2020.12.27-15.01.10:535][929]LogSlate: InvalidateAllWidgets triggered.  All widgets were invalidated
[2020.12.27-15.01.10:545][929]LogPlayLevel: Display: Shutting down PIE online subsystems
[2020.12.27-15.01.10:546][929]LogSlate: InvalidateAllWidgets triggered.  All widgets were invalidated
[2020.12.27-15.01.10:557][929]LogSlate: Updating window title bar state: overlay mode, drag disabled, window buttons hidden, title bar hidden
[2020.12.27-15.01.10:571][929]LogAISub: UAISubsystem::~UAISubsystem AIPerceptionSystem (000001F59EA03380), frame # 3929
[2020.12.27-15.01.10:571][929]LogAISub: UAISubsystem::~UAISubsystem EnvQueryManager (000001F5B98B7C00), frame # 3929
[2020.12.27-15.01.10:572][929]LogUObjectHash: Compacting FUObjectHashTables data took   0.68ms
[2020.12.27-15.01.10:597][930]LogPlayLevel: Display: Destroying online subsystem :Context_3
[2020.12.27-15.01.13:414][258]LogAssetEditorSubsystem: Opening Asset editor for WidgetBlueprint /Game/HUDS/BluePrints/MainUI_HUD.MainUI_HUD
[2020.12.27-15.01.13:579][258]LogContentBrowser: Native class hierarchy updated for 'BlueprintGraph' in 0.0006 seconds. Added 125 classes and 0 folders.
[2020.12.27-15.01.14:582][258]LogSlate: Took 0.000260 seconds to synchronously load lazily loaded font '../../../Engine/Content/Slate/Fonts/Roboto-BoldCondensed.ttf' (158K)
[2020.12.27-15.02.09:407][871]LogSlate: Window 'Color Picker' being destroyed
[2020.12.27-15.02.15:868][410]LogSlate: Window 'Color Picker' being destroyed
[2020.12.27-15.02.21:369][868]LogSlate: Window 'Color Picker' being destroyed
[2020.12.27-15.02.23:557][ 55]BlueprintLog: New page: Compile MainUI_HUD
[2020.12.27-15.02.23:648][ 55]LogUObjectHash: Compacting FUObjectHashTables data took   3.67ms
[2020.12.27-15.02.23:732][ 55]Cmd: OBJ SAVEPACKAGE PACKAGE="/Game/HUDS/BluePrints/MainUI_HUD" FILE="C:/Users/Sam Swift/Documents/GitHub/Everyware/Covid_Aware_Project/Content/HUDS/BluePrints/MainUI_HUD.uasset" SILENT=true
[2020.12.27-15.02.23:880][ 55]LogSavePackage: Moving 'C:/Users/Sam Swift/Documents/GitHub/Everyware/Covid_Aware_Project/Saved/MainUI_HUD609E3765480D1A5B28907BAA11591FC9.tmp' to 'C:/Users/Sam Swift/Documents/GitHub/Everyware/Covid_Aware_Project/Content/HUDS/BluePrints/MainUI_HUD.uasset'
[2020.12.27-15.02.23:893][ 55]AssetCheck: New page: Asset Save: MainUI_HUD
[2020.12.27-15.02.23:894][ 55]LogContentValidation: Display: Validating WidgetBlueprint /Game/HUDS/BluePrints/MainUI_HUD.MainUI_HUD
[2020.12.27-15.02.24:181][ 75]Cmd: OBJ SAVEPACKAGE PACKAGE="/Game/HUDS/BluePrints/MainUI_HUD" FILE="C:/Users/Sam Swift/Documents/GitHub/Everyware/Covid_Aware_Project/Content/HUDS/BluePrints/MainUI_HUD.uasset" SILENT=true
[2020.12.27-15.02.24:322][ 75]LogSavePackage: Moving 'C:/Users/Sam Swift/Documents/GitHub/Everyware/Covid_Aware_Project/Saved/MainUI_HUDC4774D85470F2F2505C75682081A0122.tmp' to 'C:/Users/Sam Swift/Documents/GitHub/Everyware/Covid_Aware_Project/Content/HUDS/BluePrints/MainUI_HUD.uasset'
[2020.12.27-15.02.24:335][ 75]AssetCheck: New page: Asset Save: MainUI_HUD
[2020.12.27-15.02.24:335][ 75]LogContentValidation: Display: Validating WidgetBlueprint /Game/HUDS/BluePrints/MainUI_HUD.MainUI_HUD
[2020.12.27-15.02.29:164][456]LogEditorTransaction: Undo Move Widget
[2020.12.27-15.03.11:351][141]BlueprintLog: New page: Compile MainUI_HUD
[2020.12.27-15.03.11:426][141]LogUObjectHash: Compacting FUObjectHashTables data took   3.45ms
[2020.12.27-15.03.11:485][141]Cmd: OBJ SAVEPACKAGE PACKAGE="/Game/HUDS/BluePrints/MainUI_HUD" FILE="C:/Users/Sam Swift/Documents/GitHub/Everyware/Covid_Aware_Project/Content/HUDS/BluePrints/MainUI_HUD.uasset" SILENT=true
[2020.12.27-15.03.11:633][141]LogSavePackage: Moving 'C:/Users/Sam Swift/Documents/GitHub/Everyware/Covid_Aware_Project/Saved/MainUI_HUD463B7D6849EB74A497277FBB6832BDE9.tmp' to 'C:/Users/Sam Swift/Documents/GitHub/Everyware/Covid_Aware_Project/Content/HUDS/BluePrints/MainUI_HUD.uasset'
[2020.12.27-15.03.11:647][141]AssetCheck: New page: Asset Save: MainUI_HUD
[2020.12.27-15.03.11:647][141]LogContentValidation: Display: Validating WidgetBlueprint /Game/HUDS/BluePrints/MainUI_HUD.MainUI_HUD
[2020.12.27-15.03.18:794][743]BlueprintLog: New page: Compile MainUI_HUD
[2020.12.27-15.03.18:868][743]LogUObjectHash: Compacting FUObjectHashTables data took   4.21ms
[2020.12.27-15.03.19:243][764]Cmd: OBJ SAVEPACKAGE PACKAGE="/Game/HUDS/BluePrints/MainUI_HUD" FILE="C:/Users/Sam Swift/Documents/GitHub/Everyware/Covid_Aware_Project/Content/HUDS/BluePrints/MainUI_HUD.uasset" SILENT=true
[2020.12.27-15.03.19:392][764]LogSavePackage: Moving 'C:/Users/Sam Swift/Documents/GitHub/Everyware/Covid_Aware_Project/Saved/MainUI_HUDA4AA495E423EE9FE756445A22D3B34C6.tmp' to 'C:/Users/Sam Swift/Documents/GitHub/Everyware/Covid_Aware_Project/Content/HUDS/BluePrints/MainUI_HUD.uasset'
[2020.12.27-15.03.19:405][764]AssetCheck: New page: Asset Save: MainUI_HUD
[2020.12.27-15.03.19:405][764]LogContentValidation: Display: Validating WidgetBlueprint /Game/HUDS/BluePrints/MainUI_HUD.MainUI_HUD
[2020.12.27-15.03.21:168][893]LogSlate: Took 0.000254 seconds to synchronously load lazily loaded font '../../../Engine/Content/Slate/Fonts/Roboto-Italic.ttf' (157K)
[2020.12.27-15.04.55:169][ 58]BlueprintLog: New page: Compile MainUI_HUD
[2020.12.27-15.04.55:246][ 58]LogUObjectHash: Compacting FUObjectHashTables data took   3.36ms
[2020.12.27-15.04.55:319][ 58]Cmd: OBJ SAVEPACKAGE PACKAGE="/Game/HUDS/BluePrints/MainUI_HUD" FILE="C:/Users/Sam Swift/Documents/GitHub/Everyware/Covid_Aware_Project/Content/HUDS/BluePrints/MainUI_HUD.uasset" SILENT=true
[2020.12.27-15.04.55:473][ 58]LogSavePackage: Moving 'C:/Users/Sam Swift/Documents/GitHub/Everyware/Covid_Aware_Project/Saved/MainUI_HUDAFD1C13C4D34D8D8C8F5C1A4FF926B6C.tmp' to 'C:/Users/Sam Swift/Documents/GitHub/Everyware/Covid_Aware_Project/Content/HUDS/BluePrints/MainUI_HUD.uasset'
[2020.12.27-15.04.55:489][ 58]AssetCheck: New page: Asset Save: MainUI_HUD
[2020.12.27-15.04.55:489][ 58]LogContentValidation: Display: Validating WidgetBlueprint /Game/HUDS/BluePrints/MainUI_HUD.MainUI_HUD
[2020.12.27-15.04.56:865][172]Cmd: OBJ SAVEPACKAGE PACKAGE="/Game/HUDS/BluePrints/MainUI_HUD" FILE="C:/Users/Sam Swift/Documents/GitHub/Everyware/Covid_Aware_Project/Content/HUDS/BluePrints/MainUI_HUD.uasset" SILENT=true
[2020.12.27-15.04.57:014][172]LogSavePackage: Moving 'C:/Users/Sam Swift/Documents/GitHub/Everyware/Covid_Aware_Project/Saved/MainUI_HUD7CC14B244E6583A35D314A9F9C371F0D.tmp' to 'C:/Users/Sam Swift/Documents/GitHub/Everyware/Covid_Aware_Project/Content/HUDS/BluePrints/MainUI_HUD.uasset'
[2020.12.27-15.04.57:029][172]AssetCheck: New page: Asset Save: MainUI_HUD
[2020.12.27-15.04.57:029][172]LogContentValidation: Display: Validating WidgetBlueprint /Game/HUDS/BluePrints/MainUI_HUD.MainUI_HUD
[2020.12.27-15.06.19:407][306]BlueprintLog: New page: Compile MainUI_HUD
[2020.12.27-15.06.19:492][306]LogUObjectHash: Compacting FUObjectHashTables data took   3.46ms
[2020.12.27-15.06.19:552][306]Cmd: OBJ SAVEPACKAGE PACKAGE="/Game/HUDS/BluePrints/MainUI_HUD" FILE="C:/Users/Sam Swift/Documents/GitHub/Everyware/Covid_Aware_Project/Content/HUDS/BluePrints/MainUI_HUD.uasset" SILENT=true
[2020.12.27-15.06.19:707][306]LogSavePackage: Moving 'C:/Users/Sam Swift/Documents/GitHub/Everyware/Covid_Aware_Project/Saved/MainUI_HUD345073204A557E7ED8C304B41BF6498F.tmp' to 'C:/Users/Sam Swift/Documents/GitHub/Everyware/Covid_Aware_Project/Content/HUDS/BluePrints/MainUI_HUD.uasset'
[2020.12.27-15.06.19:721][306]AssetCheck: New page: Asset Save: MainUI_HUD
[2020.12.27-15.06.19:721][306]LogContentValidation: Display: Validating WidgetBlueprint /Game/HUDS/BluePrints/MainUI_HUD.MainUI_HUD
[2020.12.27-15.06.20:150][338]Cmd: OBJ SAVEPACKAGE PACKAGE="/Game/HUDS/BluePrints/MainUI_HUD" FILE="C:/Users/Sam Swift/Documents/GitHub/Everyware/Covid_Aware_Project/Content/HUDS/BluePrints/MainUI_HUD.uasset" SILENT=true
[2020.12.27-15.06.20:307][338]LogSavePackage: Moving 'C:/Users/Sam Swift/Documents/GitHub/Everyware/Covid_Aware_Project/Saved/MainUI_HUDF02D6EB447D44EB8CA41D4ACA81258B3.tmp' to 'C:/Users/Sam Swift/Documents/GitHub/Everyware/Covid_Aware_Project/Content/HUDS/BluePrints/MainUI_HUD.uasset'
[2020.12.27-15.06.20:325][338]AssetCheck: New page: Asset Save: MainUI_HUD
[2020.12.27-15.06.20:325][338]LogContentValidation: Display: Validating WidgetBlueprint /Game/HUDS/BluePrints/MainUI_HUD.MainUI_HUD
[2020.12.27-15.06.21:884][459]LogTemp: Repeating last play command: Selected Viewport
[2020.12.27-15.06.21:902][459]LogPlayLevel: PlayLevel: No blueprints needed recompiling
[2020.12.27-15.06.21:902][459]PIE: New page: PIE session: BetaLevel_GameplayTest (27 Dec 2020, 15:06:21)
[2020.12.27-15.06.21:902][459]LogPlayLevel: Creating play world package: /Game/Levels/UEDPIE_0_BetaLevel_GameplayTest
[2020.12.27-15.06.21:909][459]LogPlayLevel: PIE: StaticDuplicateObject took: (0.006909s)
[2020.12.27-15.06.21:910][459]LogAIModule: Creating AISystem for world BetaLevel_GameplayTest
[2020.12.27-15.06.21:910][459]LogAISub: UAISubsystem::UAISubsystem EnvQueryManager (000001F609DF7000), frame # 32459
[2020.12.27-15.06.21:910][459]LogAISub: UAISubsystem::UAISubsystem AIPerceptionSystem (000001F60370BD80), frame # 32459
[2020.12.27-15.06.21:910][459]LogPlayLevel: PIE: World Init took: (0.000942s)
[2020.12.27-15.06.21:910][459]LogPlayLevel: PIE: Created PIE world by copying editor world from /Game/Levels/BetaLevel_GameplayTest.BetaLevel_GameplayTest to /Game/Levels/UEDPIE_0_BetaLevel_GameplayTest.BetaLevel_GameplayTest (0.007947s)
[2020.12.27-15.06.21:935][459]LogUObjectHash: Compacting FUObjectHashTables data took   3.21ms
[2020.12.27-15.06.21:936][459]LogAudioMixer: Display: Audio Mixer Platform Settings:
[2020.12.27-15.06.21:936][459]LogAudioMixer: Display: 	Sample Rate:						  48000
[2020.12.27-15.06.21:936][459]LogAudioMixer: Display: 	Callback Buffer Frame Size Requested: 1024
[2020.12.27-15.06.21:936][459]LogAudioMixer: Display: 	Callback Buffer Frame Size To Use:	  1024
[2020.12.27-15.06.21:936][459]LogAudioMixer: Display: 	Number of buffers to queue:			  2
[2020.12.27-15.06.21:936][459]LogAudioMixer: Display: 	Max Channels (voices):				  32
[2020.12.27-15.06.21:936][459]LogAudioMixer: Display: 	Number of Async Source Workers:		  0
[2020.12.27-15.06.21:936][459]LogAudio: Display: AudioDevice MaxSources: 32
[2020.12.27-15.06.21:937][459]LogAudio: Display: Using built-in audio occlusion.
[2020.12.27-15.06.21:937][459]LogAudioMixer: Display: Initializing audio mixer.
[2020.12.27-15.06.21:939][459]LogAudioMixer: Display: 0: FrontLeft
[2020.12.27-15.06.21:940][459]LogAudioMixer: Display: 1: FrontRight
[2020.12.27-15.06.21:951][459]LogAudioMixer: Display: Using Audio Device Speakers (High Definition Audio Device)
[2020.12.27-15.06.21:951][459]LogAudioMixer: Display: Initializing Sound Submixes...
[2020.12.27-15.06.21:952][459]LogAudioMixer: Display: Creating Master Submix 'MasterSubmixDefault'
[2020.12.27-15.06.21:952][459]LogAudioMixer: Display: Creating Master Submix 'MasterReverbSubmixDefault'
[2020.12.27-15.06.21:952][459]LogAudioMixer: Display: Creating Master Submix 'MasterEQSubmixDefault'
[2020.12.27-15.06.21:962][459]LogInit: FAudioDevice initialized.
[2020.12.27-15.06.21:966][459]LogLoad: Game class is 'RTSGamemode_C'
[2020.12.27-15.06.21:969][459]LogWorld: Bringing World /Game/Levels/UEDPIE_0_BetaLevel_GameplayTest.BetaLevel_GameplayTest up for play (max tick rate 0) at 2020.12.27-15.06.21
[2020.12.27-15.06.21:969][459]LogWorld: Bringing up level for play took: 0.002121
[2020.12.27-15.06.21:969][459]LogOnline: OSS: Creating online subsystem instance for: :Context_6
[2020.12.27-15.06.21:979][459]PIE: Server logged in
[2020.12.27-15.06.21:980][459]PIE: Play in editor total start time 0.079 seconds.
[2020.12.27-15.06.21:980][459]LogBlueprintUserMessages: [RTSGamestate_C_0] 5
[2020.12.27-15.06.42:954][281]LogSlate: Updating window title bar state: overlay mode, drag disabled, window buttons hidden, title bar hidden
[2020.12.27-15.06.42:954][281]LogWorld: BeginTearingDown for /Game/Levels/UEDPIE_0_BetaLevel_GameplayTest
[2020.12.27-15.06.42:954][281]LogWorld: UWorld::CleanupWorld for BetaLevel_GameplayTest, bSessionEnded=true, bCleanupResources=true
[2020.12.27-15.06.42:955][281]LogSlate: InvalidateAllWidgets triggered.  All widgets were invalidated
[2020.12.27-15.06.42:961][281]LogPlayLevel: Display: Shutting down PIE online subsystems
[2020.12.27-15.06.42:965][281]LogSlate: InvalidateAllWidgets triggered.  All widgets were invalidated
[2020.12.27-15.06.42:999][281]LogSlate: Updating window title bar state: overlay mode, drag disabled, window buttons hidden, title bar hidden
[2020.12.27-15.06.43:000][281]LogAISub: UAISubsystem::~UAISubsystem AIPerceptionSystem (000001F60370BD80), frame # 34281
[2020.12.27-15.06.43:000][281]LogAISub: UAISubsystem::~UAISubsystem EnvQueryManager (000001F609DF7000), frame # 34281
[2020.12.27-15.06.43:003][281]LogUObjectHash: Compacting FUObjectHashTables data took   2.48ms
[2020.12.27-15.06.43:039][282]LogPlayLevel: Display: Destroying online subsystem :Context_6
[2020.12.27-15.06.59:579][708]LogEditorTransaction: Undo Move Widgets
[2020.12.27-15.07.29:268][182]BlueprintLog: New page: Compile MainUI_HUD
[2020.12.27-15.07.29:352][182]LogUObjectHash: Compacting FUObjectHashTables data took   3.52ms
[2020.12.27-15.07.29:412][182]Cmd: OBJ SAVEPACKAGE PACKAGE="/Game/HUDS/BluePrints/MainUI_HUD" FILE="C:/Users/Sam Swift/Documents/GitHub/Everyware/Covid_Aware_Project/Content/HUDS/BluePrints/MainUI_HUD.uasset" SILENT=true
[2020.12.27-15.07.29:569][182]LogSavePackage: Moving 'C:/Users/Sam Swift/Documents/GitHub/Everyware/Covid_Aware_Project/Saved/MainUI_HUD4C550594441F73A32A063FBBEF45F916.tmp' to 'C:/Users/Sam Swift/Documents/GitHub/Everyware/Covid_Aware_Project/Content/HUDS/BluePrints/MainUI_HUD.uasset'
[2020.12.27-15.07.29:581][182]AssetCheck: New page: Asset Save: MainUI_HUD
[2020.12.27-15.07.29:581][182]LogContentValidation: Display: Validating WidgetBlueprint /Game/HUDS/BluePrints/MainUI_HUD.MainUI_HUD
[2020.12.27-15.07.29:809][196]Cmd: OBJ SAVEPACKAGE PACKAGE="/Game/HUDS/BluePrints/MainUI_HUD" FILE="C:/Users/Sam Swift/Documents/GitHub/Everyware/Covid_Aware_Project/Content/HUDS/BluePrints/MainUI_HUD.uasset" SILENT=true
[2020.12.27-15.07.29:957][196]LogSavePackage: Moving 'C:/Users/Sam Swift/Documents/GitHub/Everyware/Covid_Aware_Project/Saved/MainUI_HUD719EF16B47A9300D102DAE870193D4F4.tmp' to 'C:/Users/Sam Swift/Documents/GitHub/Everyware/Covid_Aware_Project/Content/HUDS/BluePrints/MainUI_HUD.uasset'
[2020.12.27-15.07.29:971][196]AssetCheck: New page: Asset Save: MainUI_HUD
[2020.12.27-15.07.29:971][196]LogContentValidation: Display: Validating WidgetBlueprint /Game/HUDS/BluePrints/MainUI_HUD.MainUI_HUD
[2020.12.27-15.07.57:754][550]LogEditorTransaction: Undo Move Widget
[2020.12.27-15.09.01:911][246]LogEditorTransaction: Undo Move Widget
[2020.12.27-15.10.08:698][ 98]BlueprintLog: New page: Compile MainUI_HUD
[2020.12.27-15.10.08:800][ 98]LogUObjectHash: Compacting FUObjectHashTables data took   3.62ms
[2020.12.27-15.10.08:868][ 98]Cmd: OBJ SAVEPACKAGE PACKAGE="/Game/HUDS/BluePrints/MainUI_HUD" FILE="C:/Users/Sam Swift/Documents/GitHub/Everyware/Covid_Aware_Project/Content/HUDS/BluePrints/MainUI_HUD.uasset" SILENT=true
[2020.12.27-15.10.09:023][ 98]LogSavePackage: Moving 'C:/Users/Sam Swift/Documents/GitHub/Everyware/Covid_Aware_Project/Saved/MainUI_HUD286FD0054DBAED55CA230FB1A6F232FD.tmp' to 'C:/Users/Sam Swift/Documents/GitHub/Everyware/Covid_Aware_Project/Content/HUDS/BluePrints/MainUI_HUD.uasset'
[2020.12.27-15.10.09:036][ 98]AssetCheck: New page: Asset Save: MainUI_HUD
[2020.12.27-15.10.09:036][ 98]LogContentValidation: Display: Validating WidgetBlueprint /Game/HUDS/BluePrints/MainUI_HUD.MainUI_HUD
[2020.12.27-15.10.09:262][112]Cmd: OBJ SAVEPACKAGE PACKAGE="/Game/HUDS/BluePrints/MainUI_HUD" FILE="C:/Users/Sam Swift/Documents/GitHub/Everyware/Covid_Aware_Project/Content/HUDS/BluePrints/MainUI_HUD.uasset" SILENT=true
[2020.12.27-15.10.09:409][112]LogSavePackage: Moving 'C:/Users/Sam Swift/Documents/GitHub/Everyware/Covid_Aware_Project/Saved/MainUI_HUD5548E7B14233ABB8D709FA9EF7B646CD.tmp' to 'C:/Users/Sam Swift/Documents/GitHub/Everyware/Covid_Aware_Project/Content/HUDS/BluePrints/MainUI_HUD.uasset'
[2020.12.27-15.10.09:425][112]AssetCheck: New page: Asset Save: MainUI_HUD
[2020.12.27-15.10.09:425][112]LogContentValidation: Display: Validating WidgetBlueprint /Game/HUDS/BluePrints/MainUI_HUD.MainUI_HUD
[2020.12.27-15.10.54:070][851]LogRHI: Error: Present Fail Count 1
[2020.12.27-15.10.54:070][851]LogRHI: Error: SyncInterval 0
[2020.12.27-15.10.54:070][851]LogRHI: Error: SwapChainDesc.BufferDesc.Width 82
[2020.12.27-15.10.54:070][851]LogRHI: Error: SwapChainDesc.BufferDesc.Height 18
[2020.12.27-15.10.54:070][851]LogRHI: Error: SwapChainDesc.BufferDesc.RefreshRate.Numerator 0
[2020.12.27-15.10.54:070][851]LogRHI: Error: SwapChainDesc.BufferDesc.RefreshRate.Denominator 0
[2020.12.27-15.10.54:070][851]LogRHI: Error: SwapChainDesc.BufferDesc.Format 24
[2020.12.27-15.10.54:070][851]LogRHI: Error: SwapChainDesc.BufferDesc.ScanlineOrdering 0
[2020.12.27-15.10.54:070][851]LogRHI: Error: SwapChainDesc.BufferDesc.Scaling 0
[2020.12.27-15.10.54:070][851]LogRHI: Error: SwapChainDesc.SampleDesc.Count 1
[2020.12.27-15.10.54:070][851]LogRHI: Error: SwapChainDesc.SampleDesc.Quality 0
[2020.12.27-15.10.54:070][851]LogRHI: Error: SwapChainDesc.BufferUsage 48
[2020.12.27-15.10.54:070][851]LogRHI: Error: SwapChainDesc.BufferCount 2
[2020.12.27-15.10.54:070][851]LogRHI: Error: SwapChainDesc.OutputWindow 0000000000310820
[2020.12.27-15.10.54:070][851]LogRHI: Error: SwapChainDesc.Windowed true
[2020.12.27-15.10.54:070][851]LogRHI: Error: SwapChainDesc.SwapEffect 4
[2020.12.27-15.10.54:070][851]LogRHI: Error: SwapChainDesc.Flags 2050
[2020.12.27-15.10.54:070][851]LogD3D11RHI: Error: Result failed 
 at D:/Build/++UE4/Sync/Engine/Source/Runtime/Windows/D3D11RHI/Private/D3D11Query.cpp:348 
 with error DXGI_ERROR_DEVICE_REMOVED DXGI_ERROR_DRIVER_INTERNAL_ERROR
[2020.12.27-15.10.54:070][851]LogD3D11RHI: [Aftermath] GDynamicRHI=000001F5F87A00C0, GDX11NVAfterMathEnabled=0, Result=0xFFFFFFFF, bDeviceActive=0
[2020.12.27-15.10.54:070][851]LogWindows: Windows GetLastError: The operation completed successfully. (0)
[2020.12.27-15.11.01:213][851]LogWindows: FPlatformMisc::RequestExit(0)
[2020.12.27-15.11.01:213][851]LogCore: Engine exit requested (reason: Win RequestExit)
[2020.12.27-15.11.01:213][851]LogWindows: FPlatformMisc::RequestExit(1)
[2020.12.27-15.11.01:213][851]LogCore: Engine exit requested (reason: Win RequestExit; note: exit was already requested)
[2020.12.27-15.11.01:216][851]Log file closed, 12/27/20 15:11:01
